2025-05-18 17:27:26,808 INFO [main] a.t.b.BackendApplication] Application started
2025-05-18 17:27:26,872 INFO [restartedMain] a.t.b.BackendApplication] Application started
2025-05-18 17:30:01,177 INFO [main] a.t.b.BackendApplication] Application started
2025-05-18 17:30:01,237 INFO [restartedMain] a.t.b.BackendApplication] Application started
2025-06-03 21:48:17,458 INFO [main] o.s.t.c.s.AnnotationConfigContextLoaderUtils] Could not detect default configuration classes for test class [at.technikum.backend.TourControllerIntegrationTest]: TourControllerIntegrationTest does not declare any static, non-private, non-final, nested classes annotated with @Configuration.
2025-06-03 21:48:17,516 INFO [main] o.s.b.t.c.SpringBootTestContextBootstrapper] Found @SpringBootConfiguration at.technikum.backend.BackendApplication for test class at.technikum.backend.TourControllerIntegrationTest
2025-06-03 21:48:17,606 INFO [main] o.s.b.d.r.RestartApplicationListener] Restart disabled due to context in which it is running
2025-06-03 22:09:47,156 INFO [main] o.s.t.c.s.AnnotationConfigContextLoaderUtils] Could not detect default configuration classes for test class [at.technikum.backend.TourControllerIntegrationTest]: TourControllerIntegrationTest does not declare any static, non-private, non-final, nested classes annotated with @Configuration.
2025-06-03 22:09:47,210 INFO [main] o.s.b.t.c.SpringBootTestContextBootstrapper] Found @SpringBootConfiguration at.technikum.backend.BackendApplication for test class at.technikum.backend.TourControllerIntegrationTest
2025-06-03 22:09:47,285 INFO [main] o.s.b.d.r.RestartApplicationListener] Restart disabled due to context in which it is running
2025-06-19 16:16:17,368 INFO [main] o.s.t.c.s.AnnotationConfigContextLoaderUtils] Could not detect default configuration classes for test class [at.technikum.backend.TourControllerIntegrationTest]: TourControllerIntegrationTest does not declare any static, non-private, non-final, nested classes annotated with @Configuration.
2025-06-19 16:16:17,421 INFO [main] o.s.b.t.c.SpringBootTestContextBootstrapper] Found @SpringBootConfiguration at.technikum.backend.BackendApplication for test class at.technikum.backend.TourControllerIntegrationTest
2025-06-19 16:16:17,485 INFO [main] o.s.b.d.r.RestartApplicationListener] Restart disabled due to context in which it is running
2025-07-04 22:31:08,549 INFO [main] o.s.t.c.s.AnnotationConfigContextLoaderUtils] Could not detect default configuration classes for test class [at.technikum.backend.TourControllerIntegrationTest]: TourControllerIntegrationTest does not declare any static, non-private, non-final, nested classes annotated with @Configuration.
2025-07-04 22:31:08,605 INFO [main] o.s.b.t.c.SpringBootTestContextBootstrapper] Found @SpringBootConfiguration at.technikum.backend.BackendApplication for test class at.technikum.backend.TourControllerIntegrationTest
2025-07-04 22:31:08,681 INFO [main] o.s.b.d.r.RestartApplicationListener] Restart disabled due to context in which it is running
2025-07-04 22:41:49,707 INFO [main] o.s.t.c.s.AnnotationConfigContextLoaderUtils] Could not detect default configuration classes for test class [at.technikum.backend.TourControllerIntegrationTest]: TourControllerIntegrationTest does not declare any static, non-private, non-final, nested classes annotated with @Configuration.
2025-07-04 22:41:49,762 INFO [main] o.s.b.t.c.SpringBootTestContextBootstrapper] Found @SpringBootConfiguration at.technikum.backend.BackendApplication for test class at.technikum.backend.TourControllerIntegrationTest
2025-07-04 22:41:49,836 INFO [main] o.s.b.d.r.RestartApplicationListener] Restart disabled due to context in which it is running
2025-07-04 22:46:24,045 INFO [main] o.s.t.c.s.AnnotationConfigContextLoaderUtils] Could not detect default configuration classes for test class [at.technikum.backend.TourControllerIntegrationTest]: TourControllerIntegrationTest does not declare any static, non-private, non-final, nested classes annotated with @Configuration.
2025-07-04 22:46:24,099 INFO [main] o.s.b.t.c.SpringBootTestContextBootstrapper] Found @SpringBootConfiguration at.technikum.backend.BackendApplication for test class at.technikum.backend.TourControllerIntegrationTest
2025-07-04 22:46:24,175 INFO [main] o.s.b.d.r.RestartApplicationListener] Restart disabled due to context in which it is running
2025-07-04 22:47:17,581 INFO [main] o.s.t.c.s.AnnotationConfigContextLoaderUtils] Could not detect default configuration classes for test class [at.technikum.backend.TourControllerIntegrationTest]: TourControllerIntegrationTest does not declare any static, non-private, non-final, nested classes annotated with @Configuration.
2025-07-04 22:47:17,636 INFO [main] o.s.b.t.c.SpringBootTestContextBootstrapper] Found @SpringBootConfiguration at.technikum.backend.BackendApplication for test class at.technikum.backend.TourControllerIntegrationTest
2025-07-04 22:47:17,708 INFO [main] o.s.b.d.r.RestartApplicationListener] Restart disabled due to context in which it is running
2025-07-04 22:47:51,370 INFO [main] o.s.t.c.s.AnnotationConfigContextLoaderUtils] Could not detect default configuration classes for test class [at.technikum.backend.TourControllerIntegrationTest]: TourControllerIntegrationTest does not declare any static, non-private, non-final, nested classes annotated with @Configuration.
2025-07-04 22:47:51,426 INFO [main] o.s.b.t.c.SpringBootTestContextBootstrapper] Found @SpringBootConfiguration at.technikum.backend.BackendApplication for test class at.technikum.backend.TourControllerIntegrationTest
2025-07-04 22:47:51,498 INFO [main] o.s.b.d.r.RestartApplicationListener] Restart disabled due to context in which it is running
2025-07-04 22:48:29,095 INFO [main] o.s.t.c.s.AnnotationConfigContextLoaderUtils] Could not detect default configuration classes for test class [at.technikum.backend.TourControllerIntegrationTest]: TourControllerIntegrationTest does not declare any static, non-private, non-final, nested classes annotated with @Configuration.
2025-07-04 22:48:29,150 INFO [main] o.s.b.t.c.SpringBootTestContextBootstrapper] Found @SpringBootConfiguration at.technikum.backend.BackendApplication for test class at.technikum.backend.TourControllerIntegrationTest
2025-07-04 22:48:29,222 INFO [main] o.s.b.d.r.RestartApplicationListener] Restart disabled due to context in which it is running
2025-07-04 22:48:45,919 INFO [main] o.s.t.c.s.AnnotationConfigContextLoaderUtils] Could not detect default configuration classes for test class [at.technikum.backend.TourControllerIntegrationTest]: TourControllerIntegrationTest does not declare any static, non-private, non-final, nested classes annotated with @Configuration.
2025-07-04 22:48:45,975 INFO [main] o.s.b.t.c.SpringBootTestContextBootstrapper] Found @SpringBootConfiguration at.technikum.backend.BackendApplication for test class at.technikum.backend.TourControllerIntegrationTest
2025-07-04 22:48:46,047 INFO [main] o.s.b.d.r.RestartApplicationListener] Restart disabled due to context in which it is running
2025-07-04 22:48:51,482 INFO [main] o.s.t.c.s.AnnotationConfigContextLoaderUtils] Could not detect default configuration classes for test class [at.technikum.backend.TourControllerIntegrationTest]: TourControllerIntegrationTest does not declare any static, non-private, non-final, nested classes annotated with @Configuration.
2025-07-04 22:48:51,536 INFO [main] o.s.b.t.c.SpringBootTestContextBootstrapper] Found @SpringBootConfiguration at.technikum.backend.BackendApplication for test class at.technikum.backend.TourControllerIntegrationTest
2025-07-04 22:48:51,608 INFO [main] o.s.b.d.r.RestartApplicationListener] Restart disabled due to context in which it is running
2025-07-04 22:49:38,602 INFO [main] o.s.t.c.s.AnnotationConfigContextLoaderUtils] Could not detect default configuration classes for test class [at.technikum.backend.TourControllerIntegrationTest]: TourControllerIntegrationTest does not declare any static, non-private, non-final, nested classes annotated with @Configuration.
2025-07-04 22:49:38,657 INFO [main] o.s.b.t.c.SpringBootTestContextBootstrapper] Found @SpringBootConfiguration at.technikum.backend.BackendApplication for test class at.technikum.backend.TourControllerIntegrationTest
2025-07-04 22:49:38,730 INFO [main] o.s.b.d.r.RestartApplicationListener] Restart disabled due to context in which it is running
2025-07-04 23:01:29,275 INFO [main] o.s.t.c.s.AnnotationConfigContextLoaderUtils] Could not detect default configuration classes for test class [at.technikum.backend.TourControllerIntegrationTest]: TourControllerIntegrationTest does not declare any static, non-private, non-final, nested classes annotated with @Configuration.
2025-07-04 23:01:29,332 INFO [main] o.s.b.t.c.SpringBootTestContextBootstrapper] Found @SpringBootConfiguration at.technikum.backend.BackendApplication for test class at.technikum.backend.TourControllerIntegrationTest
2025-07-04 23:01:29,403 INFO [main] o.s.b.d.r.RestartApplicationListener] Restart disabled due to context in which it is running
2025-07-05 15:38:54,198 INFO [main] o.s.t.c.s.AnnotationConfigContextLoaderUtils] Could not detect default configuration classes for test class [at.technikum.backend.TourControllerIntegrationTest]: TourControllerIntegrationTest does not declare any static, non-private, non-final, nested classes annotated with @Configuration.
2025-07-05 15:38:54,257 INFO [main] o.s.b.t.c.SpringBootTestContextBootstrapper] Found @SpringBootConfiguration at.technikum.backend.BackendApplication for test class at.technikum.backend.TourControllerIntegrationTest
2025-07-05 15:38:54,348 INFO [main] o.s.b.d.r.RestartApplicationListener] Restart disabled due to context in which it is running
2025-07-05 17:27:09,756 INFO [main] o.s.t.c.s.AnnotationConfigContextLoaderUtils] Could not detect default configuration classes for test class [at.technikum.backend.TourControllerIntegrationTest]: TourControllerIntegrationTest does not declare any static, non-private, non-final, nested classes annotated with @Configuration.
2025-07-05 17:27:09,855 INFO [main] o.s.b.t.c.SpringBootTestContextBootstrapper] Found @SpringBootConfiguration at.technikum.backend.BackendApplication for test class at.technikum.backend.TourControllerIntegrationTest
2025-07-05 17:27:09,969 INFO [main] o.s.b.d.r.RestartApplicationListener] Restart disabled due to context in which it is running
2025-07-05 17:32:55,197 INFO [main] o.s.t.c.s.AnnotationConfigContextLoaderUtils] Could not detect default configuration classes for test class [at.technikum.backend.TourControllerIntegrationTest]: TourControllerIntegrationTest does not declare any static, non-private, non-final, nested classes annotated with @Configuration.
2025-07-05 17:34:30,988 INFO [main] o.s.t.c.s.AnnotationConfigContextLoaderUtils] Could not detect default configuration classes for test class [at.technikum.backend.TourControllerIntegrationTest]: TourControllerIntegrationTest does not declare any static, non-private, non-final, nested classes annotated with @Configuration.
2025-07-05 17:38:08,421 INFO [main] o.s.t.c.s.AnnotationConfigContextLoaderUtils] Could not detect default configuration classes for test class [at.technikum.backend.TourControllerIntegrationTest]: TourControllerIntegrationTest does not declare any static, non-private, non-final, nested classes annotated with @Configuration.
2025-07-05 17:38:37,749 INFO [main] o.s.t.c.s.AnnotationConfigContextLoaderUtils] Could not detect default configuration classes for test class [at.technikum.backend.TourControllerIntegrationTest]: TourControllerIntegrationTest does not declare any static, non-private, non-final, nested classes annotated with @Configuration.
2025-07-05 17:40:55,008 INFO [main] o.s.t.c.s.AnnotationConfigContextLoaderUtils] Could not detect default configuration classes for test class [at.technikum.backend.TourControllerIntegrationTest]: TourControllerIntegrationTest does not declare any static, non-private, non-final, nested classes annotated with @Configuration.
2025-07-05 17:42:38,302 INFO [main] o.s.t.c.s.AnnotationConfigContextLoaderUtils] Could not detect default configuration classes for test class [at.technikum.backend.TourControllerIntegrationTest]: TourControllerIntegrationTest does not declare any static, non-private, non-final, nested classes annotated with @Configuration.
2025-07-05 17:44:06,657 INFO [main] o.s.t.c.s.AnnotationConfigContextLoaderUtils] Could not detect default configuration classes for test class [at.technikum.backend.TourControllerIntegrationTest]: TourControllerIntegrationTest does not declare any static, non-private, non-final, nested classes annotated with @Configuration.
2025-07-05 17:44:11,737 INFO [main] o.s.t.c.s.AnnotationConfigContextLoaderUtils] Could not detect default configuration classes for test class [at.technikum.backend.TourControllerIntegrationTest]: TourControllerIntegrationTest does not declare any static, non-private, non-final, nested classes annotated with @Configuration.
2025-07-05 17:44:43,559 INFO [main] o.s.t.c.s.AnnotationConfigContextLoaderUtils] Could not detect default configuration classes for test class [at.technikum.backend.TourControllerIntegrationTest]: TourControllerIntegrationTest does not declare any static, non-private, non-final, nested classes annotated with @Configuration.
2025-07-05 17:45:59,726 INFO [main] o.s.b.d.r.RestartApplicationListener] Restart disabled due to context in which it is running
2025-07-05 17:47:47,848 INFO [main] o.s.b.d.r.RestartApplicationListener] Restart disabled due to context in which it is running
2025-07-05 17:48:03,026 INFO [main] o.s.t.c.s.AnnotationConfigContextLoaderUtils] Could not detect default configuration classes for test class [at.technikum.backend.TourControllerIntegrationTest]: TourControllerIntegrationTest does not declare any static, non-private, non-final, nested classes annotated with @Configuration.
2025-07-05 17:48:10,732 INFO [main] o.s.b.d.r.RestartApplicationListener] Restart disabled due to context in which it is running
2025-07-05 18:00:33,731 INFO [main] o.s.b.d.r.RestartApplicationListener] Restart disabled due to context in which it is running
2025-07-05 18:13:05,702 INFO [main] o.s.b.d.r.RestartApplicationListener] Restart disabled due to context in which it is running
2025-07-05 18:19:00,675 INFO [main] o.s.t.c.s.AnnotationConfigContextLoaderUtils] Could not detect default configuration classes for test class [at.technikum.backend.TourControllerIntegrationTest]: TourControllerIntegrationTest does not declare any static, non-private, non-final, nested classes annotated with @Configuration.
2025-07-05 18:19:00,727 INFO [main] o.s.b.t.c.SpringBootTestContextBootstrapper] Found @SpringBootConfiguration at.technikum.backend.BackendApplication for test class at.technikum.backend.TourControllerIntegrationTest
2025-07-05 18:19:00,799 INFO [main] o.s.b.d.r.RestartApplicationListener] Restart disabled due to context in which it is running
2025-07-05 20:11:26,257 INFO [main] o.s.t.c.s.AnnotationConfigContextLoaderUtils] Could not detect default configuration classes for test class [at.technikum.backend.TourControllerIntegrationTest]: TourControllerIntegrationTest does not declare any static, non-private, non-final, nested classes annotated with @Configuration.
2025-07-05 20:11:26,312 INFO [main] o.s.b.t.c.SpringBootTestContextBootstrapper] Found @SpringBootConfiguration at.technikum.backend.BackendApplication for test class at.technikum.backend.TourControllerIntegrationTest
2025-07-05 20:11:26,373 INFO [main] o.s.b.d.r.RestartApplicationListener] Restart disabled due to context in which it is running
2025-07-06 02:31:20,178 INFO [main] o.s.t.c.s.AnnotationConfigContextLoaderUtils] Could not detect default configuration classes for test class [at.technikum.backend.TourControllerIntegrationTest]: TourControllerIntegrationTest does not declare any static, non-private, non-final, nested classes annotated with @Configuration.
2025-07-06 02:31:20,231 INFO [main] o.s.b.t.c.SpringBootTestContextBootstrapper] Found @SpringBootConfiguration at.technikum.backend.BackendApplication for test class at.technikum.backend.TourControllerIntegrationTest
2025-07-06 02:31:20,305 INFO [main] o.s.b.d.r.RestartApplicationListener] Restart disabled due to context in which it is running
2025-07-06 14:36:44,768 INFO [main] o.s.t.c.s.AnnotationConfigContextLoaderUtils] Could not detect default configuration classes for test class [at.technikum.backend.TourControllerIntegrationTest]: TourControllerIntegrationTest does not declare any static, non-private, non-final, nested classes annotated with @Configuration.
2025-07-06 14:36:44,820 INFO [main] o.s.b.t.c.SpringBootTestContextBootstrapper] Found @SpringBootConfiguration at.technikum.backend.BackendApplication for test class at.technikum.backend.TourControllerIntegrationTest
2025-07-06 14:36:44,891 INFO [main] o.s.b.d.r.RestartApplicationListener] Restart disabled due to context in which it is running
2025-07-07 15:49:13,210 INFO [main] o.s.t.c.s.AnnotationConfigContextLoaderUtils] Could not detect default configuration classes for test class [at.technikum.backend.TourControllerIntegrationTest]: TourControllerIntegrationTest does not declare any static, non-private, non-final, nested classes annotated with @Configuration.
2025-07-07 15:49:13,267 INFO [main] o.s.b.t.c.SpringBootTestContextBootstrapper] Found @SpringBootConfiguration at.technikum.backend.BackendApplication for test class at.technikum.backend.TourControllerIntegrationTest
2025-07-07 15:49:13,329 INFO [main] o.s.b.d.r.RestartApplicationListener] Restart disabled due to context in which it is running
