2025-06-16 16:34:21,591 INFO [restartedMain] a.t.b.BackendApplication] Starting BackendApplication using Java 23.0.2 with PID 21167 (/home/karim/dev/CS-Bachelor/Semester-4/TourPlanner/backend/target/classes started by karim in /home/karim/dev/CS-Bachelor/Semester-4/TourPlanner/backend)
2025-06-16 16:34:21,593 INFO [restartedMain] a.t.b.BackendApplication] No active profile set, falling back to 1 default profile: "default"
2025-06-16 16:34:21,623 INFO [restartedMain] o.s.b.d.e.DevToolsPropertyDefaultsPostProcessor] Devtools property defaults active! Set 'spring.devtools.add-properties' to 'false' to disable
2025-06-16 16:34:21,623 INFO [restartedMain] o.s.b.d.e.DevToolsPropertyDefaultsPostProcessor] For additional web related logging consider setting the 'logging.level.web' property to 'DEBUG'
2025-06-16 16:34:21,630 INFO [restartedMain] o.s.b.d.c.l.DockerComposeLifecycleManager] Using Docker Compose file /home/karim/dev/CS-Bachelor/Semester-4/TourPlanner/compose.yaml
2025-06-16 16:34:21,904 INFO [OutputReader-stderr] o.s.b.d.c.c.DockerCli]  Network tourplanner_default  Creating
2025-06-16 16:34:21,980 INFO [OutputReader-stderr] o.s.b.d.c.c.DockerCli]  Network tourplanner_default  Created
2025-06-16 16:34:21,981 INFO [OutputReader-stderr] o.s.b.d.c.c.DockerCli]  Container tourplanner-postgres-1  Creating
2025-06-16 16:34:22,057 INFO [OutputReader-stderr] o.s.b.d.c.c.DockerCli]  Container tourplanner-postgres-1  Created
2025-06-16 16:34:22,058 INFO [OutputReader-stderr] o.s.b.d.c.c.DockerCli]  Container tourplanner-postgres-1  Starting
2025-06-16 16:34:22,104 INFO [OutputReader-stderr] o.s.b.d.c.c.DockerCli] Error response from daemon: driver failed programming external connectivity on endpoint tourplanner-postgres-1 (d4c4b20e856cc8b64e9f2781edcd029c97a5270a9eb6caf9fe9db45658688acc): Bind for 0.0.0.0:5432 failed: port is already allocated
2025-06-16 16:34:22,121 ERROR [restartedMain] o.s.b.SpringApplication] Application run failed
org.springframework.boot.docker.compose.core.ProcessExitException: 'docker compose --file /home/karim/dev/CS-Bachelor/Semester-4/TourPlanner/compose.yaml --ansi never up --no-color --detach --wait' failed with exit code 1.

Stdout:


Stderr:
 Network tourplanner_default  Creating
 Network tourplanner_default  Created
 Container tourplanner-postgres-1  Creating
 Container tourplanner-postgres-1  Created
 Container tourplanner-postgres-1  Starting
Error response from daemon: driver failed programming external connectivity on endpoint tourplanner-postgres-1 (d4c4b20e856cc8b64e9f2781edcd029c97a5270a9eb6caf9fe9db45658688acc): Bind for 0.0.0.0:5432 failed: port is already allocated

	at org.springframework.boot.docker.compose.core.ProcessRunner.run(ProcessRunner.java:97)
	at org.springframework.boot.docker.compose.core.DockerCli.run(DockerCli.java:81)
	at org.springframework.boot.docker.compose.core.DefaultDockerCompose.up(DefaultDockerCompose.java:56)
	at org.springframework.boot.docker.compose.lifecycle.StartCommand.applyTo(StartCommand.java:51)
	at org.springframework.boot.docker.compose.lifecycle.DockerComposeLifecycleManager.start(DockerComposeLifecycleManager.java:131)
	at org.springframework.boot.docker.compose.lifecycle.DockerComposeListener.onApplicationEvent(DockerComposeListener.java:53)
	at org.springframework.boot.docker.compose.lifecycle.DockerComposeListener.onApplicationEvent(DockerComposeListener.java:35)
	at org.springframework.context.event.SimpleApplicationEventMulticaster.doInvokeListener(SimpleApplicationEventMulticaster.java:185)
	at org.springframework.context.event.SimpleApplicationEventMulticaster.invokeListener(SimpleApplicationEventMulticaster.java:178)
	at org.springframework.context.event.SimpleApplicationEventMulticaster.multicastEvent(SimpleApplicationEventMulticaster.java:156)
	at org.springframework.context.event.SimpleApplicationEventMulticaster.multicastEvent(SimpleApplicationEventMulticaster.java:138)
	at org.springframework.boot.context.event.EventPublishingRunListener.multicastInitialEvent(EventPublishingRunListener.java:136)
	at org.springframework.boot.context.event.EventPublishingRunListener.contextLoaded(EventPublishingRunListener.java:98)
	at org.springframework.boot.SpringApplicationRunListeners.lambda$contextLoaded$4(SpringApplicationRunListeners.java:72)
	at java.base/java.lang.Iterable.forEach(Iterable.java:75)
	at org.springframework.boot.SpringApplicationRunListeners.doWithListeners(SpringApplicationRunListeners.java:118)
	at org.springframework.boot.SpringApplicationRunListeners.doWithListeners(SpringApplicationRunListeners.java:112)
	at org.springframework.boot.SpringApplicationRunListeners.contextLoaded(SpringApplicationRunListeners.java:72)
	at org.springframework.boot.SpringApplication.prepareContext(SpringApplication.java:416)
	at org.springframework.boot.SpringApplication.run(SpringApplication.java:317)
	at org.springframework.boot.SpringApplication.run(SpringApplication.java:1361)
	at org.springframework.boot.SpringApplication.run(SpringApplication.java:1350)
	at at.technikum.backend.BackendApplication.main(BackendApplication.java:16)
	at java.base/jdk.internal.reflect.DirectMethodHandleAccessor.invoke(DirectMethodHandleAccessor.java:103)
	at java.base/java.lang.reflect.Method.invoke(Method.java:580)
	at org.springframework.boot.devtools.restart.RestartLauncher.run(RestartLauncher.java:50)
