2025-07-04 22:41:49,939 INFO [main] a.t.b.TourControllerIntegrationTest] Starting TourControllerIntegrationTest using Java 23.0.2 with PID 91033 (started by karim in /home/karim/dev/CS-Bachelor/Semester-4/TourPlanner/backend)
2025-07-04 22:41:49,939 INFO [main] a.t.b.TourControllerIntegrationTest] No active profile set, falling back to 1 default profile: "default"
2025-07-04 22:41:50,124 INFO [main] o.s.d.r.c.RepositoryConfigurationDelegate] Bootstrapping Spring Data JPA repositories in DEFAULT mode.
2025-07-04 22:41:50,149 INFO [main] o.s.d.r.c.RepositoryConfigurationDelegate] Finished Spring Data repository scanning in 21 ms. Found 2 JPA repository interfaces.
2025-07-04 22:41:50,385 INFO [main] o.h.j.i.u.LogHelper] HHH000204: Processing PersistenceUnitInfo [name: default]
2025-07-04 22:41:50,404 INFO [main] o.h.Version] HHH000412: Hibernate ORM core version 6.6.11.Final
2025-07-04 22:41:50,422 INFO [main] o.h.c.i.RegionFactoryInitiator] HHH000026: Second-level cache disabled
2025-07-04 22:41:50,535 INFO [main] o.s.o.j.p.SpringPersistenceUnitInfo] No LoadTimeWeaver setup: ignoring JPA class transformer
2025-07-04 22:41:50,547 INFO [main] c.z.h.HikariDataSource] HikariPool-1 - Starting...
2025-07-04 22:41:50,621 INFO [main] c.z.h.p.HikariPool] HikariPool-1 - Added connection conn0: url=jdbc:h2:mem:83b1b047-6a52-405e-a09b-0e4db048c22b user=SA
2025-07-04 22:41:50,622 INFO [main] c.z.h.HikariDataSource] HikariPool-1 - Start completed.
2025-07-04 22:41:50,647 INFO [main] o.h.o.c.pooling] HHH10001005: Database info:
	Database JDBC URL [Connecting through datasource 'HikariDataSource (HikariPool-1)']
	Database driver: undefined/unknown
	Database version: 2.3.232
	Autocommit mode: undefined/unknown
	Isolation level: undefined/unknown
	Minimum pool size: undefined/unknown
	Maximum pool size: undefined/unknown
2025-07-04 22:41:50,983 INFO [main] o.h.e.t.j.p.i.JtaPlatformInitiator] HHH000489: No JTA platform available (set 'hibernate.transaction.jta.platform' to enable JTA platform integration)
2025-07-04 22:41:51,010 INFO [main] o.s.o.j.LocalContainerEntityManagerFactoryBean] Initialized JPA EntityManagerFactory for persistence unit 'default'
2025-07-04 22:41:51,172 WARN [main] o.s.b.a.o.j.JpaBaseConfiguration$JpaWebConfiguration] spring.jpa.open-in-view is enabled by default. Therefore, database queries may be performed during view rendering. Explicitly configure spring.jpa.open-in-view to disable this warning
2025-07-04 22:41:51,347 INFO [main] o.s.b.t.m.w.SpringBootMockServletContext] Initializing Spring TestDispatcherServlet ''
2025-07-04 22:41:51,347 INFO [main] o.s.t.w.s.TestDispatcherServlet] Initializing Servlet ''
2025-07-04 22:41:51,348 INFO [main] o.s.t.w.s.TestDispatcherServlet] Completed initialization in 1 ms
2025-07-04 22:41:51,360 INFO [main] a.t.b.TourControllerIntegrationTest] Started TourControllerIntegrationTest in 1.529 seconds (process running for 2.044)
2025-07-04 22:41:51,579 INFO [main] o.s.o.j.LocalContainerEntityManagerFactoryBean] Closing JPA EntityManagerFactory for persistence unit 'default'
2025-07-04 22:41:51,580 INFO [main] c.z.h.HikariDataSource] HikariPool-1 - Shutdown initiated...
2025-07-04 22:41:51,594 INFO [main] c.z.h.HikariDataSource] HikariPool-1 - Shutdown completed.
