2025-05-18 22:28:13,077 INFO [restartedMain] a.t.b.BackendApplication] Starting BackendApplication using Java 23.0.2 with PID 55104 (/home/karim/dev/CS-Bachelor/Semester-4/TourPlanner/backend/target/classes started by karim in /home/karim/dev/CS-Bachelor/Semester-4/TourPlanner/backend)
2025-05-18 22:28:13,079 INFO [restartedMain] a.t.b.BackendApplication] No active profile set, falling back to 1 default profile: "default"
2025-05-18 22:28:13,105 INFO [restartedMain] o.s.b.d.e.DevToolsPropertyDefaultsPostProcessor] Devtools property defaults active! Set 'spring.devtools.add-properties' to 'false' to disable
2025-05-18 22:28:13,105 INFO [restartedMain] o.s.b.d.e.DevToolsPropertyDefaultsPostProcessor] For additional web related logging consider setting the 'logging.level.web' property to 'DEBUG'
2025-05-18 22:28:13,114 INFO [restartedMain] o.s.b.d.c.l.DockerComposeLifecycleManager] Using Docker Compose file /home/karim/dev/CS-Bachelor/Semester-4/TourPlanner/compose.yaml
2025-05-18 22:28:13,426 INFO [OutputReader-stderr] o.s.b.d.c.c.DockerCli]  Container tourplanner-postgres-1  Created
2025-05-18 22:28:13,426 INFO [OutputReader-stderr] o.s.b.d.c.c.DockerCli]  Container tourplanner-postgres-1  Starting
2025-05-18 22:28:13,579 INFO [OutputReader-stderr] o.s.b.d.c.c.DockerCli]  Container tourplanner-postgres-1  Started
2025-05-18 22:28:13,580 INFO [OutputReader-stderr] o.s.b.d.c.c.DockerCli]  Container tourplanner-postgres-1  Waiting
2025-05-18 22:28:14,081 INFO [OutputReader-stderr] o.s.b.d.c.c.DockerCli]  Container tourplanner-postgres-1  Healthy
2025-05-18 22:28:14,539 INFO [restartedMain] o.s.d.r.c.RepositoryConfigurationDelegate] Bootstrapping Spring Data JPA repositories in DEFAULT mode.
2025-05-18 22:28:14,558 INFO [restartedMain] o.s.d.r.c.RepositoryConfigurationDelegate] Finished Spring Data repository scanning in 16 ms. Found 2 JPA repository interfaces.
2025-05-18 22:28:14,814 INFO [restartedMain] o.s.b.w.e.t.TomcatWebServer] Tomcat initialized with port 8080 (http)
2025-05-18 22:28:14,818 INFO [restartedMain] o.a.c.h.Http11NioProtocol] Initializing ProtocolHandler ["http-nio-8080"]
2025-05-18 22:28:14,819 INFO [restartedMain] o.a.c.c.StandardService] Starting service [Tomcat]
2025-05-18 22:28:14,819 INFO [restartedMain] o.a.c.c.StandardEngine] Starting Servlet engine: [Apache Tomcat/10.1.39]
2025-05-18 22:28:14,833 INFO [restartedMain] o.a.c.c.C.[.[.[/]] Initializing Spring embedded WebApplicationContext
2025-05-18 22:28:14,833 INFO [restartedMain] o.s.b.w.s.c.ServletWebServerApplicationContext] Root WebApplicationContext: initialization completed in 455 ms
2025-05-18 22:28:14,892 INFO [restartedMain] o.h.j.i.u.LogHelper] HHH000204: Processing PersistenceUnitInfo [name: default]
2025-05-18 22:28:14,907 INFO [restartedMain] o.h.Version] HHH000412: Hibernate ORM core version 6.6.11.Final
2025-05-18 22:28:14,921 INFO [restartedMain] o.h.c.i.RegionFactoryInitiator] HHH000026: Second-level cache disabled
2025-05-18 22:28:15,023 INFO [restartedMain] o.s.o.j.p.SpringPersistenceUnitInfo] No LoadTimeWeaver setup: ignoring JPA class transformer
2025-05-18 22:28:15,035 INFO [restartedMain] c.z.h.HikariDataSource] HikariPool-1 - Starting...
2025-05-18 22:28:15,098 INFO [restartedMain] c.z.h.p.HikariPool] HikariPool-1 - Added connection org.postgresql.jdbc.PgConnection@275a238
2025-05-18 22:28:15,098 INFO [restartedMain] c.z.h.HikariDataSource] HikariPool-1 - Start completed.
2025-05-18 22:28:15,124 INFO [restartedMain] o.h.o.c.pooling] HHH10001005: Database info:
	Database JDBC URL [Connecting through datasource 'HikariDataSource (HikariPool-1)']
	Database driver: undefined/unknown
	Database version: 17.4
	Autocommit mode: undefined/unknown
	Isolation level: undefined/unknown
	Minimum pool size: undefined/unknown
	Maximum pool size: undefined/unknown
2025-05-18 22:28:15,440 INFO [restartedMain] o.h.e.t.j.p.i.JtaPlatformInitiator] HHH000489: No JTA platform available (set 'hibernate.transaction.jta.platform' to enable JTA platform integration)
2025-05-18 22:28:15,509 INFO [restartedMain] o.s.o.j.LocalContainerEntityManagerFactoryBean] Initialized JPA EntityManagerFactory for persistence unit 'default'
2025-05-18 22:28:15,618 WARN [restartedMain] o.s.b.a.o.j.JpaBaseConfiguration$JpaWebConfiguration] spring.jpa.open-in-view is enabled by default. Therefore, database queries may be performed during view rendering. Explicitly configure spring.jpa.open-in-view to disable this warning
2025-05-18 22:28:15,711 INFO [restartedMain] o.s.b.a.h.H2ConsoleAutoConfiguration] H2 console available at '/h2-console'. Database available at 'jdbc:postgresql://127.0.0.1:5432/mydatabase?ApplicationName=backend'
2025-05-18 22:28:15,731 INFO [restartedMain] o.s.b.d.a.OptionalLiveReloadServer] LiveReload server is running on port 35729
2025-05-18 22:28:15,739 INFO [restartedMain] o.a.c.h.Http11NioProtocol] Starting ProtocolHandler ["http-nio-8080"]
2025-05-18 22:28:15,744 INFO [restartedMain] o.s.b.w.e.t.TomcatWebServer] Tomcat started on port 8080 (http) with context path '/'
2025-05-18 22:28:15,748 INFO [restartedMain] a.t.b.BackendApplication] Started BackendApplication in 2.811 seconds (process running for 3.15)
2025-05-18 22:28:18,381 INFO [http-nio-8080-exec-6] o.a.c.c.C.[.[.[/]] Initializing Spring DispatcherServlet 'dispatcherServlet'
2025-05-18 22:28:18,381 INFO [http-nio-8080-exec-6] o.s.w.s.DispatcherServlet] Initializing Servlet 'dispatcherServlet'
2025-05-18 22:28:18,382 INFO [http-nio-8080-exec-6] o.s.w.s.DispatcherServlet] Completed initialization in 1 ms
2025-05-19 01:25:09,449 INFO [SpringApplicationShutdownHook] o.s.b.w.e.t.GracefulShutdown] Commencing graceful shutdown. Waiting for active requests to complete
2025-05-19 01:25:09,451 INFO [tomcat-shutdown] o.s.b.w.e.t.GracefulShutdown] Graceful shutdown complete
2025-05-19 01:25:09,453 INFO [SpringApplicationShutdownHook] o.s.o.j.LocalContainerEntityManagerFactoryBean] Closing JPA EntityManagerFactory for persistence unit 'default'
2025-05-19 01:25:09,459 WARN [SpringApplicationShutdownHook] o.s.b.f.s.DisposableBeanAdapter] Invocation of destroy method failed on bean with name 'inMemoryDatabaseShutdownExecutor': org.postgresql.util.PSQLException: ERROR: syntax error at or near "SHUTDOWN"
  Position: 1
2025-05-19 01:25:09,459 INFO [SpringApplicationShutdownHook] c.z.h.HikariDataSource] HikariPool-1 - Shutdown initiated...
2025-05-19 01:25:09,460 INFO [SpringApplicationShutdownHook] c.z.h.HikariDataSource] HikariPool-1 - Shutdown completed.
