2025-07-04 23:01:29,502 INFO [main] a.t.b.TourControllerIntegrationTest] Starting TourControllerIntegrationTest using Java 23.0.2 with PID 94256 (started by karim in /home/karim/dev/CS-Bachelor/Semester-4/TourPlanner/backend)
2025-07-04 23:01:29,502 INFO [main] a.t.b.TourControllerIntegrationTest] No active profile set, falling back to 1 default profile: "default"
2025-07-04 23:01:29,690 INFO [main] o.s.d.r.c.RepositoryConfigurationDelegate] Bootstrapping Spring Data JPA repositories in DEFAULT mode.
2025-07-04 23:01:29,717 INFO [main] o.s.d.r.c.RepositoryConfigurationDelegate] Finished Spring Data repository scanning in 21 ms. Found 2 JPA repository interfaces.
2025-07-04 23:01:29,949 INFO [main] o.h.j.i.u.LogHelper] HHH000204: Processing PersistenceUnitInfo [name: default]
2025-07-04 23:01:29,968 INFO [main] o.h.Version] HHH000412: Hibernate ORM core version 6.6.11.Final
2025-07-04 23:01:29,986 INFO [main] o.h.c.i.RegionFactoryInitiator] HHH000026: Second-level cache disabled
2025-07-04 23:01:30,093 INFO [main] o.s.o.j.p.SpringPersistenceUnitInfo] No LoadTimeWeaver setup: ignoring JPA class transformer
2025-07-04 23:01:30,105 INFO [main] c.z.h.HikariDataSource] HikariPool-1 - Starting...
2025-07-04 23:01:30,176 INFO [main] c.z.h.p.HikariPool] HikariPool-1 - Added connection conn0: url=jdbc:h2:mem:fb3735c2-ad80-4a81-9322-f9eee9520422 user=SA
2025-07-04 23:01:30,177 INFO [main] c.z.h.HikariDataSource] HikariPool-1 - Start completed.
2025-07-04 23:01:30,203 INFO [main] o.h.o.c.pooling] HHH10001005: Database info:
	Database JDBC URL [Connecting through datasource 'HikariDataSource (HikariPool-1)']
	Database driver: undefined/unknown
	Database version: 2.3.232
	Autocommit mode: undefined/unknown
	Isolation level: undefined/unknown
	Minimum pool size: undefined/unknown
	Maximum pool size: undefined/unknown
2025-07-04 23:01:30,539 INFO [main] o.h.e.t.j.p.i.JtaPlatformInitiator] HHH000489: No JTA platform available (set 'hibernate.transaction.jta.platform' to enable JTA platform integration)
2025-07-04 23:01:30,564 INFO [main] o.s.o.j.LocalContainerEntityManagerFactoryBean] Initialized JPA EntityManagerFactory for persistence unit 'default'
2025-07-04 23:01:30,724 WARN [main] o.s.b.a.o.j.JpaBaseConfiguration$JpaWebConfiguration] spring.jpa.open-in-view is enabled by default. Therefore, database queries may be performed during view rendering. Explicitly configure spring.jpa.open-in-view to disable this warning
2025-07-04 23:01:30,883 INFO [main] o.s.b.t.m.w.SpringBootMockServletContext] Initializing Spring TestDispatcherServlet ''
2025-07-04 23:01:30,883 INFO [main] o.s.t.w.s.TestDispatcherServlet] Initializing Servlet ''
2025-07-04 23:01:30,883 INFO [main] o.s.t.w.s.TestDispatcherServlet] Completed initialization in 0 ms
2025-07-04 23:01:30,895 INFO [main] a.t.b.TourControllerIntegrationTest] Started TourControllerIntegrationTest in 1.496 seconds (process running for 2.015)
2025-07-04 23:01:31,158 INFO [main] o.s.o.j.LocalContainerEntityManagerFactoryBean] Closing JPA EntityManagerFactory for persistence unit 'default'
2025-07-04 23:01:31,159 INFO [main] c.z.h.HikariDataSource] HikariPool-1 - Shutdown initiated...
2025-07-04 23:01:31,160 INFO [main] c.z.h.HikariDataSource] HikariPool-1 - Shutdown completed.
2025-07-04 23:01:31,167 INFO [main] o.s.b.d.r.RestartApplicationListener] Restart disabled due to context in which it is running
2025-07-04 23:01:31,183 INFO [main] a.t.b.TourControllerIntegrationTest] Starting TourControllerIntegrationTest using Java 23.0.2 with PID 94256 (started by karim in /home/karim/dev/CS-Bachelor/Semester-4/TourPlanner/backend)
2025-07-04 23:01:31,184 INFO [main] a.t.b.TourControllerIntegrationTest] No active profile set, falling back to 1 default profile: "default"
2025-07-04 23:01:31,231 INFO [main] o.s.d.r.c.RepositoryConfigurationDelegate] Bootstrapping Spring Data JPA repositories in DEFAULT mode.
2025-07-04 23:01:31,235 INFO [main] o.s.d.r.c.RepositoryConfigurationDelegate] Finished Spring Data repository scanning in 3 ms. Found 2 JPA repository interfaces.
2025-07-04 23:01:31,280 INFO [main] o.h.j.i.u.LogHelper] HHH000204: Processing PersistenceUnitInfo [name: default]
2025-07-04 23:01:31,281 INFO [main] o.h.c.i.RegionFactoryInitiator] HHH000026: Second-level cache disabled
2025-07-04 23:01:31,285 INFO [main] o.s.o.j.p.SpringPersistenceUnitInfo] No LoadTimeWeaver setup: ignoring JPA class transformer
2025-07-04 23:01:31,285 INFO [main] c.z.h.HikariDataSource] HikariPool-2 - Starting...
2025-07-04 23:01:31,287 INFO [main] c.z.h.p.HikariPool] HikariPool-2 - Added connection conn10: url=jdbc:h2:mem:a8606b81-4f63-4143-9d60-37edc1d48fa7 user=SA
2025-07-04 23:01:31,287 INFO [main] c.z.h.HikariDataSource] HikariPool-2 - Start completed.
2025-07-04 23:01:31,288 INFO [main] o.h.o.c.pooling] HHH10001005: Database info:
	Database JDBC URL [Connecting through datasource 'HikariDataSource (HikariPool-2)']
	Database driver: undefined/unknown
	Database version: 2.3.232
	Autocommit mode: undefined/unknown
	Isolation level: undefined/unknown
	Minimum pool size: undefined/unknown
	Maximum pool size: undefined/unknown
2025-07-04 23:01:31,316 INFO [main] o.h.e.t.j.p.i.JtaPlatformInitiator] HHH000489: No JTA platform available (set 'hibernate.transaction.jta.platform' to enable JTA platform integration)
2025-07-04 23:01:31,319 INFO [main] o.s.o.j.LocalContainerEntityManagerFactoryBean] Initialized JPA EntityManagerFactory for persistence unit 'default'
2025-07-04 23:01:31,349 WARN [main] o.s.b.a.o.j.JpaBaseConfiguration$JpaWebConfiguration] spring.jpa.open-in-view is enabled by default. Therefore, database queries may be performed during view rendering. Explicitly configure spring.jpa.open-in-view to disable this warning
2025-07-04 23:01:31,383 INFO [main] o.s.b.t.m.w.SpringBootMockServletContext] Initializing Spring TestDispatcherServlet ''
2025-07-04 23:01:31,383 INFO [main] o.s.t.w.s.TestDispatcherServlet] Initializing Servlet ''
2025-07-04 23:01:31,383 INFO [main] o.s.t.w.s.TestDispatcherServlet] Completed initialization in 0 ms
2025-07-04 23:01:31,386 INFO [main] a.t.b.TourControllerIntegrationTest] Started TourControllerIntegrationTest in 0.219 seconds (process running for 2.507)
2025-07-04 23:01:31,402 INFO [main] o.s.o.j.LocalContainerEntityManagerFactoryBean] Closing JPA EntityManagerFactory for persistence unit 'default'
2025-07-04 23:01:31,402 INFO [main] c.z.h.HikariDataSource] HikariPool-2 - Shutdown initiated...
2025-07-04 23:01:31,419 INFO [main] c.z.h.HikariDataSource] HikariPool-2 - Shutdown completed.
2025-07-04 23:01:31,421 INFO [main] o.s.b.d.r.RestartApplicationListener] Restart disabled due to context in which it is running
2025-07-04 23:01:31,433 INFO [main] a.t.b.TourControllerIntegrationTest] Starting TourControllerIntegrationTest using Java 23.0.2 with PID 94256 (started by karim in /home/karim/dev/CS-Bachelor/Semester-4/TourPlanner/backend)
2025-07-04 23:01:31,433 INFO [main] a.t.b.TourControllerIntegrationTest] No active profile set, falling back to 1 default profile: "default"
2025-07-04 23:01:31,470 INFO [main] o.s.d.r.c.RepositoryConfigurationDelegate] Bootstrapping Spring Data JPA repositories in DEFAULT mode.
2025-07-04 23:01:31,472 INFO [main] o.s.d.r.c.RepositoryConfigurationDelegate] Finished Spring Data repository scanning in 2 ms. Found 2 JPA repository interfaces.
2025-07-04 23:01:31,506 INFO [main] o.h.j.i.u.LogHelper] HHH000204: Processing PersistenceUnitInfo [name: default]
2025-07-04 23:01:31,507 INFO [main] o.h.c.i.RegionFactoryInitiator] HHH000026: Second-level cache disabled
2025-07-04 23:01:31,510 INFO [main] o.s.o.j.p.SpringPersistenceUnitInfo] No LoadTimeWeaver setup: ignoring JPA class transformer
2025-07-04 23:01:31,510 INFO [main] c.z.h.HikariDataSource] HikariPool-3 - Starting...
2025-07-04 23:01:31,512 INFO [main] c.z.h.p.HikariPool] HikariPool-3 - Added connection conn12: url=jdbc:h2:mem:bceee4cb-364d-42d1-8664-68aa11c34cb5 user=SA
2025-07-04 23:01:31,512 INFO [main] c.z.h.HikariDataSource] HikariPool-3 - Start completed.
2025-07-04 23:01:31,512 INFO [main] o.h.o.c.pooling] HHH10001005: Database info:
	Database JDBC URL [Connecting through datasource 'HikariDataSource (HikariPool-3)']
	Database driver: undefined/unknown
	Database version: 2.3.232
	Autocommit mode: undefined/unknown
	Isolation level: undefined/unknown
	Minimum pool size: undefined/unknown
	Maximum pool size: undefined/unknown
2025-07-04 23:01:31,537 INFO [main] o.h.e.t.j.p.i.JtaPlatformInitiator] HHH000489: No JTA platform available (set 'hibernate.transaction.jta.platform' to enable JTA platform integration)
2025-07-04 23:01:31,540 INFO [main] o.s.o.j.LocalContainerEntityManagerFactoryBean] Initialized JPA EntityManagerFactory for persistence unit 'default'
2025-07-04 23:01:31,561 WARN [main] o.s.b.a.o.j.JpaBaseConfiguration$JpaWebConfiguration] spring.jpa.open-in-view is enabled by default. Therefore, database queries may be performed during view rendering. Explicitly configure spring.jpa.open-in-view to disable this warning
2025-07-04 23:01:31,587 INFO [main] o.s.b.t.m.w.SpringBootMockServletContext] Initializing Spring TestDispatcherServlet ''
2025-07-04 23:01:31,587 INFO [main] o.s.t.w.s.TestDispatcherServlet] Initializing Servlet ''
2025-07-04 23:01:31,587 INFO [main] o.s.t.w.s.TestDispatcherServlet] Completed initialization in 0 ms
2025-07-04 23:01:31,589 INFO [main] a.t.b.TourControllerIntegrationTest] Started TourControllerIntegrationTest in 0.168 seconds (process running for 2.71)
2025-07-04 23:01:31,797 INFO [main] o.s.o.j.LocalContainerEntityManagerFactoryBean] Closing JPA EntityManagerFactory for persistence unit 'default'
2025-07-04 23:01:31,798 INFO [main] c.z.h.HikariDataSource] HikariPool-3 - Shutdown initiated...
2025-07-04 23:01:31,825 INFO [main] c.z.h.HikariDataSource] HikariPool-3 - Shutdown completed.
2025-07-04 23:01:31,827 INFO [main] o.s.b.d.r.RestartApplicationListener] Restart disabled due to context in which it is running
2025-07-04 23:01:31,838 INFO [main] a.t.b.TourControllerIntegrationTest] Starting TourControllerIntegrationTest using Java 23.0.2 with PID 94256 (started by karim in /home/karim/dev/CS-Bachelor/Semester-4/TourPlanner/backend)
2025-07-04 23:01:31,838 INFO [main] a.t.b.TourControllerIntegrationTest] No active profile set, falling back to 1 default profile: "default"
2025-07-04 23:01:31,872 INFO [main] o.s.d.r.c.RepositoryConfigurationDelegate] Bootstrapping Spring Data JPA repositories in DEFAULT mode.
2025-07-04 23:01:31,875 INFO [main] o.s.d.r.c.RepositoryConfigurationDelegate] Finished Spring Data repository scanning in 2 ms. Found 2 JPA repository interfaces.
2025-07-04 23:01:31,907 INFO [main] o.h.j.i.u.LogHelper] HHH000204: Processing PersistenceUnitInfo [name: default]
2025-07-04 23:01:31,908 INFO [main] o.h.c.i.RegionFactoryInitiator] HHH000026: Second-level cache disabled
2025-07-04 23:01:31,911 INFO [main] o.s.o.j.p.SpringPersistenceUnitInfo] No LoadTimeWeaver setup: ignoring JPA class transformer
2025-07-04 23:01:31,911 INFO [main] c.z.h.HikariDataSource] HikariPool-4 - Starting...
2025-07-04 23:01:31,913 INFO [main] c.z.h.p.HikariPool] HikariPool-4 - Added connection conn20: url=jdbc:h2:mem:d59c2871-975c-4e13-a3d8-7528db3c7e85 user=SA
2025-07-04 23:01:31,913 INFO [main] c.z.h.HikariDataSource] HikariPool-4 - Start completed.
2025-07-04 23:01:31,913 INFO [main] o.h.o.c.pooling] HHH10001005: Database info:
	Database JDBC URL [Connecting through datasource 'HikariDataSource (HikariPool-4)']
	Database driver: undefined/unknown
	Database version: 2.3.232
	Autocommit mode: undefined/unknown
	Isolation level: undefined/unknown
	Minimum pool size: undefined/unknown
	Maximum pool size: undefined/unknown
2025-07-04 23:01:31,938 INFO [main] o.h.e.t.j.p.i.JtaPlatformInitiator] HHH000489: No JTA platform available (set 'hibernate.transaction.jta.platform' to enable JTA platform integration)
2025-07-04 23:01:31,940 INFO [main] o.s.o.j.LocalContainerEntityManagerFactoryBean] Initialized JPA EntityManagerFactory for persistence unit 'default'
2025-07-04 23:01:31,960 WARN [main] o.s.b.a.o.j.JpaBaseConfiguration$JpaWebConfiguration] spring.jpa.open-in-view is enabled by default. Therefore, database queries may be performed during view rendering. Explicitly configure spring.jpa.open-in-view to disable this warning
2025-07-04 23:01:31,986 INFO [main] o.s.b.t.m.w.SpringBootMockServletContext] Initializing Spring TestDispatcherServlet ''
2025-07-04 23:01:31,986 INFO [main] o.s.t.w.s.TestDispatcherServlet] Initializing Servlet ''
2025-07-04 23:01:31,986 INFO [main] o.s.t.w.s.TestDispatcherServlet] Completed initialization in 0 ms
2025-07-04 23:01:31,990 INFO [main] a.t.b.TourControllerIntegrationTest] Started TourControllerIntegrationTest in 0.163 seconds (process running for 3.111)
2025-07-04 23:01:32,012 INFO [main] o.s.o.j.LocalContainerEntityManagerFactoryBean] Closing JPA EntityManagerFactory for persistence unit 'default'
2025-07-04 23:01:32,012 INFO [main] c.z.h.HikariDataSource] HikariPool-4 - Shutdown initiated...
2025-07-04 23:01:32,012 INFO [main] c.z.h.HikariDataSource] HikariPool-4 - Shutdown completed.
2025-07-04 23:01:32,014 INFO [main] o.s.b.d.r.RestartApplicationListener] Restart disabled due to context in which it is running
2025-07-04 23:01:32,025 INFO [main] a.t.b.TourControllerIntegrationTest] Starting TourControllerIntegrationTest using Java 23.0.2 with PID 94256 (started by karim in /home/karim/dev/CS-Bachelor/Semester-4/TourPlanner/backend)
2025-07-04 23:01:32,025 INFO [main] a.t.b.TourControllerIntegrationTest] No active profile set, falling back to 1 default profile: "default"
2025-07-04 23:01:32,057 INFO [main] o.s.d.r.c.RepositoryConfigurationDelegate] Bootstrapping Spring Data JPA repositories in DEFAULT mode.
2025-07-04 23:01:32,060 INFO [main] o.s.d.r.c.RepositoryConfigurationDelegate] Finished Spring Data repository scanning in 1 ms. Found 2 JPA repository interfaces.
2025-07-04 23:01:32,089 INFO [main] o.h.j.i.u.LogHelper] HHH000204: Processing PersistenceUnitInfo [name: default]
2025-07-04 23:01:32,090 INFO [main] o.h.c.i.RegionFactoryInitiator] HHH000026: Second-level cache disabled
2025-07-04 23:01:32,093 INFO [main] o.s.o.j.p.SpringPersistenceUnitInfo] No LoadTimeWeaver setup: ignoring JPA class transformer
2025-07-04 23:01:32,093 INFO [main] c.z.h.HikariDataSource] HikariPool-5 - Starting...
2025-07-04 23:01:32,095 INFO [main] c.z.h.p.HikariPool] HikariPool-5 - Added connection conn21: url=jdbc:h2:mem:59e5e455-5fb3-4dd5-9c42-a4c40336249c user=SA
2025-07-04 23:01:32,095 INFO [main] c.z.h.HikariDataSource] HikariPool-5 - Start completed.
2025-07-04 23:01:32,095 INFO [main] o.h.o.c.pooling] HHH10001005: Database info:
	Database JDBC URL [Connecting through datasource 'HikariDataSource (HikariPool-5)']
	Database driver: undefined/unknown
	Database version: 2.3.232
	Autocommit mode: undefined/unknown
	Isolation level: undefined/unknown
	Minimum pool size: undefined/unknown
	Maximum pool size: undefined/unknown
2025-07-04 23:01:32,117 INFO [main] o.h.e.t.j.p.i.JtaPlatformInitiator] HHH000489: No JTA platform available (set 'hibernate.transaction.jta.platform' to enable JTA platform integration)
2025-07-04 23:01:32,119 INFO [main] o.s.o.j.LocalContainerEntityManagerFactoryBean] Initialized JPA EntityManagerFactory for persistence unit 'default'
2025-07-04 23:01:32,137 WARN [main] o.s.b.a.o.j.JpaBaseConfiguration$JpaWebConfiguration] spring.jpa.open-in-view is enabled by default. Therefore, database queries may be performed during view rendering. Explicitly configure spring.jpa.open-in-view to disable this warning
2025-07-04 23:01:32,159 INFO [main] o.s.b.t.m.w.SpringBootMockServletContext] Initializing Spring TestDispatcherServlet ''
2025-07-04 23:01:32,159 INFO [main] o.s.t.w.s.TestDispatcherServlet] Initializing Servlet ''
2025-07-04 23:01:32,159 INFO [main] o.s.t.w.s.TestDispatcherServlet] Completed initialization in 0 ms
2025-07-04 23:01:32,162 INFO [main] a.t.b.TourControllerIntegrationTest] Started TourControllerIntegrationTest in 0.148 seconds (process running for 3.283)
2025-07-04 23:01:32,177 INFO [main] o.s.o.j.LocalContainerEntityManagerFactoryBean] Closing JPA EntityManagerFactory for persistence unit 'default'
2025-07-04 23:01:32,177 INFO [main] c.z.h.HikariDataSource] HikariPool-5 - Shutdown initiated...
2025-07-04 23:01:32,177 INFO [main] c.z.h.HikariDataSource] HikariPool-5 - Shutdown completed.
2025-07-04 23:01:32,179 INFO [main] o.s.b.d.r.RestartApplicationListener] Restart disabled due to context in which it is running
2025-07-04 23:01:32,189 INFO [main] a.t.b.TourControllerIntegrationTest] Starting TourControllerIntegrationTest using Java 23.0.2 with PID 94256 (started by karim in /home/karim/dev/CS-Bachelor/Semester-4/TourPlanner/backend)
2025-07-04 23:01:32,190 INFO [main] a.t.b.TourControllerIntegrationTest] No active profile set, falling back to 1 default profile: "default"
2025-07-04 23:01:32,227 INFO [main] o.s.d.r.c.RepositoryConfigurationDelegate] Bootstrapping Spring Data JPA repositories in DEFAULT mode.
2025-07-04 23:01:32,230 INFO [main] o.s.d.r.c.RepositoryConfigurationDelegate] Finished Spring Data repository scanning in 1 ms. Found 2 JPA repository interfaces.
2025-07-04 23:01:32,253 INFO [main] o.h.j.i.u.LogHelper] HHH000204: Processing PersistenceUnitInfo [name: default]
2025-07-04 23:01:32,254 INFO [main] o.h.c.i.RegionFactoryInitiator] HHH000026: Second-level cache disabled
2025-07-04 23:01:32,258 INFO [main] o.s.o.j.p.SpringPersistenceUnitInfo] No LoadTimeWeaver setup: ignoring JPA class transformer
2025-07-04 23:01:32,258 INFO [main] c.z.h.HikariDataSource] HikariPool-6 - Starting...
2025-07-04 23:01:32,260 INFO [main] c.z.h.p.HikariPool] HikariPool-6 - Added connection conn22: url=jdbc:h2:mem:9c7b3de6-8492-4728-be31-469589dd185a user=SA
2025-07-04 23:01:32,260 INFO [main] c.z.h.HikariDataSource] HikariPool-6 - Start completed.
2025-07-04 23:01:32,260 INFO [main] o.h.o.c.pooling] HHH10001005: Database info:
	Database JDBC URL [Connecting through datasource 'HikariDataSource (HikariPool-6)']
	Database driver: undefined/unknown
	Database version: 2.3.232
	Autocommit mode: undefined/unknown
	Isolation level: undefined/unknown
	Minimum pool size: undefined/unknown
	Maximum pool size: undefined/unknown
2025-07-04 23:01:32,284 INFO [main] o.h.e.t.j.p.i.JtaPlatformInitiator] HHH000489: No JTA platform available (set 'hibernate.transaction.jta.platform' to enable JTA platform integration)
2025-07-04 23:01:32,287 INFO [main] o.s.o.j.LocalContainerEntityManagerFactoryBean] Initialized JPA EntityManagerFactory for persistence unit 'default'
2025-07-04 23:01:32,305 WARN [main] o.s.b.a.o.j.JpaBaseConfiguration$JpaWebConfiguration] spring.jpa.open-in-view is enabled by default. Therefore, database queries may be performed during view rendering. Explicitly configure spring.jpa.open-in-view to disable this warning
2025-07-04 23:01:32,325 INFO [main] o.s.b.t.m.w.SpringBootMockServletContext] Initializing Spring TestDispatcherServlet ''
2025-07-04 23:01:32,326 INFO [main] o.s.t.w.s.TestDispatcherServlet] Initializing Servlet ''
2025-07-04 23:01:32,326 INFO [main] o.s.t.w.s.TestDispatcherServlet] Completed initialization in 0 ms
2025-07-04 23:01:32,328 INFO [main] a.t.b.TourControllerIntegrationTest] Started TourControllerIntegrationTest in 0.149 seconds (process running for 3.449)
2025-07-04 23:01:32,335 INFO [main] o.s.o.j.LocalContainerEntityManagerFactoryBean] Closing JPA EntityManagerFactory for persistence unit 'default'
2025-07-04 23:01:32,336 INFO [main] c.z.h.HikariDataSource] HikariPool-6 - Shutdown initiated...
2025-07-04 23:01:32,336 INFO [main] c.z.h.HikariDataSource] HikariPool-6 - Shutdown completed.
2025-07-04 23:01:32,338 INFO [main] o.s.b.d.r.RestartApplicationListener] Restart disabled due to context in which it is running
2025-07-04 23:01:32,347 INFO [main] a.t.b.TourControllerIntegrationTest] Starting TourControllerIntegrationTest using Java 23.0.2 with PID 94256 (started by karim in /home/karim/dev/CS-Bachelor/Semester-4/TourPlanner/backend)
2025-07-04 23:01:32,347 INFO [main] a.t.b.TourControllerIntegrationTest] No active profile set, falling back to 1 default profile: "default"
2025-07-04 23:01:32,374 INFO [main] o.s.d.r.c.RepositoryConfigurationDelegate] Bootstrapping Spring Data JPA repositories in DEFAULT mode.
2025-07-04 23:01:32,376 INFO [main] o.s.d.r.c.RepositoryConfigurationDelegate] Finished Spring Data repository scanning in 1 ms. Found 2 JPA repository interfaces.
2025-07-04 23:01:32,404 INFO [main] o.h.j.i.u.LogHelper] HHH000204: Processing PersistenceUnitInfo [name: default]
2025-07-04 23:01:32,404 INFO [main] o.h.c.i.RegionFactoryInitiator] HHH000026: Second-level cache disabled
2025-07-04 23:01:32,407 INFO [main] o.s.o.j.p.SpringPersistenceUnitInfo] No LoadTimeWeaver setup: ignoring JPA class transformer
2025-07-04 23:01:32,407 INFO [main] c.z.h.HikariDataSource] HikariPool-7 - Starting...
2025-07-04 23:01:32,408 INFO [main] c.z.h.p.HikariPool] HikariPool-7 - Added connection conn23: url=jdbc:h2:mem:bc42d74d-761d-4842-87ac-a2e0739ff45b user=SA
2025-07-04 23:01:32,408 INFO [main] c.z.h.HikariDataSource] HikariPool-7 - Start completed.
2025-07-04 23:01:32,409 INFO [main] o.h.o.c.pooling] HHH10001005: Database info:
	Database JDBC URL [Connecting through datasource 'HikariDataSource (HikariPool-7)']
	Database driver: undefined/unknown
	Database version: 2.3.232
	Autocommit mode: undefined/unknown
	Isolation level: undefined/unknown
	Minimum pool size: undefined/unknown
	Maximum pool size: undefined/unknown
2025-07-04 23:01:32,426 INFO [main] o.h.e.t.j.p.i.JtaPlatformInitiator] HHH000489: No JTA platform available (set 'hibernate.transaction.jta.platform' to enable JTA platform integration)
2025-07-04 23:01:32,429 INFO [main] o.s.o.j.LocalContainerEntityManagerFactoryBean] Initialized JPA EntityManagerFactory for persistence unit 'default'
2025-07-04 23:01:32,443 WARN [main] o.s.b.a.o.j.JpaBaseConfiguration$JpaWebConfiguration] spring.jpa.open-in-view is enabled by default. Therefore, database queries may be performed during view rendering. Explicitly configure spring.jpa.open-in-view to disable this warning
2025-07-04 23:01:32,461 INFO [main] o.s.b.t.m.w.SpringBootMockServletContext] Initializing Spring TestDispatcherServlet ''
2025-07-04 23:01:32,461 INFO [main] o.s.t.w.s.TestDispatcherServlet] Initializing Servlet ''
2025-07-04 23:01:32,461 INFO [main] o.s.t.w.s.TestDispatcherServlet] Completed initialization in 0 ms
2025-07-04 23:01:32,463 INFO [main] a.t.b.TourControllerIntegrationTest] Started TourControllerIntegrationTest in 0.125 seconds (process running for 3.584)
2025-07-04 23:01:32,468 INFO [main] o.s.o.j.LocalContainerEntityManagerFactoryBean] Closing JPA EntityManagerFactory for persistence unit 'default'
2025-07-04 23:01:32,468 INFO [main] c.z.h.HikariDataSource] HikariPool-7 - Shutdown initiated...
2025-07-04 23:01:32,469 INFO [main] c.z.h.HikariDataSource] HikariPool-7 - Shutdown completed.
2025-07-04 23:01:32,470 INFO [main] o.s.b.d.r.RestartApplicationListener] Restart disabled due to context in which it is running
2025-07-04 23:01:32,478 INFO [main] a.t.b.TourControllerIntegrationTest] Starting TourControllerIntegrationTest using Java 23.0.2 with PID 94256 (started by karim in /home/karim/dev/CS-Bachelor/Semester-4/TourPlanner/backend)
2025-07-04 23:01:32,478 INFO [main] a.t.b.TourControllerIntegrationTest] No active profile set, falling back to 1 default profile: "default"
2025-07-04 23:01:32,502 INFO [main] o.s.d.r.c.RepositoryConfigurationDelegate] Bootstrapping Spring Data JPA repositories in DEFAULT mode.
2025-07-04 23:01:32,503 INFO [main] o.s.d.r.c.RepositoryConfigurationDelegate] Finished Spring Data repository scanning in 1 ms. Found 2 JPA repository interfaces.
2025-07-04 23:01:32,525 INFO [main] o.h.j.i.u.LogHelper] HHH000204: Processing PersistenceUnitInfo [name: default]
2025-07-04 23:01:32,526 INFO [main] o.h.c.i.RegionFactoryInitiator] HHH000026: Second-level cache disabled
2025-07-04 23:01:32,528 INFO [main] o.s.o.j.p.SpringPersistenceUnitInfo] No LoadTimeWeaver setup: ignoring JPA class transformer
2025-07-04 23:01:32,529 INFO [main] c.z.h.HikariDataSource] HikariPool-8 - Starting...
2025-07-04 23:01:32,530 INFO [main] c.z.h.p.HikariPool] HikariPool-8 - Added connection conn24: url=jdbc:h2:mem:56e96535-09d5-47cf-9e70-34bb5b9a1299 user=SA
2025-07-04 23:01:32,530 INFO [main] c.z.h.HikariDataSource] HikariPool-8 - Start completed.
2025-07-04 23:01:32,530 INFO [main] o.h.o.c.pooling] HHH10001005: Database info:
	Database JDBC URL [Connecting through datasource 'HikariDataSource (HikariPool-8)']
	Database driver: undefined/unknown
	Database version: 2.3.232
	Autocommit mode: undefined/unknown
	Isolation level: undefined/unknown
	Minimum pool size: undefined/unknown
	Maximum pool size: undefined/unknown
2025-07-04 23:01:32,551 INFO [main] o.h.e.t.j.p.i.JtaPlatformInitiator] HHH000489: No JTA platform available (set 'hibernate.transaction.jta.platform' to enable JTA platform integration)
2025-07-04 23:01:32,554 INFO [main] o.s.o.j.LocalContainerEntityManagerFactoryBean] Initialized JPA EntityManagerFactory for persistence unit 'default'
2025-07-04 23:01:32,568 WARN [main] o.s.b.a.o.j.JpaBaseConfiguration$JpaWebConfiguration] spring.jpa.open-in-view is enabled by default. Therefore, database queries may be performed during view rendering. Explicitly configure spring.jpa.open-in-view to disable this warning
2025-07-04 23:01:32,586 INFO [main] o.s.b.t.m.w.SpringBootMockServletContext] Initializing Spring TestDispatcherServlet ''
2025-07-04 23:01:32,587 INFO [main] o.s.t.w.s.TestDispatcherServlet] Initializing Servlet ''
2025-07-04 23:01:32,587 INFO [main] o.s.t.w.s.TestDispatcherServlet] Completed initialization in 0 ms
2025-07-04 23:01:32,589 INFO [main] a.t.b.TourControllerIntegrationTest] Started TourControllerIntegrationTest in 0.118 seconds (process running for 3.71)
2025-07-04 23:01:32,597 INFO [main] o.s.o.j.LocalContainerEntityManagerFactoryBean] Closing JPA EntityManagerFactory for persistence unit 'default'
2025-07-04 23:01:32,598 INFO [main] c.z.h.HikariDataSource] HikariPool-8 - Shutdown initiated...
2025-07-04 23:01:32,598 INFO [main] c.z.h.HikariDataSource] HikariPool-8 - Shutdown completed.
