2025-07-05 17:47:47,963 INFO [main] a.t.b.TourControllerIntegrationTest] Starting TourControllerIntegrationTest using Java 23.0.2 with PID 75488 (started by karim in /home/karim/dev/CS-Bachelor/Semester-4/TourPlanner/backend)
2025-07-05 17:47:47,964 INFO [main] a.t.b.TourControllerIntegrationTest] No active profile set, falling back to 1 default profile: "default"
2025-07-05 17:47:48,153 INFO [main] o.s.d.r.c.RepositoryConfigurationDelegate] Bootstrapping Spring Data JPA repositories in DEFAULT mode.
2025-07-05 17:47:48,176 INFO [main] o.s.d.r.c.RepositoryConfigurationDelegate] Finished Spring Data repository scanning in 18 ms. Found 2 JPA repository interfaces.
2025-07-05 17:47:48,409 INFO [main] o.h.j.i.u.LogHelper] HHH000204: Processing PersistenceUnitInfo [name: default]
2025-07-05 17:47:48,429 INFO [main] o.h.Version] HHH000412: Hibernate ORM core version 6.6.11.Final
2025-07-05 17:47:48,446 INFO [main] o.h.c.i.RegionFactoryInitiator] HHH000026: Second-level cache disabled
2025-07-05 17:47:48,557 INFO [main] o.s.o.j.p.SpringPersistenceUnitInfo] No LoadTimeWeaver setup: ignoring JPA class transformer
2025-07-05 17:47:48,569 INFO [main] c.z.h.HikariDataSource] HikariPool-1 - Starting...
2025-07-05 17:47:48,646 INFO [main] c.z.h.p.HikariPool] HikariPool-1 - Added connection conn0: url=jdbc:h2:mem:5240d29a-e7c1-44f9-825e-1256e69f3bd0 user=SA
2025-07-05 17:47:48,646 INFO [main] c.z.h.HikariDataSource] HikariPool-1 - Start completed.
2025-07-05 17:47:48,669 INFO [main] o.h.o.c.pooling] HHH10001005: Database info:
	Database JDBC URL [Connecting through datasource 'HikariDataSource (HikariPool-1)']
	Database driver: undefined/unknown
	Database version: 2.3.232
	Autocommit mode: undefined/unknown
	Isolation level: undefined/unknown
	Minimum pool size: undefined/unknown
	Maximum pool size: undefined/unknown
2025-07-05 17:47:49,010 INFO [main] o.h.e.t.j.p.i.JtaPlatformInitiator] HHH000489: No JTA platform available (set 'hibernate.transaction.jta.platform' to enable JTA platform integration)
2025-07-05 17:47:49,036 INFO [main] o.s.o.j.LocalContainerEntityManagerFactoryBean] Initialized JPA EntityManagerFactory for persistence unit 'default'
2025-07-05 17:47:49,205 WARN [main] o.s.b.a.o.j.JpaBaseConfiguration$JpaWebConfiguration] spring.jpa.open-in-view is enabled by default. Therefore, database queries may be performed during view rendering. Explicitly configure spring.jpa.open-in-view to disable this warning
2025-07-05 17:47:49,383 INFO [main] o.s.b.t.m.w.SpringBootMockServletContext] Initializing Spring TestDispatcherServlet ''
2025-07-05 17:47:49,383 INFO [main] o.s.t.w.s.TestDispatcherServlet] Initializing Servlet ''
2025-07-05 17:47:49,383 INFO [main] o.s.t.w.s.TestDispatcherServlet] Completed initialization in 0 ms
2025-07-05 17:47:49,394 INFO [main] a.t.b.TourControllerIntegrationTest] Started TourControllerIntegrationTest in 1.553 seconds (process running for 2.053)
2025-07-05 17:47:49,649 INFO [main] o.s.o.j.LocalContainerEntityManagerFactoryBean] Closing JPA EntityManagerFactory for persistence unit 'default'
2025-07-05 17:47:49,650 INFO [main] c.z.h.HikariDataSource] HikariPool-1 - Shutdown initiated...
2025-07-05 17:47:49,651 INFO [main] c.z.h.HikariDataSource] HikariPool-1 - Shutdown completed.
2025-07-05 17:47:49,657 INFO [main] o.s.b.d.r.RestartApplicationListener] Restart disabled due to context in which it is running
2025-07-05 17:47:49,679 INFO [main] a.t.b.TourControllerIntegrationTest] Starting TourControllerIntegrationTest using Java 23.0.2 with PID 75488 (started by karim in /home/karim/dev/CS-Bachelor/Semester-4/TourPlanner/backend)
2025-07-05 17:47:49,679 INFO [main] a.t.b.TourControllerIntegrationTest] No active profile set, falling back to 1 default profile: "default"
2025-07-05 17:47:49,726 INFO [main] o.s.d.r.c.RepositoryConfigurationDelegate] Bootstrapping Spring Data JPA repositories in DEFAULT mode.
2025-07-05 17:47:49,729 INFO [main] o.s.d.r.c.RepositoryConfigurationDelegate] Finished Spring Data repository scanning in 2 ms. Found 2 JPA repository interfaces.
2025-07-05 17:47:49,778 INFO [main] o.h.j.i.u.LogHelper] HHH000204: Processing PersistenceUnitInfo [name: default]
2025-07-05 17:47:49,779 INFO [main] o.h.c.i.RegionFactoryInitiator] HHH000026: Second-level cache disabled
2025-07-05 17:47:49,783 INFO [main] o.s.o.j.p.SpringPersistenceUnitInfo] No LoadTimeWeaver setup: ignoring JPA class transformer
2025-07-05 17:47:49,783 INFO [main] c.z.h.HikariDataSource] HikariPool-2 - Starting...
2025-07-05 17:47:49,784 INFO [main] c.z.h.p.HikariPool] HikariPool-2 - Added connection conn10: url=jdbc:h2:mem:232532be-5d62-46fc-b398-ee72318803ef user=SA
2025-07-05 17:47:49,785 INFO [main] c.z.h.HikariDataSource] HikariPool-2 - Start completed.
2025-07-05 17:47:49,785 INFO [main] o.h.o.c.pooling] HHH10001005: Database info:
	Database JDBC URL [Connecting through datasource 'HikariDataSource (HikariPool-2)']
	Database driver: undefined/unknown
	Database version: 2.3.232
	Autocommit mode: undefined/unknown
	Isolation level: undefined/unknown
	Minimum pool size: undefined/unknown
	Maximum pool size: undefined/unknown
2025-07-05 17:47:49,810 INFO [main] o.h.e.t.j.p.i.JtaPlatformInitiator] HHH000489: No JTA platform available (set 'hibernate.transaction.jta.platform' to enable JTA platform integration)
2025-07-05 17:47:49,813 INFO [main] o.s.o.j.LocalContainerEntityManagerFactoryBean] Initialized JPA EntityManagerFactory for persistence unit 'default'
2025-07-05 17:47:49,841 WARN [main] o.s.b.a.o.j.JpaBaseConfiguration$JpaWebConfiguration] spring.jpa.open-in-view is enabled by default. Therefore, database queries may be performed during view rendering. Explicitly configure spring.jpa.open-in-view to disable this warning
2025-07-05 17:47:49,870 INFO [main] o.s.b.t.m.w.SpringBootMockServletContext] Initializing Spring TestDispatcherServlet ''
2025-07-05 17:47:49,870 INFO [main] o.s.t.w.s.TestDispatcherServlet] Initializing Servlet ''
2025-07-05 17:47:49,870 INFO [main] o.s.t.w.s.TestDispatcherServlet] Completed initialization in 0 ms
2025-07-05 17:47:49,873 INFO [main] a.t.b.TourControllerIntegrationTest] Started TourControllerIntegrationTest in 0.217 seconds (process running for 2.532)
2025-07-05 17:47:49,887 INFO [main] o.s.o.j.LocalContainerEntityManagerFactoryBean] Closing JPA EntityManagerFactory for persistence unit 'default'
2025-07-05 17:47:49,888 INFO [main] c.z.h.HikariDataSource] HikariPool-2 - Shutdown initiated...
2025-07-05 17:47:49,915 INFO [main] c.z.h.HikariDataSource] HikariPool-2 - Shutdown completed.
2025-07-05 17:47:49,918 INFO [main] o.s.b.d.r.RestartApplicationListener] Restart disabled due to context in which it is running
2025-07-05 17:47:49,928 INFO [main] a.t.b.TourControllerIntegrationTest] Starting TourControllerIntegrationTest using Java 23.0.2 with PID 75488 (started by karim in /home/karim/dev/CS-Bachelor/Semester-4/TourPlanner/backend)
2025-07-05 17:47:49,928 INFO [main] a.t.b.TourControllerIntegrationTest] No active profile set, falling back to 1 default profile: "default"
2025-07-05 17:47:49,964 INFO [main] o.s.d.r.c.RepositoryConfigurationDelegate] Bootstrapping Spring Data JPA repositories in DEFAULT mode.
2025-07-05 17:47:49,967 INFO [main] o.s.d.r.c.RepositoryConfigurationDelegate] Finished Spring Data repository scanning in 1 ms. Found 2 JPA repository interfaces.
2025-07-05 17:47:49,997 INFO [main] o.h.j.i.u.LogHelper] HHH000204: Processing PersistenceUnitInfo [name: default]
2025-07-05 17:47:49,998 INFO [main] o.h.c.i.RegionFactoryInitiator] HHH000026: Second-level cache disabled
2025-07-05 17:47:50,001 INFO [main] o.s.o.j.p.SpringPersistenceUnitInfo] No LoadTimeWeaver setup: ignoring JPA class transformer
2025-07-05 17:47:50,001 INFO [main] c.z.h.HikariDataSource] HikariPool-3 - Starting...
2025-07-05 17:47:50,003 INFO [main] c.z.h.p.HikariPool] HikariPool-3 - Added connection conn12: url=jdbc:h2:mem:ae3b7574-18d9-47f0-9f50-fe6d94a17928 user=SA
2025-07-05 17:47:50,003 INFO [main] c.z.h.HikariDataSource] HikariPool-3 - Start completed.
2025-07-05 17:47:50,003 INFO [main] o.h.o.c.pooling] HHH10001005: Database info:
	Database JDBC URL [Connecting through datasource 'HikariDataSource (HikariPool-3)']
	Database driver: undefined/unknown
	Database version: 2.3.232
	Autocommit mode: undefined/unknown
	Isolation level: undefined/unknown
	Minimum pool size: undefined/unknown
	Maximum pool size: undefined/unknown
2025-07-05 17:47:50,028 INFO [main] o.h.e.t.j.p.i.JtaPlatformInitiator] HHH000489: No JTA platform available (set 'hibernate.transaction.jta.platform' to enable JTA platform integration)
2025-07-05 17:47:50,031 INFO [main] o.s.o.j.LocalContainerEntityManagerFactoryBean] Initialized JPA EntityManagerFactory for persistence unit 'default'
2025-07-05 17:47:50,049 WARN [main] o.s.b.a.o.j.JpaBaseConfiguration$JpaWebConfiguration] spring.jpa.open-in-view is enabled by default. Therefore, database queries may be performed during view rendering. Explicitly configure spring.jpa.open-in-view to disable this warning
2025-07-05 17:47:50,071 INFO [main] o.s.b.t.m.w.SpringBootMockServletContext] Initializing Spring TestDispatcherServlet ''
2025-07-05 17:47:50,072 INFO [main] o.s.t.w.s.TestDispatcherServlet] Initializing Servlet ''
2025-07-05 17:47:50,072 INFO [main] o.s.t.w.s.TestDispatcherServlet] Completed initialization in 0 ms
2025-07-05 17:47:50,074 INFO [main] a.t.b.TourControllerIntegrationTest] Started TourControllerIntegrationTest in 0.156 seconds (process running for 2.733)
2025-07-05 17:47:50,266 INFO [main] o.s.o.j.LocalContainerEntityManagerFactoryBean] Closing JPA EntityManagerFactory for persistence unit 'default'
2025-07-05 17:47:50,266 INFO [main] c.z.h.HikariDataSource] HikariPool-3 - Shutdown initiated...
2025-07-05 17:47:50,286 INFO [main] c.z.h.HikariDataSource] HikariPool-3 - Shutdown completed.
2025-07-05 17:47:50,288 INFO [main] o.s.b.d.r.RestartApplicationListener] Restart disabled due to context in which it is running
2025-07-05 17:47:50,298 INFO [main] a.t.b.TourControllerIntegrationTest] Starting TourControllerIntegrationTest using Java 23.0.2 with PID 75488 (started by karim in /home/karim/dev/CS-Bachelor/Semester-4/TourPlanner/backend)
2025-07-05 17:47:50,298 INFO [main] a.t.b.TourControllerIntegrationTest] No active profile set, falling back to 1 default profile: "default"
2025-07-05 17:47:50,331 INFO [main] o.s.d.r.c.RepositoryConfigurationDelegate] Bootstrapping Spring Data JPA repositories in DEFAULT mode.
2025-07-05 17:47:50,337 INFO [main] o.s.d.r.c.RepositoryConfigurationDelegate] Finished Spring Data repository scanning in 1 ms. Found 2 JPA repository interfaces.
2025-07-05 17:47:50,366 INFO [main] o.h.j.i.u.LogHelper] HHH000204: Processing PersistenceUnitInfo [name: default]
2025-07-05 17:47:50,367 INFO [main] o.h.c.i.RegionFactoryInitiator] HHH000026: Second-level cache disabled
2025-07-05 17:47:50,370 INFO [main] o.s.o.j.p.SpringPersistenceUnitInfo] No LoadTimeWeaver setup: ignoring JPA class transformer
2025-07-05 17:47:50,370 INFO [main] c.z.h.HikariDataSource] HikariPool-4 - Starting...
2025-07-05 17:47:50,371 INFO [main] c.z.h.p.HikariPool] HikariPool-4 - Added connection conn19: url=jdbc:h2:mem:be0f9da3-b003-4765-9691-bc45e10b5783 user=SA
2025-07-05 17:47:50,372 INFO [main] c.z.h.HikariDataSource] HikariPool-4 - Start completed.
2025-07-05 17:47:50,372 INFO [main] o.h.o.c.pooling] HHH10001005: Database info:
	Database JDBC URL [Connecting through datasource 'HikariDataSource (HikariPool-4)']
	Database driver: undefined/unknown
	Database version: 2.3.232
	Autocommit mode: undefined/unknown
	Isolation level: undefined/unknown
	Minimum pool size: undefined/unknown
	Maximum pool size: undefined/unknown
2025-07-05 17:47:50,394 INFO [main] o.h.e.t.j.p.i.JtaPlatformInitiator] HHH000489: No JTA platform available (set 'hibernate.transaction.jta.platform' to enable JTA platform integration)
2025-07-05 17:47:50,396 INFO [main] o.s.o.j.LocalContainerEntityManagerFactoryBean] Initialized JPA EntityManagerFactory for persistence unit 'default'
2025-07-05 17:47:50,415 WARN [main] o.s.b.a.o.j.JpaBaseConfiguration$JpaWebConfiguration] spring.jpa.open-in-view is enabled by default. Therefore, database queries may be performed during view rendering. Explicitly configure spring.jpa.open-in-view to disable this warning
2025-07-05 17:47:50,440 INFO [main] o.s.b.t.m.w.SpringBootMockServletContext] Initializing Spring TestDispatcherServlet ''
2025-07-05 17:47:50,441 INFO [main] o.s.t.w.s.TestDispatcherServlet] Initializing Servlet ''
2025-07-05 17:47:50,441 INFO [main] o.s.t.w.s.TestDispatcherServlet] Completed initialization in 0 ms
2025-07-05 17:47:50,445 INFO [main] a.t.b.TourControllerIntegrationTest] Started TourControllerIntegrationTest in 0.157 seconds (process running for 3.104)
2025-07-05 17:47:50,469 INFO [main] o.s.o.j.LocalContainerEntityManagerFactoryBean] Closing JPA EntityManagerFactory for persistence unit 'default'
2025-07-05 17:47:50,469 INFO [main] c.z.h.HikariDataSource] HikariPool-4 - Shutdown initiated...
2025-07-05 17:47:50,470 INFO [main] c.z.h.HikariDataSource] HikariPool-4 - Shutdown completed.
2025-07-05 17:47:50,471 INFO [main] o.s.b.d.r.RestartApplicationListener] Restart disabled due to context in which it is running
2025-07-05 17:47:50,481 INFO [main] a.t.b.TourControllerIntegrationTest] Starting TourControllerIntegrationTest using Java 23.0.2 with PID 75488 (started by karim in /home/karim/dev/CS-Bachelor/Semester-4/TourPlanner/backend)
2025-07-05 17:47:50,481 INFO [main] a.t.b.TourControllerIntegrationTest] No active profile set, falling back to 1 default profile: "default"
2025-07-05 17:47:50,513 INFO [main] o.s.d.r.c.RepositoryConfigurationDelegate] Bootstrapping Spring Data JPA repositories in DEFAULT mode.
2025-07-05 17:47:50,516 INFO [main] o.s.d.r.c.RepositoryConfigurationDelegate] Finished Spring Data repository scanning in 1 ms. Found 2 JPA repository interfaces.
2025-07-05 17:47:50,544 INFO [main] o.h.j.i.u.LogHelper] HHH000204: Processing PersistenceUnitInfo [name: default]
2025-07-05 17:47:50,545 INFO [main] o.h.c.i.RegionFactoryInitiator] HHH000026: Second-level cache disabled
2025-07-05 17:47:50,548 INFO [main] o.s.o.j.p.SpringPersistenceUnitInfo] No LoadTimeWeaver setup: ignoring JPA class transformer
2025-07-05 17:47:50,548 INFO [main] c.z.h.HikariDataSource] HikariPool-5 - Starting...
2025-07-05 17:47:50,550 INFO [main] c.z.h.p.HikariPool] HikariPool-5 - Added connection conn20: url=jdbc:h2:mem:801c7934-0899-49e1-819f-d10c68ce29cb user=SA
2025-07-05 17:47:50,550 INFO [main] c.z.h.HikariDataSource] HikariPool-5 - Start completed.
2025-07-05 17:47:50,550 INFO [main] o.h.o.c.pooling] HHH10001005: Database info:
	Database JDBC URL [Connecting through datasource 'HikariDataSource (HikariPool-5)']
	Database driver: undefined/unknown
	Database version: 2.3.232
	Autocommit mode: undefined/unknown
	Isolation level: undefined/unknown
	Minimum pool size: undefined/unknown
	Maximum pool size: undefined/unknown
2025-07-05 17:47:50,574 INFO [main] o.h.e.t.j.p.i.JtaPlatformInitiator] HHH000489: No JTA platform available (set 'hibernate.transaction.jta.platform' to enable JTA platform integration)
2025-07-05 17:47:50,576 INFO [main] o.s.o.j.LocalContainerEntityManagerFactoryBean] Initialized JPA EntityManagerFactory for persistence unit 'default'
2025-07-05 17:47:50,595 WARN [main] o.s.b.a.o.j.JpaBaseConfiguration$JpaWebConfiguration] spring.jpa.open-in-view is enabled by default. Therefore, database queries may be performed during view rendering. Explicitly configure spring.jpa.open-in-view to disable this warning
2025-07-05 17:47:50,619 INFO [main] o.s.b.t.m.w.SpringBootMockServletContext] Initializing Spring TestDispatcherServlet ''
2025-07-05 17:47:50,619 INFO [main] o.s.t.w.s.TestDispatcherServlet] Initializing Servlet ''
2025-07-05 17:47:50,619 INFO [main] o.s.t.w.s.TestDispatcherServlet] Completed initialization in 0 ms
2025-07-05 17:47:50,621 INFO [main] a.t.b.TourControllerIntegrationTest] Started TourControllerIntegrationTest in 0.15 seconds (process running for 3.28)
2025-07-05 17:47:50,636 INFO [main] o.s.o.j.LocalContainerEntityManagerFactoryBean] Closing JPA EntityManagerFactory for persistence unit 'default'
2025-07-05 17:47:50,636 INFO [main] c.z.h.HikariDataSource] HikariPool-5 - Shutdown initiated...
2025-07-05 17:47:50,636 INFO [main] c.z.h.HikariDataSource] HikariPool-5 - Shutdown completed.
2025-07-05 17:47:50,638 INFO [main] o.s.b.d.r.RestartApplicationListener] Restart disabled due to context in which it is running
2025-07-05 17:47:50,648 INFO [main] a.t.b.TourControllerIntegrationTest] Starting TourControllerIntegrationTest using Java 23.0.2 with PID 75488 (started by karim in /home/karim/dev/CS-Bachelor/Semester-4/TourPlanner/backend)
2025-07-05 17:47:50,648 INFO [main] a.t.b.TourControllerIntegrationTest] No active profile set, falling back to 1 default profile: "default"
2025-07-05 17:47:50,680 INFO [main] o.s.d.r.c.RepositoryConfigurationDelegate] Bootstrapping Spring Data JPA repositories in DEFAULT mode.
2025-07-05 17:47:50,683 INFO [main] o.s.d.r.c.RepositoryConfigurationDelegate] Finished Spring Data repository scanning in 1 ms. Found 2 JPA repository interfaces.
2025-07-05 17:47:50,710 INFO [main] o.h.j.i.u.LogHelper] HHH000204: Processing PersistenceUnitInfo [name: default]
2025-07-05 17:47:50,711 INFO [main] o.h.c.i.RegionFactoryInitiator] HHH000026: Second-level cache disabled
2025-07-05 17:47:50,714 INFO [main] o.s.o.j.p.SpringPersistenceUnitInfo] No LoadTimeWeaver setup: ignoring JPA class transformer
2025-07-05 17:47:50,714 INFO [main] c.z.h.HikariDataSource] HikariPool-6 - Starting...
2025-07-05 17:47:50,715 INFO [main] c.z.h.p.HikariPool] HikariPool-6 - Added connection conn21: url=jdbc:h2:mem:56c6f060-9f2f-4be2-93c0-0c6d4f355ad6 user=SA
2025-07-05 17:47:50,715 INFO [main] c.z.h.HikariDataSource] HikariPool-6 - Start completed.
2025-07-05 17:47:50,716 INFO [main] o.h.o.c.pooling] HHH10001005: Database info:
	Database JDBC URL [Connecting through datasource 'HikariDataSource (HikariPool-6)']
	Database driver: undefined/unknown
	Database version: 2.3.232
	Autocommit mode: undefined/unknown
	Isolation level: undefined/unknown
	Minimum pool size: undefined/unknown
	Maximum pool size: undefined/unknown
2025-07-05 17:47:50,735 INFO [main] o.h.e.t.j.p.i.JtaPlatformInitiator] HHH000489: No JTA platform available (set 'hibernate.transaction.jta.platform' to enable JTA platform integration)
2025-07-05 17:47:50,737 INFO [main] o.s.o.j.LocalContainerEntityManagerFactoryBean] Initialized JPA EntityManagerFactory for persistence unit 'default'
2025-07-05 17:47:50,757 WARN [main] o.s.b.a.o.j.JpaBaseConfiguration$JpaWebConfiguration] spring.jpa.open-in-view is enabled by default. Therefore, database queries may be performed during view rendering. Explicitly configure spring.jpa.open-in-view to disable this warning
2025-07-05 17:47:50,783 INFO [main] o.s.b.t.m.w.SpringBootMockServletContext] Initializing Spring TestDispatcherServlet ''
2025-07-05 17:47:50,783 INFO [main] o.s.t.w.s.TestDispatcherServlet] Initializing Servlet ''
2025-07-05 17:47:50,784 INFO [main] o.s.t.w.s.TestDispatcherServlet] Completed initialization in 0 ms
2025-07-05 17:47:50,786 INFO [main] a.t.b.TourControllerIntegrationTest] Started TourControllerIntegrationTest in 0.148 seconds (process running for 3.445)
2025-07-05 17:47:50,793 INFO [main] o.s.o.j.LocalContainerEntityManagerFactoryBean] Closing JPA EntityManagerFactory for persistence unit 'default'
2025-07-05 17:47:50,793 INFO [main] c.z.h.HikariDataSource] HikariPool-6 - Shutdown initiated...
2025-07-05 17:47:50,794 INFO [main] c.z.h.HikariDataSource] HikariPool-6 - Shutdown completed.
2025-07-05 17:47:50,796 INFO [main] o.s.b.d.r.RestartApplicationListener] Restart disabled due to context in which it is running
2025-07-05 17:47:50,805 INFO [main] a.t.b.TourControllerIntegrationTest] Starting TourControllerIntegrationTest using Java 23.0.2 with PID 75488 (started by karim in /home/karim/dev/CS-Bachelor/Semester-4/TourPlanner/backend)
2025-07-05 17:47:50,806 INFO [main] a.t.b.TourControllerIntegrationTest] No active profile set, falling back to 1 default profile: "default"
2025-07-05 17:47:50,837 INFO [main] o.s.d.r.c.RepositoryConfigurationDelegate] Bootstrapping Spring Data JPA repositories in DEFAULT mode.
2025-07-05 17:47:50,839 INFO [main] o.s.d.r.c.RepositoryConfigurationDelegate] Finished Spring Data repository scanning in 1 ms. Found 2 JPA repository interfaces.
2025-07-05 17:47:50,865 INFO [main] o.h.j.i.u.LogHelper] HHH000204: Processing PersistenceUnitInfo [name: default]
2025-07-05 17:47:50,865 INFO [main] o.h.c.i.RegionFactoryInitiator] HHH000026: Second-level cache disabled
2025-07-05 17:47:50,868 INFO [main] o.s.o.j.p.SpringPersistenceUnitInfo] No LoadTimeWeaver setup: ignoring JPA class transformer
2025-07-05 17:47:50,868 INFO [main] c.z.h.HikariDataSource] HikariPool-7 - Starting...
2025-07-05 17:47:50,869 INFO [main] c.z.h.p.HikariPool] HikariPool-7 - Added connection conn22: url=jdbc:h2:mem:11e8ce9c-e049-400f-966c-8a9553538d69 user=SA
2025-07-05 17:47:50,870 INFO [main] c.z.h.HikariDataSource] HikariPool-7 - Start completed.
2025-07-05 17:47:50,870 INFO [main] o.h.o.c.pooling] HHH10001005: Database info:
	Database JDBC URL [Connecting through datasource 'HikariDataSource (HikariPool-7)']
	Database driver: undefined/unknown
	Database version: 2.3.232
	Autocommit mode: undefined/unknown
	Isolation level: undefined/unknown
	Minimum pool size: undefined/unknown
	Maximum pool size: undefined/unknown
2025-07-05 17:47:50,889 INFO [main] o.h.e.t.j.p.i.JtaPlatformInitiator] HHH000489: No JTA platform available (set 'hibernate.transaction.jta.platform' to enable JTA platform integration)
2025-07-05 17:47:50,892 INFO [main] o.s.o.j.LocalContainerEntityManagerFactoryBean] Initialized JPA EntityManagerFactory for persistence unit 'default'
2025-07-05 17:47:50,908 WARN [main] o.s.b.a.o.j.JpaBaseConfiguration$JpaWebConfiguration] spring.jpa.open-in-view is enabled by default. Therefore, database queries may be performed during view rendering. Explicitly configure spring.jpa.open-in-view to disable this warning
2025-07-05 17:47:50,930 INFO [main] o.s.b.t.m.w.SpringBootMockServletContext] Initializing Spring TestDispatcherServlet ''
2025-07-05 17:47:50,930 INFO [main] o.s.t.w.s.TestDispatcherServlet] Initializing Servlet ''
2025-07-05 17:47:50,930 INFO [main] o.s.t.w.s.TestDispatcherServlet] Completed initialization in 0 ms
2025-07-05 17:47:50,932 INFO [main] a.t.b.TourControllerIntegrationTest] Started TourControllerIntegrationTest in 0.136 seconds (process running for 3.591)
2025-07-05 17:47:50,937 INFO [main] o.s.o.j.LocalContainerEntityManagerFactoryBean] Closing JPA EntityManagerFactory for persistence unit 'default'
2025-07-05 17:47:50,938 INFO [main] c.z.h.HikariDataSource] HikariPool-7 - Shutdown initiated...
2025-07-05 17:47:50,938 INFO [main] c.z.h.HikariDataSource] HikariPool-7 - Shutdown completed.
2025-07-05 17:47:50,940 INFO [main] o.s.b.d.r.RestartApplicationListener] Restart disabled due to context in which it is running
2025-07-05 17:47:50,949 INFO [main] a.t.b.TourControllerIntegrationTest] Starting TourControllerIntegrationTest using Java 23.0.2 with PID 75488 (started by karim in /home/karim/dev/CS-Bachelor/Semester-4/TourPlanner/backend)
2025-07-05 17:47:50,949 INFO [main] a.t.b.TourControllerIntegrationTest] No active profile set, falling back to 1 default profile: "default"
2025-07-05 17:47:50,977 INFO [main] o.s.d.r.c.RepositoryConfigurationDelegate] Bootstrapping Spring Data JPA repositories in DEFAULT mode.
2025-07-05 17:47:50,978 INFO [main] o.s.d.r.c.RepositoryConfigurationDelegate] Finished Spring Data repository scanning in 1 ms. Found 2 JPA repository interfaces.
2025-07-05 17:47:51,005 INFO [main] o.h.j.i.u.LogHelper] HHH000204: Processing PersistenceUnitInfo [name: default]
2025-07-05 17:47:51,006 INFO [main] o.h.c.i.RegionFactoryInitiator] HHH000026: Second-level cache disabled
2025-07-05 17:47:51,009 INFO [main] o.s.o.j.p.SpringPersistenceUnitInfo] No LoadTimeWeaver setup: ignoring JPA class transformer
2025-07-05 17:47:51,009 INFO [main] c.z.h.HikariDataSource] HikariPool-8 - Starting...
2025-07-05 17:47:51,011 INFO [main] c.z.h.p.HikariPool] HikariPool-8 - Added connection conn23: url=jdbc:h2:mem:1734084c-500b-4988-bf33-cf6d34be2921 user=SA
2025-07-05 17:47:51,011 INFO [main] c.z.h.HikariDataSource] HikariPool-8 - Start completed.
2025-07-05 17:47:51,011 INFO [main] o.h.o.c.pooling] HHH10001005: Database info:
	Database JDBC URL [Connecting through datasource 'HikariDataSource (HikariPool-8)']
	Database driver: undefined/unknown
	Database version: 2.3.232
	Autocommit mode: undefined/unknown
	Isolation level: undefined/unknown
	Minimum pool size: undefined/unknown
	Maximum pool size: undefined/unknown
2025-07-05 17:47:51,032 INFO [main] o.h.e.t.j.p.i.JtaPlatformInitiator] HHH000489: No JTA platform available (set 'hibernate.transaction.jta.platform' to enable JTA platform integration)
2025-07-05 17:47:51,035 INFO [main] o.s.o.j.LocalContainerEntityManagerFactoryBean] Initialized JPA EntityManagerFactory for persistence unit 'default'
2025-07-05 17:47:51,052 WARN [main] o.s.b.a.o.j.JpaBaseConfiguration$JpaWebConfiguration] spring.jpa.open-in-view is enabled by default. Therefore, database queries may be performed during view rendering. Explicitly configure spring.jpa.open-in-view to disable this warning
2025-07-05 17:47:51,075 INFO [main] o.s.b.t.m.w.SpringBootMockServletContext] Initializing Spring TestDispatcherServlet ''
2025-07-05 17:47:51,075 INFO [main] o.s.t.w.s.TestDispatcherServlet] Initializing Servlet ''
2025-07-05 17:47:51,076 INFO [main] o.s.t.w.s.TestDispatcherServlet] Completed initialization in 0 ms
2025-07-05 17:47:51,079 INFO [main] a.t.b.TourControllerIntegrationTest] Started TourControllerIntegrationTest in 0.14 seconds (process running for 3.738)
2025-07-05 17:47:51,089 INFO [main] o.s.o.j.LocalContainerEntityManagerFactoryBean] Closing JPA EntityManagerFactory for persistence unit 'default'
2025-07-05 17:47:51,090 INFO [main] c.z.h.HikariDataSource] HikariPool-8 - Shutdown initiated...
2025-07-05 17:47:51,090 INFO [main] c.z.h.HikariDataSource] HikariPool-8 - Shutdown completed.
