2025-07-06 02:31:20,406 INFO [main] a.t.b.TourControllerIntegrationTest] Starting TourControllerIntegrationTest using Java 23.0.2 with PID 118147 (started by karim in /home/karim/dev/CS-Bachelor/Semester-4/TourPlanner/backend)
2025-07-06 02:31:20,407 INFO [main] a.t.b.TourControllerIntegrationTest] No active profile set, falling back to 1 default profile: "default"
2025-07-06 02:31:20,583 INFO [main] o.s.d.r.c.RepositoryConfigurationDelegate] Bootstrapping Spring Data JPA repositories in DEFAULT mode.
2025-07-06 02:31:20,606 INFO [main] o.s.d.r.c.RepositoryConfigurationDelegate] Finished Spring Data repository scanning in 19 ms. Found 2 JPA repository interfaces.
2025-07-06 02:31:20,847 INFO [main] o.h.j.i.u.LogHelper] HHH000204: Processing PersistenceUnitInfo [name: default]
2025-07-06 02:31:20,869 INFO [main] o.h.Version] HHH000412: Hibernate ORM core version 6.6.11.Final
2025-07-06 02:31:20,887 INFO [main] o.h.c.i.RegionFactoryInitiator] HHH000026: Second-level cache disabled
2025-07-06 02:31:20,991 INFO [main] o.s.o.j.p.SpringPersistenceUnitInfo] No LoadTimeWeaver setup: ignoring JPA class transformer
2025-07-06 02:31:21,002 INFO [main] c.z.h.HikariDataSource] HikariPool-1 - Starting...
2025-07-06 02:31:21,072 INFO [main] c.z.h.p.HikariPool] HikariPool-1 - Added connection conn0: url=jdbc:h2:mem:c6dc94c8-20d0-4539-9691-0869f0806851 user=SA
2025-07-06 02:31:21,073 INFO [main] c.z.h.HikariDataSource] HikariPool-1 - Start completed.
2025-07-06 02:31:21,096 INFO [main] o.h.o.c.pooling] HHH10001005: Database info:
	Database JDBC URL [Connecting through datasource 'HikariDataSource (HikariPool-1)']
	Database driver: undefined/unknown
	Database version: 2.3.232
	Autocommit mode: undefined/unknown
	Isolation level: undefined/unknown
	Minimum pool size: undefined/unknown
	Maximum pool size: undefined/unknown
2025-07-06 02:31:21,427 INFO [main] o.h.e.t.j.p.i.JtaPlatformInitiator] HHH000489: No JTA platform available (set 'hibernate.transaction.jta.platform' to enable JTA platform integration)
2025-07-06 02:31:21,453 INFO [main] o.s.o.j.LocalContainerEntityManagerFactoryBean] Initialized JPA EntityManagerFactory for persistence unit 'default'
2025-07-06 02:31:21,603 WARN [main] o.s.b.a.o.j.JpaBaseConfiguration$JpaWebConfiguration] spring.jpa.open-in-view is enabled by default. Therefore, database queries may be performed during view rendering. Explicitly configure spring.jpa.open-in-view to disable this warning
2025-07-06 02:31:21,758 INFO [main] o.s.b.t.m.w.SpringBootMockServletContext] Initializing Spring TestDispatcherServlet ''
2025-07-06 02:31:21,758 INFO [main] o.s.t.w.s.TestDispatcherServlet] Initializing Servlet ''
2025-07-06 02:31:21,759 INFO [main] o.s.t.w.s.TestDispatcherServlet] Completed initialization in 1 ms
2025-07-06 02:31:21,770 INFO [main] a.t.b.TourControllerIntegrationTest] Started TourControllerIntegrationTest in 1.47 seconds (process running for 1.986)
2025-07-06 02:31:22,028 INFO [main] o.s.o.j.LocalContainerEntityManagerFactoryBean] Closing JPA EntityManagerFactory for persistence unit 'default'
2025-07-06 02:31:22,029 INFO [main] c.z.h.HikariDataSource] HikariPool-1 - Shutdown initiated...
2025-07-06 02:31:22,030 INFO [main] c.z.h.HikariDataSource] HikariPool-1 - Shutdown completed.
2025-07-06 02:31:22,035 INFO [main] o.s.b.d.r.RestartApplicationListener] Restart disabled due to context in which it is running
2025-07-06 02:31:22,048 INFO [main] a.t.b.TourControllerIntegrationTest] Starting TourControllerIntegrationTest using Java 23.0.2 with PID 118147 (started by karim in /home/karim/dev/CS-Bachelor/Semester-4/TourPlanner/backend)
2025-07-06 02:31:22,048 INFO [main] a.t.b.TourControllerIntegrationTest] No active profile set, falling back to 1 default profile: "default"
2025-07-06 02:31:22,094 INFO [main] o.s.d.r.c.RepositoryConfigurationDelegate] Bootstrapping Spring Data JPA repositories in DEFAULT mode.
2025-07-06 02:31:22,098 INFO [main] o.s.d.r.c.RepositoryConfigurationDelegate] Finished Spring Data repository scanning in 2 ms. Found 2 JPA repository interfaces.
2025-07-06 02:31:22,144 INFO [main] o.h.j.i.u.LogHelper] HHH000204: Processing PersistenceUnitInfo [name: default]
2025-07-06 02:31:22,145 INFO [main] o.h.c.i.RegionFactoryInitiator] HHH000026: Second-level cache disabled
2025-07-06 02:31:22,149 INFO [main] o.s.o.j.p.SpringPersistenceUnitInfo] No LoadTimeWeaver setup: ignoring JPA class transformer
2025-07-06 02:31:22,149 INFO [main] c.z.h.HikariDataSource] HikariPool-2 - Starting...
2025-07-06 02:31:22,151 INFO [main] c.z.h.p.HikariPool] HikariPool-2 - Added connection conn10: url=jdbc:h2:mem:f35f5bc5-2fc1-45e5-b79c-627b7e12ad83 user=SA
2025-07-06 02:31:22,151 INFO [main] c.z.h.HikariDataSource] HikariPool-2 - Start completed.
2025-07-06 02:31:22,151 INFO [main] o.h.o.c.pooling] HHH10001005: Database info:
	Database JDBC URL [Connecting through datasource 'HikariDataSource (HikariPool-2)']
	Database driver: undefined/unknown
	Database version: 2.3.232
	Autocommit mode: undefined/unknown
	Isolation level: undefined/unknown
	Minimum pool size: undefined/unknown
	Maximum pool size: undefined/unknown
2025-07-06 02:31:22,178 INFO [main] o.h.e.t.j.p.i.JtaPlatformInitiator] HHH000489: No JTA platform available (set 'hibernate.transaction.jta.platform' to enable JTA platform integration)
2025-07-06 02:31:22,181 INFO [main] o.s.o.j.LocalContainerEntityManagerFactoryBean] Initialized JPA EntityManagerFactory for persistence unit 'default'
2025-07-06 02:31:22,205 WARN [main] o.s.b.a.o.j.JpaBaseConfiguration$JpaWebConfiguration] spring.jpa.open-in-view is enabled by default. Therefore, database queries may be performed during view rendering. Explicitly configure spring.jpa.open-in-view to disable this warning
2025-07-06 02:31:22,240 INFO [main] o.s.b.t.m.w.SpringBootMockServletContext] Initializing Spring TestDispatcherServlet ''
2025-07-06 02:31:22,241 INFO [main] o.s.t.w.s.TestDispatcherServlet] Initializing Servlet ''
2025-07-06 02:31:22,241 INFO [main] o.s.t.w.s.TestDispatcherServlet] Completed initialization in 0 ms
2025-07-06 02:31:22,244 INFO [main] a.t.b.TourControllerIntegrationTest] Started TourControllerIntegrationTest in 0.209 seconds (process running for 2.459)
2025-07-06 02:31:22,259 INFO [main] o.s.o.j.LocalContainerEntityManagerFactoryBean] Closing JPA EntityManagerFactory for persistence unit 'default'
2025-07-06 02:31:22,260 INFO [main] c.z.h.HikariDataSource] HikariPool-2 - Shutdown initiated...
2025-07-06 02:31:22,282 INFO [main] c.z.h.HikariDataSource] HikariPool-2 - Shutdown completed.
2025-07-06 02:31:22,285 INFO [main] o.s.b.d.r.RestartApplicationListener] Restart disabled due to context in which it is running
2025-07-06 02:31:22,296 INFO [main] a.t.b.TourControllerIntegrationTest] Starting TourControllerIntegrationTest using Java 23.0.2 with PID 118147 (started by karim in /home/karim/dev/CS-Bachelor/Semester-4/TourPlanner/backend)
2025-07-06 02:31:22,296 INFO [main] a.t.b.TourControllerIntegrationTest] No active profile set, falling back to 1 default profile: "default"
2025-07-06 02:31:22,332 INFO [main] o.s.d.r.c.RepositoryConfigurationDelegate] Bootstrapping Spring Data JPA repositories in DEFAULT mode.
2025-07-06 02:31:22,334 INFO [main] o.s.d.r.c.RepositoryConfigurationDelegate] Finished Spring Data repository scanning in 2 ms. Found 2 JPA repository interfaces.
2025-07-06 02:31:22,368 INFO [main] o.h.j.i.u.LogHelper] HHH000204: Processing PersistenceUnitInfo [name: default]
2025-07-06 02:31:22,369 INFO [main] o.h.c.i.RegionFactoryInitiator] HHH000026: Second-level cache disabled
2025-07-06 02:31:22,372 INFO [main] o.s.o.j.p.SpringPersistenceUnitInfo] No LoadTimeWeaver setup: ignoring JPA class transformer
2025-07-06 02:31:22,372 INFO [main] c.z.h.HikariDataSource] HikariPool-3 - Starting...
2025-07-06 02:31:22,373 INFO [main] c.z.h.p.HikariPool] HikariPool-3 - Added connection conn12: url=jdbc:h2:mem:3086dc0e-ed21-4854-901e-36c694c149e7 user=SA
2025-07-06 02:31:22,374 INFO [main] c.z.h.HikariDataSource] HikariPool-3 - Start completed.
2025-07-06 02:31:22,374 INFO [main] o.h.o.c.pooling] HHH10001005: Database info:
	Database JDBC URL [Connecting through datasource 'HikariDataSource (HikariPool-3)']
	Database driver: undefined/unknown
	Database version: 2.3.232
	Autocommit mode: undefined/unknown
	Isolation level: undefined/unknown
	Minimum pool size: undefined/unknown
	Maximum pool size: undefined/unknown
2025-07-06 02:31:22,398 INFO [main] o.h.e.t.j.p.i.JtaPlatformInitiator] HHH000489: No JTA platform available (set 'hibernate.transaction.jta.platform' to enable JTA platform integration)
2025-07-06 02:31:22,401 INFO [main] o.s.o.j.LocalContainerEntityManagerFactoryBean] Initialized JPA EntityManagerFactory for persistence unit 'default'
2025-07-06 02:31:22,420 WARN [main] o.s.b.a.o.j.JpaBaseConfiguration$JpaWebConfiguration] spring.jpa.open-in-view is enabled by default. Therefore, database queries may be performed during view rendering. Explicitly configure spring.jpa.open-in-view to disable this warning
2025-07-06 02:31:22,445 INFO [main] o.s.b.t.m.w.SpringBootMockServletContext] Initializing Spring TestDispatcherServlet ''
2025-07-06 02:31:22,445 INFO [main] o.s.t.w.s.TestDispatcherServlet] Initializing Servlet ''
2025-07-06 02:31:22,446 INFO [main] o.s.t.w.s.TestDispatcherServlet] Completed initialization in 1 ms
2025-07-06 02:31:22,448 INFO [main] a.t.b.TourControllerIntegrationTest] Started TourControllerIntegrationTest in 0.163 seconds (process running for 2.664)
2025-07-06 02:31:22,653 INFO [main] o.s.o.j.LocalContainerEntityManagerFactoryBean] Closing JPA EntityManagerFactory for persistence unit 'default'
2025-07-06 02:31:22,653 INFO [main] c.z.h.HikariDataSource] HikariPool-3 - Shutdown initiated...
2025-07-06 02:31:22,657 INFO [main] c.z.h.HikariDataSource] HikariPool-3 - Shutdown completed.
2025-07-06 02:31:22,659 INFO [main] o.s.b.d.r.RestartApplicationListener] Restart disabled due to context in which it is running
2025-07-06 02:31:22,669 INFO [main] a.t.b.TourControllerIntegrationTest] Starting TourControllerIntegrationTest using Java 23.0.2 with PID 118147 (started by karim in /home/karim/dev/CS-Bachelor/Semester-4/TourPlanner/backend)
2025-07-06 02:31:22,669 INFO [main] a.t.b.TourControllerIntegrationTest] No active profile set, falling back to 1 default profile: "default"
2025-07-06 02:31:22,700 INFO [main] o.s.d.r.c.RepositoryConfigurationDelegate] Bootstrapping Spring Data JPA repositories in DEFAULT mode.
2025-07-06 02:31:22,703 INFO [main] o.s.d.r.c.RepositoryConfigurationDelegate] Finished Spring Data repository scanning in 1 ms. Found 2 JPA repository interfaces.
2025-07-06 02:31:22,734 INFO [main] o.h.j.i.u.LogHelper] HHH000204: Processing PersistenceUnitInfo [name: default]
2025-07-06 02:31:22,735 INFO [main] o.h.c.i.RegionFactoryInitiator] HHH000026: Second-level cache disabled
2025-07-06 02:31:22,737 INFO [main] o.s.o.j.p.SpringPersistenceUnitInfo] No LoadTimeWeaver setup: ignoring JPA class transformer
2025-07-06 02:31:22,738 INFO [main] c.z.h.HikariDataSource] HikariPool-4 - Starting...
2025-07-06 02:31:22,739 INFO [main] c.z.h.p.HikariPool] HikariPool-4 - Added connection conn19: url=jdbc:h2:mem:be2f787f-9a84-4ece-9fa9-37f05403e062 user=SA
2025-07-06 02:31:22,740 INFO [main] c.z.h.HikariDataSource] HikariPool-4 - Start completed.
2025-07-06 02:31:22,740 INFO [main] o.h.o.c.pooling] HHH10001005: Database info:
	Database JDBC URL [Connecting through datasource 'HikariDataSource (HikariPool-4)']
	Database driver: undefined/unknown
	Database version: 2.3.232
	Autocommit mode: undefined/unknown
	Isolation level: undefined/unknown
	Minimum pool size: undefined/unknown
	Maximum pool size: undefined/unknown
2025-07-06 02:31:22,763 INFO [main] o.h.e.t.j.p.i.JtaPlatformInitiator] HHH000489: No JTA platform available (set 'hibernate.transaction.jta.platform' to enable JTA platform integration)
2025-07-06 02:31:22,766 INFO [main] o.s.o.j.LocalContainerEntityManagerFactoryBean] Initialized JPA EntityManagerFactory for persistence unit 'default'
2025-07-06 02:31:22,785 WARN [main] o.s.b.a.o.j.JpaBaseConfiguration$JpaWebConfiguration] spring.jpa.open-in-view is enabled by default. Therefore, database queries may be performed during view rendering. Explicitly configure spring.jpa.open-in-view to disable this warning
2025-07-06 02:31:22,808 INFO [main] o.s.b.t.m.w.SpringBootMockServletContext] Initializing Spring TestDispatcherServlet ''
2025-07-06 02:31:22,808 INFO [main] o.s.t.w.s.TestDispatcherServlet] Initializing Servlet ''
2025-07-06 02:31:22,808 INFO [main] o.s.t.w.s.TestDispatcherServlet] Completed initialization in 0 ms
2025-07-06 02:31:22,813 INFO [main] a.t.b.TourControllerIntegrationTest] Started TourControllerIntegrationTest in 0.155 seconds (process running for 3.028)
2025-07-06 02:31:22,832 INFO [main] o.s.o.j.LocalContainerEntityManagerFactoryBean] Closing JPA EntityManagerFactory for persistence unit 'default'
2025-07-06 02:31:22,832 INFO [main] c.z.h.HikariDataSource] HikariPool-4 - Shutdown initiated...
2025-07-06 02:31:22,832 INFO [main] c.z.h.HikariDataSource] HikariPool-4 - Shutdown completed.
2025-07-06 02:31:22,834 INFO [main] o.s.b.d.r.RestartApplicationListener] Restart disabled due to context in which it is running
2025-07-06 02:31:22,844 INFO [main] a.t.b.TourControllerIntegrationTest] Starting TourControllerIntegrationTest using Java 23.0.2 with PID 118147 (started by karim in /home/karim/dev/CS-Bachelor/Semester-4/TourPlanner/backend)
2025-07-06 02:31:22,844 INFO [main] a.t.b.TourControllerIntegrationTest] No active profile set, falling back to 1 default profile: "default"
2025-07-06 02:31:22,875 INFO [main] o.s.d.r.c.RepositoryConfigurationDelegate] Bootstrapping Spring Data JPA repositories in DEFAULT mode.
2025-07-06 02:31:22,877 INFO [main] o.s.d.r.c.RepositoryConfigurationDelegate] Finished Spring Data repository scanning in 1 ms. Found 2 JPA repository interfaces.
2025-07-06 02:31:22,906 INFO [main] o.h.j.i.u.LogHelper] HHH000204: Processing PersistenceUnitInfo [name: default]
2025-07-06 02:31:22,906 INFO [main] o.h.c.i.RegionFactoryInitiator] HHH000026: Second-level cache disabled
2025-07-06 02:31:22,909 INFO [main] o.s.o.j.p.SpringPersistenceUnitInfo] No LoadTimeWeaver setup: ignoring JPA class transformer
2025-07-06 02:31:22,909 INFO [main] c.z.h.HikariDataSource] HikariPool-5 - Starting...
2025-07-06 02:31:22,910 INFO [main] c.z.h.p.HikariPool] HikariPool-5 - Added connection conn20: url=jdbc:h2:mem:fab775af-a788-493b-ac68-5e1aa62586a7 user=SA
2025-07-06 02:31:22,911 INFO [main] c.z.h.HikariDataSource] HikariPool-5 - Start completed.
2025-07-06 02:31:22,911 INFO [main] o.h.o.c.pooling] HHH10001005: Database info:
	Database JDBC URL [Connecting through datasource 'HikariDataSource (HikariPool-5)']
	Database driver: undefined/unknown
	Database version: 2.3.232
	Autocommit mode: undefined/unknown
	Isolation level: undefined/unknown
	Minimum pool size: undefined/unknown
	Maximum pool size: undefined/unknown
2025-07-06 02:31:22,932 INFO [main] o.h.e.t.j.p.i.JtaPlatformInitiator] HHH000489: No JTA platform available (set 'hibernate.transaction.jta.platform' to enable JTA platform integration)
2025-07-06 02:31:22,935 INFO [main] o.s.o.j.LocalContainerEntityManagerFactoryBean] Initialized JPA EntityManagerFactory for persistence unit 'default'
2025-07-06 02:31:22,952 WARN [main] o.s.b.a.o.j.JpaBaseConfiguration$JpaWebConfiguration] spring.jpa.open-in-view is enabled by default. Therefore, database queries may be performed during view rendering. Explicitly configure spring.jpa.open-in-view to disable this warning
2025-07-06 02:31:22,974 INFO [main] o.s.b.t.m.w.SpringBootMockServletContext] Initializing Spring TestDispatcherServlet ''
2025-07-06 02:31:22,974 INFO [main] o.s.t.w.s.TestDispatcherServlet] Initializing Servlet ''
2025-07-06 02:31:22,974 INFO [main] o.s.t.w.s.TestDispatcherServlet] Completed initialization in 0 ms
2025-07-06 02:31:22,976 INFO [main] a.t.b.TourControllerIntegrationTest] Started TourControllerIntegrationTest in 0.142 seconds (process running for 3.192)
2025-07-06 02:31:22,990 INFO [main] o.s.o.j.LocalContainerEntityManagerFactoryBean] Closing JPA EntityManagerFactory for persistence unit 'default'
2025-07-06 02:31:22,990 INFO [main] c.z.h.HikariDataSource] HikariPool-5 - Shutdown initiated...
2025-07-06 02:31:22,990 INFO [main] c.z.h.HikariDataSource] HikariPool-5 - Shutdown completed.
2025-07-06 02:31:22,992 INFO [main] o.s.b.d.r.RestartApplicationListener] Restart disabled due to context in which it is running
2025-07-06 02:31:23,001 INFO [main] a.t.b.TourControllerIntegrationTest] Starting TourControllerIntegrationTest using Java 23.0.2 with PID 118147 (started by karim in /home/karim/dev/CS-Bachelor/Semester-4/TourPlanner/backend)
2025-07-06 02:31:23,001 INFO [main] a.t.b.TourControllerIntegrationTest] No active profile set, falling back to 1 default profile: "default"
2025-07-06 02:31:23,039 INFO [main] o.s.d.r.c.RepositoryConfigurationDelegate] Bootstrapping Spring Data JPA repositories in DEFAULT mode.
2025-07-06 02:31:23,041 INFO [main] o.s.d.r.c.RepositoryConfigurationDelegate] Finished Spring Data repository scanning in 1 ms. Found 2 JPA repository interfaces.
2025-07-06 02:31:23,064 INFO [main] o.h.j.i.u.LogHelper] HHH000204: Processing PersistenceUnitInfo [name: default]
2025-07-06 02:31:23,065 INFO [main] o.h.c.i.RegionFactoryInitiator] HHH000026: Second-level cache disabled
2025-07-06 02:31:23,068 INFO [main] o.s.o.j.p.SpringPersistenceUnitInfo] No LoadTimeWeaver setup: ignoring JPA class transformer
2025-07-06 02:31:23,068 INFO [main] c.z.h.HikariDataSource] HikariPool-6 - Starting...
2025-07-06 02:31:23,069 INFO [main] c.z.h.p.HikariPool] HikariPool-6 - Added connection conn21: url=jdbc:h2:mem:10aa5702-9baa-4be9-aa7d-dc5643336927 user=SA
2025-07-06 02:31:23,070 INFO [main] c.z.h.HikariDataSource] HikariPool-6 - Start completed.
2025-07-06 02:31:23,070 INFO [main] o.h.o.c.pooling] HHH10001005: Database info:
	Database JDBC URL [Connecting through datasource 'HikariDataSource (HikariPool-6)']
	Database driver: undefined/unknown
	Database version: 2.3.232
	Autocommit mode: undefined/unknown
	Isolation level: undefined/unknown
	Minimum pool size: undefined/unknown
	Maximum pool size: undefined/unknown
2025-07-06 02:31:23,087 INFO [main] o.h.e.t.j.p.i.JtaPlatformInitiator] HHH000489: No JTA platform available (set 'hibernate.transaction.jta.platform' to enable JTA platform integration)
2025-07-06 02:31:23,089 INFO [main] o.s.o.j.LocalContainerEntityManagerFactoryBean] Initialized JPA EntityManagerFactory for persistence unit 'default'
2025-07-06 02:31:23,104 WARN [main] o.s.b.a.o.j.JpaBaseConfiguration$JpaWebConfiguration] spring.jpa.open-in-view is enabled by default. Therefore, database queries may be performed during view rendering. Explicitly configure spring.jpa.open-in-view to disable this warning
2025-07-06 02:31:23,123 INFO [main] o.s.b.t.m.w.SpringBootMockServletContext] Initializing Spring TestDispatcherServlet ''
2025-07-06 02:31:23,123 INFO [main] o.s.t.w.s.TestDispatcherServlet] Initializing Servlet ''
2025-07-06 02:31:23,123 INFO [main] o.s.t.w.s.TestDispatcherServlet] Completed initialization in 0 ms
2025-07-06 02:31:23,125 INFO [main] a.t.b.TourControllerIntegrationTest] Started TourControllerIntegrationTest in 0.133 seconds (process running for 3.341)
2025-07-06 02:31:23,131 INFO [main] o.s.o.j.LocalContainerEntityManagerFactoryBean] Closing JPA EntityManagerFactory for persistence unit 'default'
2025-07-06 02:31:23,132 INFO [main] c.z.h.HikariDataSource] HikariPool-6 - Shutdown initiated...
2025-07-06 02:31:23,132 INFO [main] c.z.h.HikariDataSource] HikariPool-6 - Shutdown completed.
2025-07-06 02:31:23,134 INFO [main] o.s.b.d.r.RestartApplicationListener] Restart disabled due to context in which it is running
2025-07-06 02:31:23,143 INFO [main] a.t.b.TourControllerIntegrationTest] Starting TourControllerIntegrationTest using Java 23.0.2 with PID 118147 (started by karim in /home/karim/dev/CS-Bachelor/Semester-4/TourPlanner/backend)
2025-07-06 02:31:23,144 INFO [main] a.t.b.TourControllerIntegrationTest] No active profile set, falling back to 1 default profile: "default"
2025-07-06 02:31:23,168 INFO [main] o.s.d.r.c.RepositoryConfigurationDelegate] Bootstrapping Spring Data JPA repositories in DEFAULT mode.
2025-07-06 02:31:23,169 INFO [main] o.s.d.r.c.RepositoryConfigurationDelegate] Finished Spring Data repository scanning in 1 ms. Found 2 JPA repository interfaces.
2025-07-06 02:31:23,191 INFO [main] o.h.j.i.u.LogHelper] HHH000204: Processing PersistenceUnitInfo [name: default]
2025-07-06 02:31:23,192 INFO [main] o.h.c.i.RegionFactoryInitiator] HHH000026: Second-level cache disabled
2025-07-06 02:31:23,194 INFO [main] o.s.o.j.p.SpringPersistenceUnitInfo] No LoadTimeWeaver setup: ignoring JPA class transformer
2025-07-06 02:31:23,194 INFO [main] c.z.h.HikariDataSource] HikariPool-7 - Starting...
2025-07-06 02:31:23,196 INFO [main] c.z.h.p.HikariPool] HikariPool-7 - Added connection conn22: url=jdbc:h2:mem:243d8904-13fe-4728-99c2-84674b50add3 user=SA
2025-07-06 02:31:23,196 INFO [main] c.z.h.HikariDataSource] HikariPool-7 - Start completed.
2025-07-06 02:31:23,196 INFO [main] o.h.o.c.pooling] HHH10001005: Database info:
	Database JDBC URL [Connecting through datasource 'HikariDataSource (HikariPool-7)']
	Database driver: undefined/unknown
	Database version: 2.3.232
	Autocommit mode: undefined/unknown
	Isolation level: undefined/unknown
	Minimum pool size: undefined/unknown
	Maximum pool size: undefined/unknown
2025-07-06 02:31:23,213 INFO [main] o.h.e.t.j.p.i.JtaPlatformInitiator] HHH000489: No JTA platform available (set 'hibernate.transaction.jta.platform' to enable JTA platform integration)
2025-07-06 02:31:23,215 INFO [main] o.s.o.j.LocalContainerEntityManagerFactoryBean] Initialized JPA EntityManagerFactory for persistence unit 'default'
2025-07-06 02:31:23,228 WARN [main] o.s.b.a.o.j.JpaBaseConfiguration$JpaWebConfiguration] spring.jpa.open-in-view is enabled by default. Therefore, database queries may be performed during view rendering. Explicitly configure spring.jpa.open-in-view to disable this warning
2025-07-06 02:31:23,246 INFO [main] o.s.b.t.m.w.SpringBootMockServletContext] Initializing Spring TestDispatcherServlet ''
2025-07-06 02:31:23,246 INFO [main] o.s.t.w.s.TestDispatcherServlet] Initializing Servlet ''
2025-07-06 02:31:23,246 INFO [main] o.s.t.w.s.TestDispatcherServlet] Completed initialization in 0 ms
2025-07-06 02:31:23,248 INFO [main] a.t.b.TourControllerIntegrationTest] Started TourControllerIntegrationTest in 0.114 seconds (process running for 3.463)
2025-07-06 02:31:23,253 INFO [main] o.s.o.j.LocalContainerEntityManagerFactoryBean] Closing JPA EntityManagerFactory for persistence unit 'default'
2025-07-06 02:31:23,253 INFO [main] c.z.h.HikariDataSource] HikariPool-7 - Shutdown initiated...
2025-07-06 02:31:23,253 INFO [main] c.z.h.HikariDataSource] HikariPool-7 - Shutdown completed.
2025-07-06 02:31:23,255 INFO [main] o.s.b.d.r.RestartApplicationListener] Restart disabled due to context in which it is running
2025-07-06 02:31:23,263 INFO [main] a.t.b.TourControllerIntegrationTest] Starting TourControllerIntegrationTest using Java 23.0.2 with PID 118147 (started by karim in /home/karim/dev/CS-Bachelor/Semester-4/TourPlanner/backend)
2025-07-06 02:31:23,263 INFO [main] a.t.b.TourControllerIntegrationTest] No active profile set, falling back to 1 default profile: "default"
2025-07-06 02:31:23,286 INFO [main] o.s.d.r.c.RepositoryConfigurationDelegate] Bootstrapping Spring Data JPA repositories in DEFAULT mode.
2025-07-06 02:31:23,288 INFO [main] o.s.d.r.c.RepositoryConfigurationDelegate] Finished Spring Data repository scanning in 1 ms. Found 2 JPA repository interfaces.
2025-07-06 02:31:23,310 INFO [main] o.h.j.i.u.LogHelper] HHH000204: Processing PersistenceUnitInfo [name: default]
2025-07-06 02:31:23,311 INFO [main] o.h.c.i.RegionFactoryInitiator] HHH000026: Second-level cache disabled
2025-07-06 02:31:23,313 INFO [main] o.s.o.j.p.SpringPersistenceUnitInfo] No LoadTimeWeaver setup: ignoring JPA class transformer
2025-07-06 02:31:23,313 INFO [main] c.z.h.HikariDataSource] HikariPool-8 - Starting...
2025-07-06 02:31:23,315 INFO [main] c.z.h.p.HikariPool] HikariPool-8 - Added connection conn23: url=jdbc:h2:mem:538b9ff2-434e-413f-be7e-945721ea7608 user=SA
2025-07-06 02:31:23,315 INFO [main] c.z.h.HikariDataSource] HikariPool-8 - Start completed.
2025-07-06 02:31:23,315 INFO [main] o.h.o.c.pooling] HHH10001005: Database info:
	Database JDBC URL [Connecting through datasource 'HikariDataSource (HikariPool-8)']
	Database driver: undefined/unknown
	Database version: 2.3.232
	Autocommit mode: undefined/unknown
	Isolation level: undefined/unknown
	Minimum pool size: undefined/unknown
	Maximum pool size: undefined/unknown
2025-07-06 02:31:23,335 INFO [main] o.h.e.t.j.p.i.JtaPlatformInitiator] HHH000489: No JTA platform available (set 'hibernate.transaction.jta.platform' to enable JTA platform integration)
2025-07-06 02:31:23,338 INFO [main] o.s.o.j.LocalContainerEntityManagerFactoryBean] Initialized JPA EntityManagerFactory for persistence unit 'default'
2025-07-06 02:31:23,352 WARN [main] o.s.b.a.o.j.JpaBaseConfiguration$JpaWebConfiguration] spring.jpa.open-in-view is enabled by default. Therefore, database queries may be performed during view rendering. Explicitly configure spring.jpa.open-in-view to disable this warning
2025-07-06 02:31:23,370 INFO [main] o.s.b.t.m.w.SpringBootMockServletContext] Initializing Spring TestDispatcherServlet ''
2025-07-06 02:31:23,370 INFO [main] o.s.t.w.s.TestDispatcherServlet] Initializing Servlet ''
2025-07-06 02:31:23,370 INFO [main] o.s.t.w.s.TestDispatcherServlet] Completed initialization in 0 ms
2025-07-06 02:31:23,372 INFO [main] a.t.b.TourControllerIntegrationTest] Started TourControllerIntegrationTest in 0.117 seconds (process running for 3.587)
2025-07-06 02:31:23,379 INFO [main] o.s.o.j.LocalContainerEntityManagerFactoryBean] Closing JPA EntityManagerFactory for persistence unit 'default'
2025-07-06 02:31:23,380 INFO [main] c.z.h.HikariDataSource] HikariPool-8 - Shutdown initiated...
2025-07-06 02:31:23,380 INFO [main] c.z.h.HikariDataSource] HikariPool-8 - Shutdown completed.
