2025-06-19 16:16:17,577 INFO [main] a.t.b.TourControllerIntegrationTest] Starting TourControllerIntegrationTest using Java 23.0.2 with PID 122007 (started by karim in /home/karim/dev/CS-Bachelor/Semester-4/TourPlanner/backend)
2025-06-19 16:16:17,577 INFO [main] a.t.b.TourControllerIntegrationTest] No active profile set, falling back to 1 default profile: "default"
2025-06-19 16:16:17,764 INFO [main] o.s.d.r.c.RepositoryConfigurationDelegate] Bootstrapping Spring Data JPA repositories in DEFAULT mode.
2025-06-19 16:16:17,782 INFO [main] o.s.d.r.c.RepositoryConfigurationDelegate] Finished Spring Data repository scanning in 14 ms. Found 2 JPA repository interfaces.
2025-06-19 16:16:18,013 INFO [main] o.h.j.i.u.LogHelper] HHH000204: Processing PersistenceUnitInfo [name: default]
2025-06-19 16:16:18,029 INFO [main] o.h.Version] HHH000412: Hibernate ORM core version 6.6.11.Final
2025-06-19 16:16:18,041 INFO [main] o.h.c.i.RegionFactoryInitiator] HHH000026: Second-level cache disabled
2025-06-19 16:16:18,151 INFO [main] o.s.o.j.p.SpringPersistenceUnitInfo] No LoadTimeWeaver setup: ignoring JPA class transformer
2025-06-19 16:16:18,162 INFO [main] c.z.h.HikariDataSource] HikariPool-1 - Starting...
2025-06-19 16:16:18,226 INFO [main] c.z.h.p.HikariPool] HikariPool-1 - Added connection conn0: url=jdbc:h2:mem:48fc823f-65b1-4fa2-976e-6fde434a80f5 user=SA
2025-06-19 16:16:18,227 INFO [main] c.z.h.HikariDataSource] HikariPool-1 - Start completed.
2025-06-19 16:16:18,248 INFO [main] o.h.o.c.pooling] HHH10001005: Database info:
	Database JDBC URL [Connecting through datasource 'HikariDataSource (HikariPool-1)']
	Database driver: undefined/unknown
	Database version: 2.3.232
	Autocommit mode: undefined/unknown
	Isolation level: undefined/unknown
	Minimum pool size: undefined/unknown
	Maximum pool size: undefined/unknown
2025-06-19 16:16:18,534 INFO [main] o.h.e.t.j.p.i.JtaPlatformInitiator] HHH000489: No JTA platform available (set 'hibernate.transaction.jta.platform' to enable JTA platform integration)
2025-06-19 16:16:18,558 INFO [main] o.s.o.j.LocalContainerEntityManagerFactoryBean] Initialized JPA EntityManagerFactory for persistence unit 'default'
2025-06-19 16:16:18,718 WARN [main] o.s.b.a.o.j.JpaBaseConfiguration$JpaWebConfiguration] spring.jpa.open-in-view is enabled by default. Therefore, database queries may be performed during view rendering. Explicitly configure spring.jpa.open-in-view to disable this warning
2025-06-19 16:16:18,880 INFO [main] o.s.b.t.m.w.SpringBootMockServletContext] Initializing Spring TestDispatcherServlet ''
2025-06-19 16:16:18,880 INFO [main] o.s.t.w.s.TestDispatcherServlet] Initializing Servlet ''
2025-06-19 16:16:18,881 INFO [main] o.s.t.w.s.TestDispatcherServlet] Completed initialization in 1 ms
2025-06-19 16:16:18,893 INFO [main] a.t.b.TourControllerIntegrationTest] Started TourControllerIntegrationTest in 1.412 seconds (process running for 1.854)
2025-06-19 16:16:19,234 INFO [main] o.s.o.j.LocalContainerEntityManagerFactoryBean] Closing JPA EntityManagerFactory for persistence unit 'default'
2025-06-19 16:16:19,234 INFO [main] c.z.h.HikariDataSource] HikariPool-1 - Shutdown initiated...
2025-06-19 16:16:19,235 INFO [main] c.z.h.HikariDataSource] HikariPool-1 - Shutdown completed.
2025-06-19 16:16:19,240 INFO [main] o.s.b.d.r.RestartApplicationListener] Restart disabled due to context in which it is running
2025-06-19 16:16:19,254 INFO [main] a.t.b.TourControllerIntegrationTest] Starting TourControllerIntegrationTest using Java 23.0.2 with PID 122007 (started by karim in /home/karim/dev/CS-Bachelor/Semester-4/TourPlanner/backend)
2025-06-19 16:16:19,254 INFO [main] a.t.b.TourControllerIntegrationTest] No active profile set, falling back to 1 default profile: "default"
2025-06-19 16:16:19,298 INFO [main] o.s.d.r.c.RepositoryConfigurationDelegate] Bootstrapping Spring Data JPA repositories in DEFAULT mode.
2025-06-19 16:16:19,301 INFO [main] o.s.d.r.c.RepositoryConfigurationDelegate] Finished Spring Data repository scanning in 2 ms. Found 2 JPA repository interfaces.
2025-06-19 16:16:19,344 INFO [main] o.h.j.i.u.LogHelper] HHH000204: Processing PersistenceUnitInfo [name: default]
2025-06-19 16:16:19,345 INFO [main] o.h.c.i.RegionFactoryInitiator] HHH000026: Second-level cache disabled
2025-06-19 16:16:19,348 INFO [main] o.s.o.j.p.SpringPersistenceUnitInfo] No LoadTimeWeaver setup: ignoring JPA class transformer
2025-06-19 16:16:19,348 INFO [main] c.z.h.HikariDataSource] HikariPool-2 - Starting...
2025-06-19 16:16:19,350 INFO [main] c.z.h.p.HikariPool] HikariPool-2 - Added connection conn10: url=jdbc:h2:mem:6cb9f132-ec4e-4ef0-bbcc-b5fea06dad5c user=SA
2025-06-19 16:16:19,350 INFO [main] c.z.h.HikariDataSource] HikariPool-2 - Start completed.
2025-06-19 16:16:19,350 INFO [main] o.h.o.c.pooling] HHH10001005: Database info:
	Database JDBC URL [Connecting through datasource 'HikariDataSource (HikariPool-2)']
	Database driver: undefined/unknown
	Database version: 2.3.232
	Autocommit mode: undefined/unknown
	Isolation level: undefined/unknown
	Minimum pool size: undefined/unknown
	Maximum pool size: undefined/unknown
2025-06-19 16:16:19,375 INFO [main] o.h.e.t.j.p.i.JtaPlatformInitiator] HHH000489: No JTA platform available (set 'hibernate.transaction.jta.platform' to enable JTA platform integration)
2025-06-19 16:16:19,378 INFO [main] o.s.o.j.LocalContainerEntityManagerFactoryBean] Initialized JPA EntityManagerFactory for persistence unit 'default'
2025-06-19 16:16:19,408 WARN [main] o.s.b.a.o.j.JpaBaseConfiguration$JpaWebConfiguration] spring.jpa.open-in-view is enabled by default. Therefore, database queries may be performed during view rendering. Explicitly configure spring.jpa.open-in-view to disable this warning
2025-06-19 16:16:19,436 INFO [main] o.s.b.t.m.w.SpringBootMockServletContext] Initializing Spring TestDispatcherServlet ''
2025-06-19 16:16:19,436 INFO [main] o.s.t.w.s.TestDispatcherServlet] Initializing Servlet ''
2025-06-19 16:16:19,436 INFO [main] o.s.t.w.s.TestDispatcherServlet] Completed initialization in 0 ms
2025-06-19 16:16:19,439 INFO [main] a.t.b.TourControllerIntegrationTest] Started TourControllerIntegrationTest in 0.199 seconds (process running for 2.4)
2025-06-19 16:16:19,453 INFO [main] o.s.o.j.LocalContainerEntityManagerFactoryBean] Closing JPA EntityManagerFactory for persistence unit 'default'
2025-06-19 16:16:19,453 INFO [main] c.z.h.HikariDataSource] HikariPool-2 - Shutdown initiated...
2025-06-19 16:16:19,481 INFO [main] c.z.h.HikariDataSource] HikariPool-2 - Shutdown completed.
2025-06-19 16:16:19,485 INFO [main] o.s.b.d.r.RestartApplicationListener] Restart disabled due to context in which it is running
2025-06-19 16:16:19,497 INFO [main] a.t.b.TourControllerIntegrationTest] Starting TourControllerIntegrationTest using Java 23.0.2 with PID 122007 (started by karim in /home/karim/dev/CS-Bachelor/Semester-4/TourPlanner/backend)
2025-06-19 16:16:19,497 INFO [main] a.t.b.TourControllerIntegrationTest] No active profile set, falling back to 1 default profile: "default"
2025-06-19 16:16:19,528 INFO [main] o.s.d.r.c.RepositoryConfigurationDelegate] Bootstrapping Spring Data JPA repositories in DEFAULT mode.
2025-06-19 16:16:19,531 INFO [main] o.s.d.r.c.RepositoryConfigurationDelegate] Finished Spring Data repository scanning in 1 ms. Found 2 JPA repository interfaces.
2025-06-19 16:16:19,566 INFO [main] o.h.j.i.u.LogHelper] HHH000204: Processing PersistenceUnitInfo [name: default]
2025-06-19 16:16:19,567 INFO [main] o.h.c.i.RegionFactoryInitiator] HHH000026: Second-level cache disabled
2025-06-19 16:16:19,570 INFO [main] o.s.o.j.p.SpringPersistenceUnitInfo] No LoadTimeWeaver setup: ignoring JPA class transformer
2025-06-19 16:16:19,570 INFO [main] c.z.h.HikariDataSource] HikariPool-3 - Starting...
2025-06-19 16:16:19,571 INFO [main] c.z.h.p.HikariPool] HikariPool-3 - Added connection conn12: url=jdbc:h2:mem:215fe202-85e0-441a-b8ca-7cd76bab5473 user=SA
2025-06-19 16:16:19,571 INFO [main] c.z.h.HikariDataSource] HikariPool-3 - Start completed.
2025-06-19 16:16:19,572 INFO [main] o.h.o.c.pooling] HHH10001005: Database info:
	Database JDBC URL [Connecting through datasource 'HikariDataSource (HikariPool-3)']
	Database driver: undefined/unknown
	Database version: 2.3.232
	Autocommit mode: undefined/unknown
	Isolation level: undefined/unknown
	Minimum pool size: undefined/unknown
	Maximum pool size: undefined/unknown
2025-06-19 16:16:19,594 INFO [main] o.h.e.t.j.p.i.JtaPlatformInitiator] HHH000489: No JTA platform available (set 'hibernate.transaction.jta.platform' to enable JTA platform integration)
2025-06-19 16:16:19,596 INFO [main] o.s.o.j.LocalContainerEntityManagerFactoryBean] Initialized JPA EntityManagerFactory for persistence unit 'default'
2025-06-19 16:16:19,617 WARN [main] o.s.b.a.o.j.JpaBaseConfiguration$JpaWebConfiguration] spring.jpa.open-in-view is enabled by default. Therefore, database queries may be performed during view rendering. Explicitly configure spring.jpa.open-in-view to disable this warning
2025-06-19 16:16:19,643 INFO [main] o.s.b.t.m.w.SpringBootMockServletContext] Initializing Spring TestDispatcherServlet ''
2025-06-19 16:16:19,643 INFO [main] o.s.t.w.s.TestDispatcherServlet] Initializing Servlet ''
2025-06-19 16:16:19,643 INFO [main] o.s.t.w.s.TestDispatcherServlet] Completed initialization in 0 ms
2025-06-19 16:16:19,646 INFO [main] a.t.b.TourControllerIntegrationTest] Started TourControllerIntegrationTest in 0.161 seconds (process running for 2.607)
2025-06-19 16:16:19,837 INFO [main] o.s.o.j.LocalContainerEntityManagerFactoryBean] Closing JPA EntityManagerFactory for persistence unit 'default'
2025-06-19 16:16:19,837 INFO [main] c.z.h.HikariDataSource] HikariPool-3 - Shutdown initiated...
2025-06-19 16:16:19,854 INFO [main] c.z.h.HikariDataSource] HikariPool-3 - Shutdown completed.
2025-06-19 16:16:19,856 INFO [main] o.s.b.d.r.RestartApplicationListener] Restart disabled due to context in which it is running
2025-06-19 16:16:19,867 INFO [main] a.t.b.TourControllerIntegrationTest] Starting TourControllerIntegrationTest using Java 23.0.2 with PID 122007 (started by karim in /home/karim/dev/CS-Bachelor/Semester-4/TourPlanner/backend)
2025-06-19 16:16:19,867 INFO [main] a.t.b.TourControllerIntegrationTest] No active profile set, falling back to 1 default profile: "default"
2025-06-19 16:16:19,899 INFO [main] o.s.d.r.c.RepositoryConfigurationDelegate] Bootstrapping Spring Data JPA repositories in DEFAULT mode.
2025-06-19 16:16:19,902 INFO [main] o.s.d.r.c.RepositoryConfigurationDelegate] Finished Spring Data repository scanning in 1 ms. Found 2 JPA repository interfaces.
2025-06-19 16:16:19,932 INFO [main] o.h.j.i.u.LogHelper] HHH000204: Processing PersistenceUnitInfo [name: default]
2025-06-19 16:16:19,932 INFO [main] o.h.c.i.RegionFactoryInitiator] HHH000026: Second-level cache disabled
2025-06-19 16:16:19,935 INFO [main] o.s.o.j.p.SpringPersistenceUnitInfo] No LoadTimeWeaver setup: ignoring JPA class transformer
2025-06-19 16:16:19,935 INFO [main] c.z.h.HikariDataSource] HikariPool-4 - Starting...
2025-06-19 16:16:19,937 INFO [main] c.z.h.p.HikariPool] HikariPool-4 - Added connection conn19: url=jdbc:h2:mem:b93e2249-c6f5-4d70-a2f6-7cbbb3ba1b7e user=SA
2025-06-19 16:16:19,937 INFO [main] c.z.h.HikariDataSource] HikariPool-4 - Start completed.
2025-06-19 16:16:19,937 INFO [main] o.h.o.c.pooling] HHH10001005: Database info:
	Database JDBC URL [Connecting through datasource 'HikariDataSource (HikariPool-4)']
	Database driver: undefined/unknown
	Database version: 2.3.232
	Autocommit mode: undefined/unknown
	Isolation level: undefined/unknown
	Minimum pool size: undefined/unknown
	Maximum pool size: undefined/unknown
2025-06-19 16:16:19,960 INFO [main] o.h.e.t.j.p.i.JtaPlatformInitiator] HHH000489: No JTA platform available (set 'hibernate.transaction.jta.platform' to enable JTA platform integration)
2025-06-19 16:16:19,962 INFO [main] o.s.o.j.LocalContainerEntityManagerFactoryBean] Initialized JPA EntityManagerFactory for persistence unit 'default'
2025-06-19 16:16:19,981 WARN [main] o.s.b.a.o.j.JpaBaseConfiguration$JpaWebConfiguration] spring.jpa.open-in-view is enabled by default. Therefore, database queries may be performed during view rendering. Explicitly configure spring.jpa.open-in-view to disable this warning
2025-06-19 16:16:20,007 INFO [main] o.s.b.t.m.w.SpringBootMockServletContext] Initializing Spring TestDispatcherServlet ''
2025-06-19 16:16:20,007 INFO [main] o.s.t.w.s.TestDispatcherServlet] Initializing Servlet ''
2025-06-19 16:16:20,007 INFO [main] o.s.t.w.s.TestDispatcherServlet] Completed initialization in 0 ms
2025-06-19 16:16:20,011 INFO [main] a.t.b.TourControllerIntegrationTest] Started TourControllerIntegrationTest in 0.155 seconds (process running for 2.973)
2025-06-19 16:16:20,031 INFO [main] o.s.o.j.LocalContainerEntityManagerFactoryBean] Closing JPA EntityManagerFactory for persistence unit 'default'
2025-06-19 16:16:20,031 INFO [main] c.z.h.HikariDataSource] HikariPool-4 - Shutdown initiated...
2025-06-19 16:16:20,031 INFO [main] c.z.h.HikariDataSource] HikariPool-4 - Shutdown completed.
2025-06-19 16:16:20,033 INFO [main] o.s.b.d.r.RestartApplicationListener] Restart disabled due to context in which it is running
2025-06-19 16:16:20,043 INFO [main] a.t.b.TourControllerIntegrationTest] Starting TourControllerIntegrationTest using Java 23.0.2 with PID 122007 (started by karim in /home/karim/dev/CS-Bachelor/Semester-4/TourPlanner/backend)
2025-06-19 16:16:20,043 INFO [main] a.t.b.TourControllerIntegrationTest] No active profile set, falling back to 1 default profile: "default"
2025-06-19 16:16:20,074 INFO [main] o.s.d.r.c.RepositoryConfigurationDelegate] Bootstrapping Spring Data JPA repositories in DEFAULT mode.
2025-06-19 16:16:20,076 INFO [main] o.s.d.r.c.RepositoryConfigurationDelegate] Finished Spring Data repository scanning in 1 ms. Found 2 JPA repository interfaces.
2025-06-19 16:16:20,107 INFO [main] o.h.j.i.u.LogHelper] HHH000204: Processing PersistenceUnitInfo [name: default]
2025-06-19 16:16:20,108 INFO [main] o.h.c.i.RegionFactoryInitiator] HHH000026: Second-level cache disabled
2025-06-19 16:16:20,111 INFO [main] o.s.o.j.p.SpringPersistenceUnitInfo] No LoadTimeWeaver setup: ignoring JPA class transformer
2025-06-19 16:16:20,111 INFO [main] c.z.h.HikariDataSource] HikariPool-5 - Starting...
2025-06-19 16:16:20,112 INFO [main] c.z.h.p.HikariPool] HikariPool-5 - Added connection conn20: url=jdbc:h2:mem:7c7bc503-d7d8-4134-95bc-898dd265f77d user=SA
2025-06-19 16:16:20,112 INFO [main] c.z.h.HikariDataSource] HikariPool-5 - Start completed.
2025-06-19 16:16:20,113 INFO [main] o.h.o.c.pooling] HHH10001005: Database info:
	Database JDBC URL [Connecting through datasource 'HikariDataSource (HikariPool-5)']
	Database driver: undefined/unknown
	Database version: 2.3.232
	Autocommit mode: undefined/unknown
	Isolation level: undefined/unknown
	Minimum pool size: undefined/unknown
	Maximum pool size: undefined/unknown
2025-06-19 16:16:20,134 INFO [main] o.h.e.t.j.p.i.JtaPlatformInitiator] HHH000489: No JTA platform available (set 'hibernate.transaction.jta.platform' to enable JTA platform integration)
2025-06-19 16:16:20,136 INFO [main] o.s.o.j.LocalContainerEntityManagerFactoryBean] Initialized JPA EntityManagerFactory for persistence unit 'default'
2025-06-19 16:16:20,154 WARN [main] o.s.b.a.o.j.JpaBaseConfiguration$JpaWebConfiguration] spring.jpa.open-in-view is enabled by default. Therefore, database queries may be performed during view rendering. Explicitly configure spring.jpa.open-in-view to disable this warning
2025-06-19 16:16:20,177 INFO [main] o.s.b.t.m.w.SpringBootMockServletContext] Initializing Spring TestDispatcherServlet ''
2025-06-19 16:16:20,177 INFO [main] o.s.t.w.s.TestDispatcherServlet] Initializing Servlet ''
2025-06-19 16:16:20,177 INFO [main] o.s.t.w.s.TestDispatcherServlet] Completed initialization in 0 ms
2025-06-19 16:16:20,179 INFO [main] a.t.b.TourControllerIntegrationTest] Started TourControllerIntegrationTest in 0.146 seconds (process running for 3.141)
2025-06-19 16:16:20,192 INFO [main] o.s.o.j.LocalContainerEntityManagerFactoryBean] Closing JPA EntityManagerFactory for persistence unit 'default'
2025-06-19 16:16:20,192 INFO [main] c.z.h.HikariDataSource] HikariPool-5 - Shutdown initiated...
2025-06-19 16:16:20,192 INFO [main] c.z.h.HikariDataSource] HikariPool-5 - Shutdown completed.
2025-06-19 16:16:20,194 INFO [main] o.s.b.d.r.RestartApplicationListener] Restart disabled due to context in which it is running
2025-06-19 16:16:20,205 INFO [main] a.t.b.TourControllerIntegrationTest] Starting TourControllerIntegrationTest using Java 23.0.2 with PID 122007 (started by karim in /home/karim/dev/CS-Bachelor/Semester-4/TourPlanner/backend)
2025-06-19 16:16:20,205 INFO [main] a.t.b.TourControllerIntegrationTest] No active profile set, falling back to 1 default profile: "default"
2025-06-19 16:16:20,234 INFO [main] o.s.d.r.c.RepositoryConfigurationDelegate] Bootstrapping Spring Data JPA repositories in DEFAULT mode.
2025-06-19 16:16:20,237 INFO [main] o.s.d.r.c.RepositoryConfigurationDelegate] Finished Spring Data repository scanning in 1 ms. Found 2 JPA repository interfaces.
2025-06-19 16:16:20,268 INFO [main] o.h.j.i.u.LogHelper] HHH000204: Processing PersistenceUnitInfo [name: default]
2025-06-19 16:16:20,269 INFO [main] o.h.c.i.RegionFactoryInitiator] HHH000026: Second-level cache disabled
2025-06-19 16:16:20,272 INFO [main] o.s.o.j.p.SpringPersistenceUnitInfo] No LoadTimeWeaver setup: ignoring JPA class transformer
2025-06-19 16:16:20,272 INFO [main] c.z.h.HikariDataSource] HikariPool-6 - Starting...
2025-06-19 16:16:20,274 INFO [main] c.z.h.p.HikariPool] HikariPool-6 - Added connection conn21: url=jdbc:h2:mem:57320b6e-6aea-4db1-b912-1b29a3727f3c user=SA
2025-06-19 16:16:20,274 INFO [main] c.z.h.HikariDataSource] HikariPool-6 - Start completed.
2025-06-19 16:16:20,274 INFO [main] o.h.o.c.pooling] HHH10001005: Database info:
	Database JDBC URL [Connecting through datasource 'HikariDataSource (HikariPool-6)']
	Database driver: undefined/unknown
	Database version: 2.3.232
	Autocommit mode: undefined/unknown
	Isolation level: undefined/unknown
	Minimum pool size: undefined/unknown
	Maximum pool size: undefined/unknown
2025-06-19 16:16:20,293 INFO [main] o.h.e.t.j.p.i.JtaPlatformInitiator] HHH000489: No JTA platform available (set 'hibernate.transaction.jta.platform' to enable JTA platform integration)
2025-06-19 16:16:20,295 INFO [main] o.s.o.j.LocalContainerEntityManagerFactoryBean] Initialized JPA EntityManagerFactory for persistence unit 'default'
2025-06-19 16:16:20,313 WARN [main] o.s.b.a.o.j.JpaBaseConfiguration$JpaWebConfiguration] spring.jpa.open-in-view is enabled by default. Therefore, database queries may be performed during view rendering. Explicitly configure spring.jpa.open-in-view to disable this warning
2025-06-19 16:16:20,338 INFO [main] o.s.b.t.m.w.SpringBootMockServletContext] Initializing Spring TestDispatcherServlet ''
2025-06-19 16:16:20,338 INFO [main] o.s.t.w.s.TestDispatcherServlet] Initializing Servlet ''
2025-06-19 16:16:20,338 INFO [main] o.s.t.w.s.TestDispatcherServlet] Completed initialization in 0 ms
2025-06-19 16:16:20,340 INFO [main] a.t.b.TourControllerIntegrationTest] Started TourControllerIntegrationTest in 0.146 seconds (process running for 3.302)
2025-06-19 16:16:20,347 INFO [main] o.s.o.j.LocalContainerEntityManagerFactoryBean] Closing JPA EntityManagerFactory for persistence unit 'default'
2025-06-19 16:16:20,347 INFO [main] c.z.h.HikariDataSource] HikariPool-6 - Shutdown initiated...
2025-06-19 16:16:20,347 INFO [main] c.z.h.HikariDataSource] HikariPool-6 - Shutdown completed.
2025-06-19 16:16:20,349 INFO [main] o.s.b.d.r.RestartApplicationListener] Restart disabled due to context in which it is running
2025-06-19 16:16:20,358 INFO [main] a.t.b.TourControllerIntegrationTest] Starting TourControllerIntegrationTest using Java 23.0.2 with PID 122007 (started by karim in /home/karim/dev/CS-Bachelor/Semester-4/TourPlanner/backend)
2025-06-19 16:16:20,358 INFO [main] a.t.b.TourControllerIntegrationTest] No active profile set, falling back to 1 default profile: "default"
2025-06-19 16:16:20,387 INFO [main] o.s.d.r.c.RepositoryConfigurationDelegate] Bootstrapping Spring Data JPA repositories in DEFAULT mode.
2025-06-19 16:16:20,390 INFO [main] o.s.d.r.c.RepositoryConfigurationDelegate] Finished Spring Data repository scanning in 1 ms. Found 2 JPA repository interfaces.
2025-06-19 16:16:20,417 INFO [main] o.h.j.i.u.LogHelper] HHH000204: Processing PersistenceUnitInfo [name: default]
2025-06-19 16:16:20,417 INFO [main] o.h.c.i.RegionFactoryInitiator] HHH000026: Second-level cache disabled
2025-06-19 16:16:20,420 INFO [main] o.s.o.j.p.SpringPersistenceUnitInfo] No LoadTimeWeaver setup: ignoring JPA class transformer
2025-06-19 16:16:20,420 INFO [main] c.z.h.HikariDataSource] HikariPool-7 - Starting...
2025-06-19 16:16:20,421 INFO [main] c.z.h.p.HikariPool] HikariPool-7 - Added connection conn22: url=jdbc:h2:mem:aea18743-3952-45e4-823d-62468377b6f6 user=SA
2025-06-19 16:16:20,422 INFO [main] c.z.h.HikariDataSource] HikariPool-7 - Start completed.
2025-06-19 16:16:20,422 INFO [main] o.h.o.c.pooling] HHH10001005: Database info:
	Database JDBC URL [Connecting through datasource 'HikariDataSource (HikariPool-7)']
	Database driver: undefined/unknown
	Database version: 2.3.232
	Autocommit mode: undefined/unknown
	Isolation level: undefined/unknown
	Minimum pool size: undefined/unknown
	Maximum pool size: undefined/unknown
2025-06-19 16:16:20,440 INFO [main] o.h.e.t.j.p.i.JtaPlatformInitiator] HHH000489: No JTA platform available (set 'hibernate.transaction.jta.platform' to enable JTA platform integration)
2025-06-19 16:16:20,442 INFO [main] o.s.o.j.LocalContainerEntityManagerFactoryBean] Initialized JPA EntityManagerFactory for persistence unit 'default'
2025-06-19 16:16:20,459 WARN [main] o.s.b.a.o.j.JpaBaseConfiguration$JpaWebConfiguration] spring.jpa.open-in-view is enabled by default. Therefore, database queries may be performed during view rendering. Explicitly configure spring.jpa.open-in-view to disable this warning
2025-06-19 16:16:20,481 INFO [main] o.s.b.t.m.w.SpringBootMockServletContext] Initializing Spring TestDispatcherServlet ''
2025-06-19 16:16:20,481 INFO [main] o.s.t.w.s.TestDispatcherServlet] Initializing Servlet ''
2025-06-19 16:16:20,481 INFO [main] o.s.t.w.s.TestDispatcherServlet] Completed initialization in 0 ms
2025-06-19 16:16:20,483 INFO [main] a.t.b.TourControllerIntegrationTest] Started TourControllerIntegrationTest in 0.134 seconds (process running for 3.445)
2025-06-19 16:16:20,488 INFO [main] o.s.o.j.LocalContainerEntityManagerFactoryBean] Closing JPA EntityManagerFactory for persistence unit 'default'
2025-06-19 16:16:20,489 INFO [main] c.z.h.HikariDataSource] HikariPool-7 - Shutdown initiated...
2025-06-19 16:16:20,489 INFO [main] c.z.h.HikariDataSource] HikariPool-7 - Shutdown completed.
2025-06-19 16:16:20,490 INFO [main] o.s.b.d.r.RestartApplicationListener] Restart disabled due to context in which it is running
2025-06-19 16:16:20,497 INFO [main] a.t.b.TourControllerIntegrationTest] Starting TourControllerIntegrationTest using Java 23.0.2 with PID 122007 (started by karim in /home/karim/dev/CS-Bachelor/Semester-4/TourPlanner/backend)
2025-06-19 16:16:20,497 INFO [main] a.t.b.TourControllerIntegrationTest] No active profile set, falling back to 1 default profile: "default"
2025-06-19 16:16:20,520 INFO [main] o.s.d.r.c.RepositoryConfigurationDelegate] Bootstrapping Spring Data JPA repositories in DEFAULT mode.
2025-06-19 16:16:20,523 INFO [main] o.s.d.r.c.RepositoryConfigurationDelegate] Finished Spring Data repository scanning in 1 ms. Found 2 JPA repository interfaces.
2025-06-19 16:16:20,544 INFO [main] o.h.j.i.u.LogHelper] HHH000204: Processing PersistenceUnitInfo [name: default]
2025-06-19 16:16:20,545 INFO [main] o.h.c.i.RegionFactoryInitiator] HHH000026: Second-level cache disabled
2025-06-19 16:16:20,547 INFO [main] o.s.o.j.p.SpringPersistenceUnitInfo] No LoadTimeWeaver setup: ignoring JPA class transformer
2025-06-19 16:16:20,547 INFO [main] c.z.h.HikariDataSource] HikariPool-8 - Starting...
2025-06-19 16:16:20,548 INFO [main] c.z.h.p.HikariPool] HikariPool-8 - Added connection conn23: url=jdbc:h2:mem:de4d16ef-47ac-47d6-bc88-8f98cb3610ea user=SA
2025-06-19 16:16:20,548 INFO [main] c.z.h.HikariDataSource] HikariPool-8 - Start completed.
2025-06-19 16:16:20,549 INFO [main] o.h.o.c.pooling] HHH10001005: Database info:
	Database JDBC URL [Connecting through datasource 'HikariDataSource (HikariPool-8)']
	Database driver: undefined/unknown
	Database version: 2.3.232
	Autocommit mode: undefined/unknown
	Isolation level: undefined/unknown
	Minimum pool size: undefined/unknown
	Maximum pool size: undefined/unknown
2025-06-19 16:16:20,564 INFO [main] o.h.e.t.j.p.i.JtaPlatformInitiator] HHH000489: No JTA platform available (set 'hibernate.transaction.jta.platform' to enable JTA platform integration)
2025-06-19 16:16:20,567 INFO [main] o.s.o.j.LocalContainerEntityManagerFactoryBean] Initialized JPA EntityManagerFactory for persistence unit 'default'
2025-06-19 16:16:20,582 WARN [main] o.s.b.a.o.j.JpaBaseConfiguration$JpaWebConfiguration] spring.jpa.open-in-view is enabled by default. Therefore, database queries may be performed during view rendering. Explicitly configure spring.jpa.open-in-view to disable this warning
2025-06-19 16:16:20,600 INFO [main] o.s.b.t.m.w.SpringBootMockServletContext] Initializing Spring TestDispatcherServlet ''
2025-06-19 16:16:20,600 INFO [main] o.s.t.w.s.TestDispatcherServlet] Initializing Servlet ''
2025-06-19 16:16:20,600 INFO [main] o.s.t.w.s.TestDispatcherServlet] Completed initialization in 0 ms
2025-06-19 16:16:20,602 INFO [main] a.t.b.TourControllerIntegrationTest] Started TourControllerIntegrationTest in 0.112 seconds (process running for 3.564)
2025-06-19 16:16:20,610 INFO [main] o.s.o.j.LocalContainerEntityManagerFactoryBean] Closing JPA EntityManagerFactory for persistence unit 'default'
2025-06-19 16:16:20,610 INFO [main] c.z.h.HikariDataSource] HikariPool-8 - Shutdown initiated...
2025-06-19 16:16:20,610 INFO [main] c.z.h.HikariDataSource] HikariPool-8 - Shutdown completed.
