2025-05-18 17:30:01,370 INFO [restartedMain] a.t.b.BackendApplication] Starting BackendApplication using Java 23.0.2 with PID 25318 (/home/karim/dev/CS-Bachelor/Semester-4/TourPlanner/backend/target/classes started by karim in /home/karim/dev/CS-Bachelor/Semester-4/TourPlanner/backend)
2025-05-18 17:30:01,370 INFO [restartedMain] a.t.b.BackendApplication] No active profile set, falling back to 1 default profile: "default"
2025-05-18 17:30:01,392 INFO [restartedMain] o.s.b.d.e.DevToolsPropertyDefaultsPostProcessor] Devtools property defaults active! Set 'spring.devtools.add-properties' to 'false' to disable
2025-05-18 17:30:01,392 INFO [restartedMain] o.s.b.d.e.DevToolsPropertyDefaultsPostProcessor] For additional web related logging consider setting the 'logging.level.web' property to 'DEBUG'
2025-05-18 17:30:01,399 INFO [restartedMain] o.s.b.d.c.l.DockerComposeLifecycleManager] Using Docker Compose file /home/karim/dev/CS-Bachelor/Semester-4/TourPlanner/compose.yaml
2025-05-18 17:30:01,670 INFO [OutputReader-stderr] o.s.b.d.c.c.DockerCli]  Container tourplanner-postgres-1  Created
2025-05-18 17:30:01,671 INFO [OutputReader-stderr] o.s.b.d.c.c.DockerCli]  Container tourplanner-postgres-1  Starting
2025-05-18 17:30:01,817 INFO [OutputReader-stderr] o.s.b.d.c.c.DockerCli]  Container tourplanner-postgres-1  Started
2025-05-18 17:30:01,817 INFO [OutputReader-stderr] o.s.b.d.c.c.DockerCli]  Container tourplanner-postgres-1  Waiting
2025-05-18 17:30:02,318 INFO [OutputReader-stderr] o.s.b.d.c.c.DockerCli]  Container tourplanner-postgres-1  Healthy
2025-05-18 17:30:02,763 INFO [restartedMain] o.s.d.r.c.RepositoryConfigurationDelegate] Bootstrapping Spring Data JPA repositories in DEFAULT mode.
2025-05-18 17:30:02,780 INFO [restartedMain] o.s.d.r.c.RepositoryConfigurationDelegate] Finished Spring Data repository scanning in 14 ms. Found 2 JPA repository interfaces.
2025-05-18 17:30:03,022 INFO [restartedMain] o.s.b.w.e.t.TomcatWebServer] Tomcat initialized with port 8080 (http)
2025-05-18 17:30:03,027 INFO [restartedMain] o.a.c.h.Http11NioProtocol] Initializing ProtocolHandler ["http-nio-8080"]
2025-05-18 17:30:03,028 INFO [restartedMain] o.a.c.c.StandardService] Starting service [Tomcat]
2025-05-18 17:30:03,028 INFO [restartedMain] o.a.c.c.StandardEngine] Starting Servlet engine: [Apache Tomcat/10.1.39]
2025-05-18 17:30:03,040 INFO [restartedMain] o.a.c.c.C.[.[.[/]] Initializing Spring embedded WebApplicationContext
2025-05-18 17:30:03,040 INFO [restartedMain] o.s.b.w.s.c.ServletWebServerApplicationContext] Root WebApplicationContext: initialization completed in 431 ms
2025-05-18 17:30:03,097 INFO [restartedMain] o.h.j.i.u.LogHelper] HHH000204: Processing PersistenceUnitInfo [name: default]
2025-05-18 17:30:03,111 INFO [restartedMain] o.h.Version] HHH000412: Hibernate ORM core version 6.6.11.Final
2025-05-18 17:30:03,125 INFO [restartedMain] o.h.c.i.RegionFactoryInitiator] HHH000026: Second-level cache disabled
2025-05-18 17:30:03,223 INFO [restartedMain] o.s.o.j.p.SpringPersistenceUnitInfo] No LoadTimeWeaver setup: ignoring JPA class transformer
2025-05-18 17:30:03,233 INFO [restartedMain] c.z.h.HikariDataSource] HikariPool-1 - Starting...
2025-05-18 17:30:03,288 INFO [restartedMain] c.z.h.p.HikariPool] HikariPool-1 - Added connection org.postgresql.jdbc.PgConnection@6d1cd0e5
2025-05-18 17:30:03,289 INFO [restartedMain] c.z.h.HikariDataSource] HikariPool-1 - Start completed.
2025-05-18 17:30:03,312 INFO [restartedMain] o.h.o.c.pooling] HHH10001005: Database info:
	Database JDBC URL [Connecting through datasource 'HikariDataSource (HikariPool-1)']
	Database driver: undefined/unknown
	Database version: 17.4
	Autocommit mode: undefined/unknown
	Isolation level: undefined/unknown
	Minimum pool size: undefined/unknown
	Maximum pool size: undefined/unknown
2025-05-18 17:30:03,609 INFO [restartedMain] o.h.e.t.j.p.i.JtaPlatformInitiator] HHH000489: No JTA platform available (set 'hibernate.transaction.jta.platform' to enable JTA platform integration)
2025-05-18 17:30:03,674 INFO [restartedMain] o.s.o.j.LocalContainerEntityManagerFactoryBean] Initialized JPA EntityManagerFactory for persistence unit 'default'
2025-05-18 17:30:03,781 WARN [restartedMain] o.s.b.a.o.j.JpaBaseConfiguration$JpaWebConfiguration] spring.jpa.open-in-view is enabled by default. Therefore, database queries may be performed during view rendering. Explicitly configure spring.jpa.open-in-view to disable this warning
2025-05-18 17:30:03,872 INFO [restartedMain] o.s.b.a.h.H2ConsoleAutoConfiguration] H2 console available at '/h2-console'. Database available at 'jdbc:postgresql://127.0.0.1:5432/mydatabase?ApplicationName=backend'
2025-05-18 17:30:03,892 INFO [restartedMain] o.s.b.d.a.OptionalLiveReloadServer] LiveReload server is running on port 35729
2025-05-18 17:30:03,899 INFO [restartedMain] o.a.c.h.Http11NioProtocol] Starting ProtocolHandler ["http-nio-8080"]
2025-05-18 17:30:03,904 INFO [restartedMain] o.s.b.w.e.t.TomcatWebServer] Tomcat started on port 8080 (http) with context path '/'
2025-05-18 17:30:03,907 INFO [restartedMain] a.t.b.BackendApplication] Started BackendApplication in 2.667 seconds (process running for 2.97)
2025-05-18 17:30:12,874 INFO [http-nio-8080-exec-2] o.a.c.c.C.[.[.[/]] Initializing Spring DispatcherServlet 'dispatcherServlet'
2025-05-18 17:30:12,874 INFO [http-nio-8080-exec-2] o.s.w.s.DispatcherServlet] Initializing Servlet 'dispatcherServlet'
2025-05-18 17:30:12,875 INFO [http-nio-8080-exec-2] o.s.w.s.DispatcherServlet] Completed initialization in 1 ms
2025-05-18 17:30:34,576 INFO [SpringApplicationShutdownHook] o.s.b.w.e.t.GracefulShutdown] Commencing graceful shutdown. Waiting for active requests to complete
2025-05-18 17:30:34,577 INFO [tomcat-shutdown] o.s.b.w.e.t.GracefulShutdown] Graceful shutdown complete
2025-05-18 17:30:34,579 INFO [SpringApplicationShutdownHook] o.s.o.j.LocalContainerEntityManagerFactoryBean] Closing JPA EntityManagerFactory for persistence unit 'default'
2025-05-18 17:30:34,582 WARN [SpringApplicationShutdownHook] o.s.b.f.s.DisposableBeanAdapter] Invocation of destroy method failed on bean with name 'inMemoryDatabaseShutdownExecutor': org.postgresql.util.PSQLException: ERROR: syntax error at or near "SHUTDOWN"
  Position: 1
2025-05-18 17:30:34,582 INFO [SpringApplicationShutdownHook] c.z.h.HikariDataSource] HikariPool-1 - Shutdown initiated...
2025-05-18 17:30:34,583 INFO [SpringApplicationShutdownHook] c.z.h.HikariDataSource] HikariPool-1 - Shutdown completed.
