2025-07-04 22:49:38,834 INFO [main] a.t.b.TourControllerIntegrationTest] Starting TourControllerIntegrationTest using Java 23.0.2 with PID 93104 (started by karim in /home/karim/dev/CS-Bachelor/Semester-4/TourPlanner/backend)
2025-07-04 22:49:38,834 INFO [main] a.t.b.TourControllerIntegrationTest] No active profile set, falling back to 1 default profile: "default"
2025-07-04 22:49:39,018 INFO [main] o.s.d.r.c.RepositoryConfigurationDelegate] Bootstrapping Spring Data JPA repositories in DEFAULT mode.
2025-07-04 22:49:39,043 INFO [main] o.s.d.r.c.RepositoryConfigurationDelegate] Finished Spring Data repository scanning in 20 ms. Found 2 JPA repository interfaces.
2025-07-04 22:49:39,271 INFO [main] o.h.j.i.u.LogHelper] HHH000204: Processing PersistenceUnitInfo [name: default]
2025-07-04 22:49:39,290 INFO [main] o.h.Version] HHH000412: Hibernate ORM core version 6.6.11.Final
2025-07-04 22:49:39,308 INFO [main] o.h.c.i.RegionFactoryInitiator] HHH000026: Second-level cache disabled
2025-07-04 22:49:39,415 INFO [main] o.s.o.j.p.SpringPersistenceUnitInfo] No LoadTimeWeaver setup: ignoring JPA class transformer
2025-07-04 22:49:39,427 INFO [main] c.z.h.HikariDataSource] HikariPool-1 - Starting...
2025-07-04 22:49:39,498 INFO [main] c.z.h.p.HikariPool] HikariPool-1 - Added connection conn0: url=jdbc:h2:mem:390a3491-48c8-438b-a7bd-cf9975ea1264 user=SA
2025-07-04 22:49:39,499 INFO [main] c.z.h.HikariDataSource] HikariPool-1 - Start completed.
2025-07-04 22:49:39,524 INFO [main] o.h.o.c.pooling] HHH10001005: Database info:
	Database JDBC URL [Connecting through datasource 'HikariDataSource (HikariPool-1)']
	Database driver: undefined/unknown
	Database version: 2.3.232
	Autocommit mode: undefined/unknown
	Isolation level: undefined/unknown
	Minimum pool size: undefined/unknown
	Maximum pool size: undefined/unknown
2025-07-04 22:49:39,866 INFO [main] o.h.e.t.j.p.i.JtaPlatformInitiator] HHH000489: No JTA platform available (set 'hibernate.transaction.jta.platform' to enable JTA platform integration)
2025-07-04 22:49:39,892 INFO [main] o.s.o.j.LocalContainerEntityManagerFactoryBean] Initialized JPA EntityManagerFactory for persistence unit 'default'
2025-07-04 22:49:40,057 WARN [main] o.s.b.a.o.j.JpaBaseConfiguration$JpaWebConfiguration] spring.jpa.open-in-view is enabled by default. Therefore, database queries may be performed during view rendering. Explicitly configure spring.jpa.open-in-view to disable this warning
2025-07-04 22:49:40,225 INFO [main] o.s.b.t.m.w.SpringBootMockServletContext] Initializing Spring TestDispatcherServlet ''
2025-07-04 22:49:40,225 INFO [main] o.s.t.w.s.TestDispatcherServlet] Initializing Servlet ''
2025-07-04 22:49:40,226 INFO [main] o.s.t.w.s.TestDispatcherServlet] Completed initialization in 1 ms
2025-07-04 22:49:40,237 INFO [main] a.t.b.TourControllerIntegrationTest] Started TourControllerIntegrationTest in 1.511 seconds (process running for 2.026)
2025-07-04 22:49:40,508 INFO [main] o.s.o.j.LocalContainerEntityManagerFactoryBean] Closing JPA EntityManagerFactory for persistence unit 'default'
2025-07-04 22:49:40,509 INFO [main] c.z.h.HikariDataSource] HikariPool-1 - Shutdown initiated...
2025-07-04 22:49:40,510 INFO [main] c.z.h.HikariDataSource] HikariPool-1 - Shutdown completed.
2025-07-04 22:49:40,515 INFO [main] o.s.b.d.r.RestartApplicationListener] Restart disabled due to context in which it is running
2025-07-04 22:49:40,530 INFO [main] a.t.b.TourControllerIntegrationTest] Starting TourControllerIntegrationTest using Java 23.0.2 with PID 93104 (started by karim in /home/karim/dev/CS-Bachelor/Semester-4/TourPlanner/backend)
2025-07-04 22:49:40,530 INFO [main] a.t.b.TourControllerIntegrationTest] No active profile set, falling back to 1 default profile: "default"
2025-07-04 22:49:40,579 INFO [main] o.s.d.r.c.RepositoryConfigurationDelegate] Bootstrapping Spring Data JPA repositories in DEFAULT mode.
2025-07-04 22:49:40,583 INFO [main] o.s.d.r.c.RepositoryConfigurationDelegate] Finished Spring Data repository scanning in 3 ms. Found 2 JPA repository interfaces.
2025-07-04 22:49:40,630 INFO [main] o.h.j.i.u.LogHelper] HHH000204: Processing PersistenceUnitInfo [name: default]
2025-07-04 22:49:40,631 INFO [main] o.h.c.i.RegionFactoryInitiator] HHH000026: Second-level cache disabled
2025-07-04 22:49:40,635 INFO [main] o.s.o.j.p.SpringPersistenceUnitInfo] No LoadTimeWeaver setup: ignoring JPA class transformer
2025-07-04 22:49:40,636 INFO [main] c.z.h.HikariDataSource] HikariPool-2 - Starting...
2025-07-04 22:49:40,638 INFO [main] c.z.h.p.HikariPool] HikariPool-2 - Added connection conn10: url=jdbc:h2:mem:89be8a1e-5c1a-4632-bc59-4010992dcbed user=SA
2025-07-04 22:49:40,638 INFO [main] c.z.h.HikariDataSource] HikariPool-2 - Start completed.
2025-07-04 22:49:40,638 INFO [main] o.h.o.c.pooling] HHH10001005: Database info:
	Database JDBC URL [Connecting through datasource 'HikariDataSource (HikariPool-2)']
	Database driver: undefined/unknown
	Database version: 2.3.232
	Autocommit mode: undefined/unknown
	Isolation level: undefined/unknown
	Minimum pool size: undefined/unknown
	Maximum pool size: undefined/unknown
2025-07-04 22:49:40,665 INFO [main] o.h.e.t.j.p.i.JtaPlatformInitiator] HHH000489: No JTA platform available (set 'hibernate.transaction.jta.platform' to enable JTA platform integration)
2025-07-04 22:49:40,667 INFO [main] o.s.o.j.LocalContainerEntityManagerFactoryBean] Initialized JPA EntityManagerFactory for persistence unit 'default'
2025-07-04 22:49:40,697 WARN [main] o.s.b.a.o.j.JpaBaseConfiguration$JpaWebConfiguration] spring.jpa.open-in-view is enabled by default. Therefore, database queries may be performed during view rendering. Explicitly configure spring.jpa.open-in-view to disable this warning
2025-07-04 22:49:40,735 INFO [main] o.s.b.t.m.w.SpringBootMockServletContext] Initializing Spring TestDispatcherServlet ''
2025-07-04 22:49:40,736 INFO [main] o.s.t.w.s.TestDispatcherServlet] Initializing Servlet ''
2025-07-04 22:49:40,736 INFO [main] o.s.t.w.s.TestDispatcherServlet] Completed initialization in 0 ms
2025-07-04 22:49:40,739 INFO [main] a.t.b.TourControllerIntegrationTest] Started TourControllerIntegrationTest in 0.224 seconds (process running for 2.528)
2025-07-04 22:49:40,754 INFO [main] o.s.o.j.LocalContainerEntityManagerFactoryBean] Closing JPA EntityManagerFactory for persistence unit 'default'
2025-07-04 22:49:40,755 INFO [main] c.z.h.HikariDataSource] HikariPool-2 - Shutdown initiated...
2025-07-04 22:49:40,769 INFO [main] c.z.h.HikariDataSource] HikariPool-2 - Shutdown completed.
2025-07-04 22:49:40,771 INFO [main] o.s.b.d.r.RestartApplicationListener] Restart disabled due to context in which it is running
2025-07-04 22:49:40,783 INFO [main] a.t.b.TourControllerIntegrationTest] Starting TourControllerIntegrationTest using Java 23.0.2 with PID 93104 (started by karim in /home/karim/dev/CS-Bachelor/Semester-4/TourPlanner/backend)
2025-07-04 22:49:40,783 INFO [main] a.t.b.TourControllerIntegrationTest] No active profile set, falling back to 1 default profile: "default"
2025-07-04 22:49:40,821 INFO [main] o.s.d.r.c.RepositoryConfigurationDelegate] Bootstrapping Spring Data JPA repositories in DEFAULT mode.
2025-07-04 22:49:40,824 INFO [main] o.s.d.r.c.RepositoryConfigurationDelegate] Finished Spring Data repository scanning in 1 ms. Found 2 JPA repository interfaces.
2025-07-04 22:49:40,860 INFO [main] o.h.j.i.u.LogHelper] HHH000204: Processing PersistenceUnitInfo [name: default]
2025-07-04 22:49:40,861 INFO [main] o.h.c.i.RegionFactoryInitiator] HHH000026: Second-level cache disabled
2025-07-04 22:49:40,864 INFO [main] o.s.o.j.p.SpringPersistenceUnitInfo] No LoadTimeWeaver setup: ignoring JPA class transformer
2025-07-04 22:49:40,864 INFO [main] c.z.h.HikariDataSource] HikariPool-3 - Starting...
2025-07-04 22:49:40,866 INFO [main] c.z.h.p.HikariPool] HikariPool-3 - Added connection conn12: url=jdbc:h2:mem:54d52163-72bf-4bc5-b7a1-e72308652b1f user=SA
2025-07-04 22:49:40,866 INFO [main] c.z.h.HikariDataSource] HikariPool-3 - Start completed.
2025-07-04 22:49:40,866 INFO [main] o.h.o.c.pooling] HHH10001005: Database info:
	Database JDBC URL [Connecting through datasource 'HikariDataSource (HikariPool-3)']
	Database driver: undefined/unknown
	Database version: 2.3.232
	Autocommit mode: undefined/unknown
	Isolation level: undefined/unknown
	Minimum pool size: undefined/unknown
	Maximum pool size: undefined/unknown
2025-07-04 22:49:40,892 INFO [main] o.h.e.t.j.p.i.JtaPlatformInitiator] HHH000489: No JTA platform available (set 'hibernate.transaction.jta.platform' to enable JTA platform integration)
2025-07-04 22:49:40,895 INFO [main] o.s.o.j.LocalContainerEntityManagerFactoryBean] Initialized JPA EntityManagerFactory for persistence unit 'default'
2025-07-04 22:49:40,916 WARN [main] o.s.b.a.o.j.JpaBaseConfiguration$JpaWebConfiguration] spring.jpa.open-in-view is enabled by default. Therefore, database queries may be performed during view rendering. Explicitly configure spring.jpa.open-in-view to disable this warning
2025-07-04 22:49:40,941 INFO [main] o.s.b.t.m.w.SpringBootMockServletContext] Initializing Spring TestDispatcherServlet ''
2025-07-04 22:49:40,941 INFO [main] o.s.t.w.s.TestDispatcherServlet] Initializing Servlet ''
2025-07-04 22:49:40,942 INFO [main] o.s.t.w.s.TestDispatcherServlet] Completed initialization in 0 ms
2025-07-04 22:49:40,944 INFO [main] a.t.b.TourControllerIntegrationTest] Started TourControllerIntegrationTest in 0.173 seconds (process running for 2.734)
2025-07-04 22:49:41,154 INFO [main] o.s.o.j.LocalContainerEntityManagerFactoryBean] Closing JPA EntityManagerFactory for persistence unit 'default'
2025-07-04 22:49:41,155 INFO [main] c.z.h.HikariDataSource] HikariPool-3 - Shutdown initiated...
2025-07-04 22:49:41,179 INFO [main] c.z.h.HikariDataSource] HikariPool-3 - Shutdown completed.
2025-07-04 22:49:41,181 INFO [main] o.s.b.d.r.RestartApplicationListener] Restart disabled due to context in which it is running
2025-07-04 22:49:41,192 INFO [main] a.t.b.TourControllerIntegrationTest] Starting TourControllerIntegrationTest using Java 23.0.2 with PID 93104 (started by karim in /home/karim/dev/CS-Bachelor/Semester-4/TourPlanner/backend)
2025-07-04 22:49:41,192 INFO [main] a.t.b.TourControllerIntegrationTest] No active profile set, falling back to 1 default profile: "default"
2025-07-04 22:49:41,226 INFO [main] o.s.d.r.c.RepositoryConfigurationDelegate] Bootstrapping Spring Data JPA repositories in DEFAULT mode.
2025-07-04 22:49:41,228 INFO [main] o.s.d.r.c.RepositoryConfigurationDelegate] Finished Spring Data repository scanning in 1 ms. Found 2 JPA repository interfaces.
2025-07-04 22:49:41,262 INFO [main] o.h.j.i.u.LogHelper] HHH000204: Processing PersistenceUnitInfo [name: default]
2025-07-04 22:49:41,262 INFO [main] o.h.c.i.RegionFactoryInitiator] HHH000026: Second-level cache disabled
2025-07-04 22:49:41,265 INFO [main] o.s.o.j.p.SpringPersistenceUnitInfo] No LoadTimeWeaver setup: ignoring JPA class transformer
2025-07-04 22:49:41,266 INFO [main] c.z.h.HikariDataSource] HikariPool-4 - Starting...
2025-07-04 22:49:41,267 INFO [main] c.z.h.p.HikariPool] HikariPool-4 - Added connection conn20: url=jdbc:h2:mem:0e433c4f-360f-4f53-8b9d-16505365210f user=SA
2025-07-04 22:49:41,267 INFO [main] c.z.h.HikariDataSource] HikariPool-4 - Start completed.
2025-07-04 22:49:41,267 INFO [main] o.h.o.c.pooling] HHH10001005: Database info:
	Database JDBC URL [Connecting through datasource 'HikariDataSource (HikariPool-4)']
	Database driver: undefined/unknown
	Database version: 2.3.232
	Autocommit mode: undefined/unknown
	Isolation level: undefined/unknown
	Minimum pool size: undefined/unknown
	Maximum pool size: undefined/unknown
2025-07-04 22:49:41,291 INFO [main] o.h.e.t.j.p.i.JtaPlatformInitiator] HHH000489: No JTA platform available (set 'hibernate.transaction.jta.platform' to enable JTA platform integration)
2025-07-04 22:49:41,294 INFO [main] o.s.o.j.LocalContainerEntityManagerFactoryBean] Initialized JPA EntityManagerFactory for persistence unit 'default'
2025-07-04 22:49:41,314 WARN [main] o.s.b.a.o.j.JpaBaseConfiguration$JpaWebConfiguration] spring.jpa.open-in-view is enabled by default. Therefore, database queries may be performed during view rendering. Explicitly configure spring.jpa.open-in-view to disable this warning
2025-07-04 22:49:41,339 INFO [main] o.s.b.t.m.w.SpringBootMockServletContext] Initializing Spring TestDispatcherServlet ''
2025-07-04 22:49:41,339 INFO [main] o.s.t.w.s.TestDispatcherServlet] Initializing Servlet ''
2025-07-04 22:49:41,339 INFO [main] o.s.t.w.s.TestDispatcherServlet] Completed initialization in 0 ms
2025-07-04 22:49:41,344 INFO [main] a.t.b.TourControllerIntegrationTest] Started TourControllerIntegrationTest in 0.163 seconds (process running for 3.133)
2025-07-04 22:49:41,364 INFO [main] o.s.o.j.LocalContainerEntityManagerFactoryBean] Closing JPA EntityManagerFactory for persistence unit 'default'
2025-07-04 22:49:41,364 INFO [main] c.z.h.HikariDataSource] HikariPool-4 - Shutdown initiated...
2025-07-04 22:49:41,364 INFO [main] c.z.h.HikariDataSource] HikariPool-4 - Shutdown completed.
2025-07-04 22:49:41,366 INFO [main] o.s.b.d.r.RestartApplicationListener] Restart disabled due to context in which it is running
2025-07-04 22:49:41,377 INFO [main] a.t.b.TourControllerIntegrationTest] Starting TourControllerIntegrationTest using Java 23.0.2 with PID 93104 (started by karim in /home/karim/dev/CS-Bachelor/Semester-4/TourPlanner/backend)
2025-07-04 22:49:41,377 INFO [main] a.t.b.TourControllerIntegrationTest] No active profile set, falling back to 1 default profile: "default"
2025-07-04 22:49:41,409 INFO [main] o.s.d.r.c.RepositoryConfigurationDelegate] Bootstrapping Spring Data JPA repositories in DEFAULT mode.
2025-07-04 22:49:41,412 INFO [main] o.s.d.r.c.RepositoryConfigurationDelegate] Finished Spring Data repository scanning in 2 ms. Found 2 JPA repository interfaces.
2025-07-04 22:49:41,441 INFO [main] o.h.j.i.u.LogHelper] HHH000204: Processing PersistenceUnitInfo [name: default]
2025-07-04 22:49:41,442 INFO [main] o.h.c.i.RegionFactoryInitiator] HHH000026: Second-level cache disabled
2025-07-04 22:49:41,445 INFO [main] o.s.o.j.p.SpringPersistenceUnitInfo] No LoadTimeWeaver setup: ignoring JPA class transformer
2025-07-04 22:49:41,445 INFO [main] c.z.h.HikariDataSource] HikariPool-5 - Starting...
2025-07-04 22:49:41,446 INFO [main] c.z.h.p.HikariPool] HikariPool-5 - Added connection conn21: url=jdbc:h2:mem:28766cb9-3df5-4c9d-b555-2860c8208732 user=SA
2025-07-04 22:49:41,446 INFO [main] c.z.h.HikariDataSource] HikariPool-5 - Start completed.
2025-07-04 22:49:41,447 INFO [main] o.h.o.c.pooling] HHH10001005: Database info:
	Database JDBC URL [Connecting through datasource 'HikariDataSource (HikariPool-5)']
	Database driver: undefined/unknown
	Database version: 2.3.232
	Autocommit mode: undefined/unknown
	Isolation level: undefined/unknown
	Minimum pool size: undefined/unknown
	Maximum pool size: undefined/unknown
2025-07-04 22:49:41,467 INFO [main] o.h.e.t.j.p.i.JtaPlatformInitiator] HHH000489: No JTA platform available (set 'hibernate.transaction.jta.platform' to enable JTA platform integration)
2025-07-04 22:49:41,469 INFO [main] o.s.o.j.LocalContainerEntityManagerFactoryBean] Initialized JPA EntityManagerFactory for persistence unit 'default'
2025-07-04 22:49:41,487 WARN [main] o.s.b.a.o.j.JpaBaseConfiguration$JpaWebConfiguration] spring.jpa.open-in-view is enabled by default. Therefore, database queries may be performed during view rendering. Explicitly configure spring.jpa.open-in-view to disable this warning
2025-07-04 22:49:41,510 INFO [main] o.s.b.t.m.w.SpringBootMockServletContext] Initializing Spring TestDispatcherServlet ''
2025-07-04 22:49:41,510 INFO [main] o.s.t.w.s.TestDispatcherServlet] Initializing Servlet ''
2025-07-04 22:49:41,510 INFO [main] o.s.t.w.s.TestDispatcherServlet] Completed initialization in 0 ms
2025-07-04 22:49:41,512 INFO [main] a.t.b.TourControllerIntegrationTest] Started TourControllerIntegrationTest in 0.146 seconds (process running for 3.301)
2025-07-04 22:49:41,527 INFO [main] o.s.o.j.LocalContainerEntityManagerFactoryBean] Closing JPA EntityManagerFactory for persistence unit 'default'
2025-07-04 22:49:41,527 INFO [main] c.z.h.HikariDataSource] HikariPool-5 - Shutdown initiated...
2025-07-04 22:49:41,527 INFO [main] c.z.h.HikariDataSource] HikariPool-5 - Shutdown completed.
2025-07-04 22:49:41,529 INFO [main] o.s.b.d.r.RestartApplicationListener] Restart disabled due to context in which it is running
2025-07-04 22:49:41,539 INFO [main] a.t.b.TourControllerIntegrationTest] Starting TourControllerIntegrationTest using Java 23.0.2 with PID 93104 (started by karim in /home/karim/dev/CS-Bachelor/Semester-4/TourPlanner/backend)
2025-07-04 22:49:41,540 INFO [main] a.t.b.TourControllerIntegrationTest] No active profile set, falling back to 1 default profile: "default"
2025-07-04 22:49:41,577 INFO [main] o.s.d.r.c.RepositoryConfigurationDelegate] Bootstrapping Spring Data JPA repositories in DEFAULT mode.
2025-07-04 22:49:41,580 INFO [main] o.s.d.r.c.RepositoryConfigurationDelegate] Finished Spring Data repository scanning in 1 ms. Found 2 JPA repository interfaces.
2025-07-04 22:49:41,603 INFO [main] o.h.j.i.u.LogHelper] HHH000204: Processing PersistenceUnitInfo [name: default]
2025-07-04 22:49:41,604 INFO [main] o.h.c.i.RegionFactoryInitiator] HHH000026: Second-level cache disabled
2025-07-04 22:49:41,607 INFO [main] o.s.o.j.p.SpringPersistenceUnitInfo] No LoadTimeWeaver setup: ignoring JPA class transformer
2025-07-04 22:49:41,607 INFO [main] c.z.h.HikariDataSource] HikariPool-6 - Starting...
2025-07-04 22:49:41,608 INFO [main] c.z.h.p.HikariPool] HikariPool-6 - Added connection conn22: url=jdbc:h2:mem:38aa9820-1d2a-4eb6-8bd4-14a541f39554 user=SA
2025-07-04 22:49:41,608 INFO [main] c.z.h.HikariDataSource] HikariPool-6 - Start completed.
2025-07-04 22:49:41,609 INFO [main] o.h.o.c.pooling] HHH10001005: Database info:
	Database JDBC URL [Connecting through datasource 'HikariDataSource (HikariPool-6)']
	Database driver: undefined/unknown
	Database version: 2.3.232
	Autocommit mode: undefined/unknown
	Isolation level: undefined/unknown
	Minimum pool size: undefined/unknown
	Maximum pool size: undefined/unknown
2025-07-04 22:49:41,628 INFO [main] o.h.e.t.j.p.i.JtaPlatformInitiator] HHH000489: No JTA platform available (set 'hibernate.transaction.jta.platform' to enable JTA platform integration)
2025-07-04 22:49:41,631 INFO [main] o.s.o.j.LocalContainerEntityManagerFactoryBean] Initialized JPA EntityManagerFactory for persistence unit 'default'
2025-07-04 22:49:41,647 WARN [main] o.s.b.a.o.j.JpaBaseConfiguration$JpaWebConfiguration] spring.jpa.open-in-view is enabled by default. Therefore, database queries may be performed during view rendering. Explicitly configure spring.jpa.open-in-view to disable this warning
2025-07-04 22:49:41,668 INFO [main] o.s.b.t.m.w.SpringBootMockServletContext] Initializing Spring TestDispatcherServlet ''
2025-07-04 22:49:41,668 INFO [main] o.s.t.w.s.TestDispatcherServlet] Initializing Servlet ''
2025-07-04 22:49:41,668 INFO [main] o.s.t.w.s.TestDispatcherServlet] Completed initialization in 0 ms
2025-07-04 22:49:41,670 INFO [main] a.t.b.TourControllerIntegrationTest] Started TourControllerIntegrationTest in 0.141 seconds (process running for 3.46)
2025-07-04 22:49:41,676 INFO [main] o.s.o.j.LocalContainerEntityManagerFactoryBean] Closing JPA EntityManagerFactory for persistence unit 'default'
2025-07-04 22:49:41,676 INFO [main] c.z.h.HikariDataSource] HikariPool-6 - Shutdown initiated...
2025-07-04 22:49:41,677 INFO [main] c.z.h.HikariDataSource] HikariPool-6 - Shutdown completed.
2025-07-04 22:49:41,679 INFO [main] o.s.b.d.r.RestartApplicationListener] Restart disabled due to context in which it is running
2025-07-04 22:49:41,687 INFO [main] a.t.b.TourControllerIntegrationTest] Starting TourControllerIntegrationTest using Java 23.0.2 with PID 93104 (started by karim in /home/karim/dev/CS-Bachelor/Semester-4/TourPlanner/backend)
2025-07-04 22:49:41,687 INFO [main] a.t.b.TourControllerIntegrationTest] No active profile set, falling back to 1 default profile: "default"
2025-07-04 22:49:41,713 INFO [main] o.s.d.r.c.RepositoryConfigurationDelegate] Bootstrapping Spring Data JPA repositories in DEFAULT mode.
2025-07-04 22:49:41,715 INFO [main] o.s.d.r.c.RepositoryConfigurationDelegate] Finished Spring Data repository scanning in 1 ms. Found 2 JPA repository interfaces.
2025-07-04 22:49:41,740 INFO [main] o.h.j.i.u.LogHelper] HHH000204: Processing PersistenceUnitInfo [name: default]
2025-07-04 22:49:41,740 INFO [main] o.h.c.i.RegionFactoryInitiator] HHH000026: Second-level cache disabled
2025-07-04 22:49:41,743 INFO [main] o.s.o.j.p.SpringPersistenceUnitInfo] No LoadTimeWeaver setup: ignoring JPA class transformer
2025-07-04 22:49:41,743 INFO [main] c.z.h.HikariDataSource] HikariPool-7 - Starting...
2025-07-04 22:49:41,744 INFO [main] c.z.h.p.HikariPool] HikariPool-7 - Added connection conn23: url=jdbc:h2:mem:c7dc67d3-db34-4945-a920-988e25a73ef8 user=SA
2025-07-04 22:49:41,744 INFO [main] c.z.h.HikariDataSource] HikariPool-7 - Start completed.
2025-07-04 22:49:41,744 INFO [main] o.h.o.c.pooling] HHH10001005: Database info:
	Database JDBC URL [Connecting through datasource 'HikariDataSource (HikariPool-7)']
	Database driver: undefined/unknown
	Database version: 2.3.232
	Autocommit mode: undefined/unknown
	Isolation level: undefined/unknown
	Minimum pool size: undefined/unknown
	Maximum pool size: undefined/unknown
2025-07-04 22:49:41,763 INFO [main] o.h.e.t.j.p.i.JtaPlatformInitiator] HHH000489: No JTA platform available (set 'hibernate.transaction.jta.platform' to enable JTA platform integration)
2025-07-04 22:49:41,765 INFO [main] o.s.o.j.LocalContainerEntityManagerFactoryBean] Initialized JPA EntityManagerFactory for persistence unit 'default'
2025-07-04 22:49:41,779 WARN [main] o.s.b.a.o.j.JpaBaseConfiguration$JpaWebConfiguration] spring.jpa.open-in-view is enabled by default. Therefore, database queries may be performed during view rendering. Explicitly configure spring.jpa.open-in-view to disable this warning
2025-07-04 22:49:41,798 INFO [main] o.s.b.t.m.w.SpringBootMockServletContext] Initializing Spring TestDispatcherServlet ''
2025-07-04 22:49:41,798 INFO [main] o.s.t.w.s.TestDispatcherServlet] Initializing Servlet ''
2025-07-04 22:49:41,798 INFO [main] o.s.t.w.s.TestDispatcherServlet] Completed initialization in 0 ms
2025-07-04 22:49:41,800 INFO [main] a.t.b.TourControllerIntegrationTest] Started TourControllerIntegrationTest in 0.122 seconds (process running for 3.59)
2025-07-04 22:49:41,806 INFO [main] o.s.o.j.LocalContainerEntityManagerFactoryBean] Closing JPA EntityManagerFactory for persistence unit 'default'
2025-07-04 22:49:41,806 INFO [main] c.z.h.HikariDataSource] HikariPool-7 - Shutdown initiated...
2025-07-04 22:49:41,806 INFO [main] c.z.h.HikariDataSource] HikariPool-7 - Shutdown completed.
2025-07-04 22:49:41,808 INFO [main] o.s.b.d.r.RestartApplicationListener] Restart disabled due to context in which it is running
2025-07-04 22:49:41,816 INFO [main] a.t.b.TourControllerIntegrationTest] Starting TourControllerIntegrationTest using Java 23.0.2 with PID 93104 (started by karim in /home/karim/dev/CS-Bachelor/Semester-4/TourPlanner/backend)
2025-07-04 22:49:41,816 INFO [main] a.t.b.TourControllerIntegrationTest] No active profile set, falling back to 1 default profile: "default"
2025-07-04 22:49:41,841 INFO [main] o.s.d.r.c.RepositoryConfigurationDelegate] Bootstrapping Spring Data JPA repositories in DEFAULT mode.
2025-07-04 22:49:41,843 INFO [main] o.s.d.r.c.RepositoryConfigurationDelegate] Finished Spring Data repository scanning in 1 ms. Found 2 JPA repository interfaces.
2025-07-04 22:49:41,867 INFO [main] o.h.j.i.u.LogHelper] HHH000204: Processing PersistenceUnitInfo [name: default]
2025-07-04 22:49:41,867 INFO [main] o.h.c.i.RegionFactoryInitiator] HHH000026: Second-level cache disabled
2025-07-04 22:49:41,870 INFO [main] o.s.o.j.p.SpringPersistenceUnitInfo] No LoadTimeWeaver setup: ignoring JPA class transformer
2025-07-04 22:49:41,870 INFO [main] c.z.h.HikariDataSource] HikariPool-8 - Starting...
2025-07-04 22:49:41,871 INFO [main] c.z.h.p.HikariPool] HikariPool-8 - Added connection conn24: url=jdbc:h2:mem:4b415804-2273-459b-971d-d1d723a193a5 user=SA
2025-07-04 22:49:41,871 INFO [main] c.z.h.HikariDataSource] HikariPool-8 - Start completed.
2025-07-04 22:49:41,872 INFO [main] o.h.o.c.pooling] HHH10001005: Database info:
	Database JDBC URL [Connecting through datasource 'HikariDataSource (HikariPool-8)']
	Database driver: undefined/unknown
	Database version: 2.3.232
	Autocommit mode: undefined/unknown
	Isolation level: undefined/unknown
	Minimum pool size: undefined/unknown
	Maximum pool size: undefined/unknown
2025-07-04 22:49:41,890 INFO [main] o.h.e.t.j.p.i.JtaPlatformInitiator] HHH000489: No JTA platform available (set 'hibernate.transaction.jta.platform' to enable JTA platform integration)
2025-07-04 22:49:41,892 INFO [main] o.s.o.j.LocalContainerEntityManagerFactoryBean] Initialized JPA EntityManagerFactory for persistence unit 'default'
2025-07-04 22:49:41,908 WARN [main] o.s.b.a.o.j.JpaBaseConfiguration$JpaWebConfiguration] spring.jpa.open-in-view is enabled by default. Therefore, database queries may be performed during view rendering. Explicitly configure spring.jpa.open-in-view to disable this warning
2025-07-04 22:49:41,927 INFO [main] o.s.b.t.m.w.SpringBootMockServletContext] Initializing Spring TestDispatcherServlet ''
2025-07-04 22:49:41,927 INFO [main] o.s.t.w.s.TestDispatcherServlet] Initializing Servlet ''
2025-07-04 22:49:41,927 INFO [main] o.s.t.w.s.TestDispatcherServlet] Completed initialization in 0 ms
2025-07-04 22:49:41,929 INFO [main] a.t.b.TourControllerIntegrationTest] Started TourControllerIntegrationTest in 0.121 seconds (process running for 3.719)
2025-07-04 22:49:41,938 INFO [main] o.s.o.j.LocalContainerEntityManagerFactoryBean] Closing JPA EntityManagerFactory for persistence unit 'default'
2025-07-04 22:49:41,938 INFO [main] c.z.h.HikariDataSource] HikariPool-8 - Shutdown initiated...
2025-07-04 22:49:41,939 INFO [main] c.z.h.HikariDataSource] HikariPool-8 - Shutdown completed.
