2025-06-03 21:48:17,717 INFO [main] a.t.b.TourControllerIntegrationTest] Starting TourControllerIntegrationTest using Java 23.0.2 with PID 13689 (started by karim in /home/karim/dev/CS-Bachelor/Semester-4/TourPlanner/backend)
2025-06-03 21:48:17,717 INFO [main] a.t.b.TourControllerIntegrationTest] No active profile set, falling back to 1 default profile: "default"
2025-06-03 21:48:17,916 INFO [main] o.s.d.r.c.RepositoryConfigurationDelegate] Bootstrapping Spring Data JPA repositories in DEFAULT mode.
2025-06-03 21:48:17,939 INFO [main] o.s.d.r.c.RepositoryConfigurationDelegate] Finished Spring Data repository scanning in 18 ms. Found 2 JPA repository interfaces.
2025-06-03 21:48:18,213 INFO [main] o.h.j.i.u.LogHelper] HHH000204: Processing PersistenceUnitInfo [name: default]
2025-06-03 21:48:18,244 INFO [main] o.h.Version] HHH000412: Hibernate ORM core version 6.6.11.Final
2025-06-03 21:48:18,263 INFO [main] o.h.c.i.RegionFactoryInitiator] HHH000026: Second-level cache disabled
2025-06-03 21:48:18,392 INFO [main] o.s.o.j.p.SpringPersistenceUnitInfo] No LoadTimeWeaver setup: ignoring JPA class transformer
2025-06-03 21:48:18,408 INFO [main] c.z.h.HikariDataSource] HikariPool-1 - Starting...
2025-06-03 21:48:18,488 INFO [main] c.z.h.p.HikariPool] HikariPool-1 - Added connection conn0: url=jdbc:h2:mem:abc897ab-8687-4885-8fcd-872ae178774a user=SA
2025-06-03 21:48:18,489 INFO [main] c.z.h.HikariDataSource] HikariPool-1 - Start completed.
2025-06-03 21:48:18,512 INFO [main] o.h.o.c.pooling] HHH10001005: Database info:
	Database JDBC URL [Connecting through datasource 'HikariDataSource (HikariPool-1)']
	Database driver: undefined/unknown
	Database version: 2.3.232
	Autocommit mode: undefined/unknown
	Isolation level: undefined/unknown
	Minimum pool size: undefined/unknown
	Maximum pool size: undefined/unknown
2025-06-03 21:48:18,847 INFO [main] o.h.e.t.j.p.i.JtaPlatformInitiator] HHH000489: No JTA platform available (set 'hibernate.transaction.jta.platform' to enable JTA platform integration)
2025-06-03 21:48:18,872 INFO [main] o.s.o.j.LocalContainerEntityManagerFactoryBean] Initialized JPA EntityManagerFactory for persistence unit 'default'
2025-06-03 21:48:19,081 WARN [main] o.s.b.a.o.j.JpaBaseConfiguration$JpaWebConfiguration] spring.jpa.open-in-view is enabled by default. Therefore, database queries may be performed during view rendering. Explicitly configure spring.jpa.open-in-view to disable this warning
2025-06-03 21:48:19,254 INFO [main] o.s.b.t.m.w.SpringBootMockServletContext] Initializing Spring TestDispatcherServlet ''
2025-06-03 21:48:19,254 INFO [main] o.s.t.w.s.TestDispatcherServlet] Initializing Servlet ''
2025-06-03 21:48:19,254 INFO [main] o.s.t.w.s.TestDispatcherServlet] Completed initialization in 0 ms
2025-06-03 21:48:19,265 INFO [main] a.t.b.TourControllerIntegrationTest] Started TourControllerIntegrationTest in 1.665 seconds (process running for 2.199)
2025-06-03 21:48:19,563 INFO [main] o.s.o.j.LocalContainerEntityManagerFactoryBean] Closing JPA EntityManagerFactory for persistence unit 'default'
2025-06-03 21:48:19,564 INFO [main] c.z.h.HikariDataSource] HikariPool-1 - Shutdown initiated...
2025-06-03 21:48:19,565 INFO [main] c.z.h.HikariDataSource] HikariPool-1 - Shutdown completed.
2025-06-03 21:48:19,570 INFO [main] o.s.b.d.r.RestartApplicationListener] Restart disabled due to context in which it is running
2025-06-03 21:48:19,584 INFO [main] a.t.b.TourControllerIntegrationTest] Starting TourControllerIntegrationTest using Java 23.0.2 with PID 13689 (started by karim in /home/karim/dev/CS-Bachelor/Semester-4/TourPlanner/backend)
2025-06-03 21:48:19,584 INFO [main] a.t.b.TourControllerIntegrationTest] No active profile set, falling back to 1 default profile: "default"
2025-06-03 21:48:19,629 INFO [main] o.s.d.r.c.RepositoryConfigurationDelegate] Bootstrapping Spring Data JPA repositories in DEFAULT mode.
2025-06-03 21:48:19,632 INFO [main] o.s.d.r.c.RepositoryConfigurationDelegate] Finished Spring Data repository scanning in 2 ms. Found 2 JPA repository interfaces.
2025-06-03 21:48:19,681 INFO [main] o.h.j.i.u.LogHelper] HHH000204: Processing PersistenceUnitInfo [name: default]
2025-06-03 21:48:19,682 INFO [main] o.h.c.i.RegionFactoryInitiator] HHH000026: Second-level cache disabled
2025-06-03 21:48:19,685 INFO [main] o.s.o.j.p.SpringPersistenceUnitInfo] No LoadTimeWeaver setup: ignoring JPA class transformer
2025-06-03 21:48:19,685 INFO [main] c.z.h.HikariDataSource] HikariPool-2 - Starting...
2025-06-03 21:48:19,687 INFO [main] c.z.h.p.HikariPool] HikariPool-2 - Added connection conn10: url=jdbc:h2:mem:a8bad3af-35f7-4d23-8b84-ce102846f62b user=SA
2025-06-03 21:48:19,687 INFO [main] c.z.h.HikariDataSource] HikariPool-2 - Start completed.
2025-06-03 21:48:19,687 INFO [main] o.h.o.c.pooling] HHH10001005: Database info:
	Database JDBC URL [Connecting through datasource 'HikariDataSource (HikariPool-2)']
	Database driver: undefined/unknown
	Database version: 2.3.232
	Autocommit mode: undefined/unknown
	Isolation level: undefined/unknown
	Minimum pool size: undefined/unknown
	Maximum pool size: undefined/unknown
2025-06-03 21:48:19,713 INFO [main] o.h.e.t.j.p.i.JtaPlatformInitiator] HHH000489: No JTA platform available (set 'hibernate.transaction.jta.platform' to enable JTA platform integration)
2025-06-03 21:48:19,716 INFO [main] o.s.o.j.LocalContainerEntityManagerFactoryBean] Initialized JPA EntityManagerFactory for persistence unit 'default'
2025-06-03 21:48:19,742 WARN [main] o.s.b.a.o.j.JpaBaseConfiguration$JpaWebConfiguration] spring.jpa.open-in-view is enabled by default. Therefore, database queries may be performed during view rendering. Explicitly configure spring.jpa.open-in-view to disable this warning
2025-06-03 21:48:19,774 INFO [main] o.s.b.t.m.w.SpringBootMockServletContext] Initializing Spring TestDispatcherServlet ''
2025-06-03 21:48:19,775 INFO [main] o.s.t.w.s.TestDispatcherServlet] Initializing Servlet ''
2025-06-03 21:48:19,775 INFO [main] o.s.t.w.s.TestDispatcherServlet] Completed initialization in 0 ms
2025-06-03 21:48:19,778 INFO [main] a.t.b.TourControllerIntegrationTest] Started TourControllerIntegrationTest in 0.208 seconds (process running for 2.712)
2025-06-03 21:48:19,795 INFO [main] o.s.o.j.LocalContainerEntityManagerFactoryBean] Closing JPA EntityManagerFactory for persistence unit 'default'
2025-06-03 21:48:19,796 INFO [main] c.z.h.HikariDataSource] HikariPool-2 - Shutdown initiated...
2025-06-03 21:48:19,818 INFO [main] c.z.h.HikariDataSource] HikariPool-2 - Shutdown completed.
2025-06-03 21:48:19,823 INFO [main] o.s.b.d.r.RestartApplicationListener] Restart disabled due to context in which it is running
2025-06-03 21:48:19,836 INFO [main] a.t.b.TourControllerIntegrationTest] Starting TourControllerIntegrationTest using Java 23.0.2 with PID 13689 (started by karim in /home/karim/dev/CS-Bachelor/Semester-4/TourPlanner/backend)
2025-06-03 21:48:19,837 INFO [main] a.t.b.TourControllerIntegrationTest] No active profile set, falling back to 1 default profile: "default"
2025-06-03 21:48:19,872 INFO [main] o.s.d.r.c.RepositoryConfigurationDelegate] Bootstrapping Spring Data JPA repositories in DEFAULT mode.
2025-06-03 21:48:19,875 INFO [main] o.s.d.r.c.RepositoryConfigurationDelegate] Finished Spring Data repository scanning in 2 ms. Found 2 JPA repository interfaces.
2025-06-03 21:48:19,909 INFO [main] o.h.j.i.u.LogHelper] HHH000204: Processing PersistenceUnitInfo [name: default]
2025-06-03 21:48:19,910 INFO [main] o.h.c.i.RegionFactoryInitiator] HHH000026: Second-level cache disabled
2025-06-03 21:48:19,913 INFO [main] o.s.o.j.p.SpringPersistenceUnitInfo] No LoadTimeWeaver setup: ignoring JPA class transformer
2025-06-03 21:48:19,914 INFO [main] c.z.h.HikariDataSource] HikariPool-3 - Starting...
2025-06-03 21:48:19,915 INFO [main] c.z.h.p.HikariPool] HikariPool-3 - Added connection conn12: url=jdbc:h2:mem:9605d031-586e-4864-a75f-f037700ecaf8 user=SA
2025-06-03 21:48:19,915 INFO [main] c.z.h.HikariDataSource] HikariPool-3 - Start completed.
2025-06-03 21:48:19,916 INFO [main] o.h.o.c.pooling] HHH10001005: Database info:
	Database JDBC URL [Connecting through datasource 'HikariDataSource (HikariPool-3)']
	Database driver: undefined/unknown
	Database version: 2.3.232
	Autocommit mode: undefined/unknown
	Isolation level: undefined/unknown
	Minimum pool size: undefined/unknown
	Maximum pool size: undefined/unknown
2025-06-03 21:48:19,941 INFO [main] o.h.e.t.j.p.i.JtaPlatformInitiator] HHH000489: No JTA platform available (set 'hibernate.transaction.jta.platform' to enable JTA platform integration)
2025-06-03 21:48:19,944 INFO [main] o.s.o.j.LocalContainerEntityManagerFactoryBean] Initialized JPA EntityManagerFactory for persistence unit 'default'
2025-06-03 21:48:19,963 WARN [main] o.s.b.a.o.j.JpaBaseConfiguration$JpaWebConfiguration] spring.jpa.open-in-view is enabled by default. Therefore, database queries may be performed during view rendering. Explicitly configure spring.jpa.open-in-view to disable this warning
2025-06-03 21:48:19,988 INFO [main] o.s.b.t.m.w.SpringBootMockServletContext] Initializing Spring TestDispatcherServlet ''
2025-06-03 21:48:19,988 INFO [main] o.s.t.w.s.TestDispatcherServlet] Initializing Servlet ''
2025-06-03 21:48:19,989 INFO [main] o.s.t.w.s.TestDispatcherServlet] Completed initialization in 1 ms
2025-06-03 21:48:19,991 INFO [main] a.t.b.TourControllerIntegrationTest] Started TourControllerIntegrationTest in 0.168 seconds (process running for 2.925)
2025-06-03 21:48:20,190 INFO [main] o.s.o.j.LocalContainerEntityManagerFactoryBean] Closing JPA EntityManagerFactory for persistence unit 'default'
2025-06-03 21:48:20,190 INFO [main] c.z.h.HikariDataSource] HikariPool-3 - Shutdown initiated...
2025-06-03 21:48:20,199 INFO [main] c.z.h.HikariDataSource] HikariPool-3 - Shutdown completed.
2025-06-03 21:48:20,201 INFO [main] o.s.b.d.r.RestartApplicationListener] Restart disabled due to context in which it is running
2025-06-03 21:48:20,211 INFO [main] a.t.b.TourControllerIntegrationTest] Starting TourControllerIntegrationTest using Java 23.0.2 with PID 13689 (started by karim in /home/karim/dev/CS-Bachelor/Semester-4/TourPlanner/backend)
2025-06-03 21:48:20,211 INFO [main] a.t.b.TourControllerIntegrationTest] No active profile set, falling back to 1 default profile: "default"
2025-06-03 21:48:20,244 INFO [main] o.s.d.r.c.RepositoryConfigurationDelegate] Bootstrapping Spring Data JPA repositories in DEFAULT mode.
2025-06-03 21:48:20,247 INFO [main] o.s.d.r.c.RepositoryConfigurationDelegate] Finished Spring Data repository scanning in 2 ms. Found 2 JPA repository interfaces.
2025-06-03 21:48:20,278 INFO [main] o.h.j.i.u.LogHelper] HHH000204: Processing PersistenceUnitInfo [name: default]
2025-06-03 21:48:20,279 INFO [main] o.h.c.i.RegionFactoryInitiator] HHH000026: Second-level cache disabled
2025-06-03 21:48:20,282 INFO [main] o.s.o.j.p.SpringPersistenceUnitInfo] No LoadTimeWeaver setup: ignoring JPA class transformer
2025-06-03 21:48:20,282 INFO [main] c.z.h.HikariDataSource] HikariPool-4 - Starting...
2025-06-03 21:48:20,283 INFO [main] c.z.h.p.HikariPool] HikariPool-4 - Added connection conn19: url=jdbc:h2:mem:e548b426-08e5-4535-bca5-56f8d2eff90c user=SA
2025-06-03 21:48:20,284 INFO [main] c.z.h.HikariDataSource] HikariPool-4 - Start completed.
2025-06-03 21:48:20,284 INFO [main] o.h.o.c.pooling] HHH10001005: Database info:
	Database JDBC URL [Connecting through datasource 'HikariDataSource (HikariPool-4)']
	Database driver: undefined/unknown
	Database version: 2.3.232
	Autocommit mode: undefined/unknown
	Isolation level: undefined/unknown
	Minimum pool size: undefined/unknown
	Maximum pool size: undefined/unknown
2025-06-03 21:48:20,304 INFO [main] o.h.e.t.j.p.i.JtaPlatformInitiator] HHH000489: No JTA platform available (set 'hibernate.transaction.jta.platform' to enable JTA platform integration)
2025-06-03 21:48:20,306 INFO [main] o.s.o.j.LocalContainerEntityManagerFactoryBean] Initialized JPA EntityManagerFactory for persistence unit 'default'
2025-06-03 21:48:20,324 WARN [main] o.s.b.a.o.j.JpaBaseConfiguration$JpaWebConfiguration] spring.jpa.open-in-view is enabled by default. Therefore, database queries may be performed during view rendering. Explicitly configure spring.jpa.open-in-view to disable this warning
2025-06-03 21:48:20,350 INFO [main] o.s.b.t.m.w.SpringBootMockServletContext] Initializing Spring TestDispatcherServlet ''
2025-06-03 21:48:20,350 INFO [main] o.s.t.w.s.TestDispatcherServlet] Initializing Servlet ''
2025-06-03 21:48:20,350 INFO [main] o.s.t.w.s.TestDispatcherServlet] Completed initialization in 0 ms
2025-06-03 21:48:20,354 INFO [main] a.t.b.TourControllerIntegrationTest] Started TourControllerIntegrationTest in 0.154 seconds (process running for 3.288)
2025-06-03 21:48:20,373 INFO [main] o.s.o.j.LocalContainerEntityManagerFactoryBean] Closing JPA EntityManagerFactory for persistence unit 'default'
2025-06-03 21:48:20,374 INFO [main] c.z.h.HikariDataSource] HikariPool-4 - Shutdown initiated...
2025-06-03 21:48:20,374 INFO [main] c.z.h.HikariDataSource] HikariPool-4 - Shutdown completed.
2025-06-03 21:48:20,376 INFO [main] o.s.b.d.r.RestartApplicationListener] Restart disabled due to context in which it is running
2025-06-03 21:48:20,385 INFO [main] a.t.b.TourControllerIntegrationTest] Starting TourControllerIntegrationTest using Java 23.0.2 with PID 13689 (started by karim in /home/karim/dev/CS-Bachelor/Semester-4/TourPlanner/backend)
2025-06-03 21:48:20,385 INFO [main] a.t.b.TourControllerIntegrationTest] No active profile set, falling back to 1 default profile: "default"
2025-06-03 21:48:20,418 INFO [main] o.s.d.r.c.RepositoryConfigurationDelegate] Bootstrapping Spring Data JPA repositories in DEFAULT mode.
2025-06-03 21:48:20,421 INFO [main] o.s.d.r.c.RepositoryConfigurationDelegate] Finished Spring Data repository scanning in 2 ms. Found 2 JPA repository interfaces.
2025-06-03 21:48:20,449 INFO [main] o.h.j.i.u.LogHelper] HHH000204: Processing PersistenceUnitInfo [name: default]
2025-06-03 21:48:20,450 INFO [main] o.h.c.i.RegionFactoryInitiator] HHH000026: Second-level cache disabled
2025-06-03 21:48:20,453 INFO [main] o.s.o.j.p.SpringPersistenceUnitInfo] No LoadTimeWeaver setup: ignoring JPA class transformer
2025-06-03 21:48:20,453 INFO [main] c.z.h.HikariDataSource] HikariPool-5 - Starting...
2025-06-03 21:48:20,454 INFO [main] c.z.h.p.HikariPool] HikariPool-5 - Added connection conn20: url=jdbc:h2:mem:073888ab-7530-4b09-bfe7-a346a34ff737 user=SA
2025-06-03 21:48:20,454 INFO [main] c.z.h.HikariDataSource] HikariPool-5 - Start completed.
2025-06-03 21:48:20,455 INFO [main] o.h.o.c.pooling] HHH10001005: Database info:
	Database JDBC URL [Connecting through datasource 'HikariDataSource (HikariPool-5)']
	Database driver: undefined/unknown
	Database version: 2.3.232
	Autocommit mode: undefined/unknown
	Isolation level: undefined/unknown
	Minimum pool size: undefined/unknown
	Maximum pool size: undefined/unknown
2025-06-03 21:48:20,475 INFO [main] o.h.e.t.j.p.i.JtaPlatformInitiator] HHH000489: No JTA platform available (set 'hibernate.transaction.jta.platform' to enable JTA platform integration)
2025-06-03 21:48:20,477 INFO [main] o.s.o.j.LocalContainerEntityManagerFactoryBean] Initialized JPA EntityManagerFactory for persistence unit 'default'
2025-06-03 21:48:20,494 WARN [main] o.s.b.a.o.j.JpaBaseConfiguration$JpaWebConfiguration] spring.jpa.open-in-view is enabled by default. Therefore, database queries may be performed during view rendering. Explicitly configure spring.jpa.open-in-view to disable this warning
2025-06-03 21:48:20,516 INFO [main] o.s.b.t.m.w.SpringBootMockServletContext] Initializing Spring TestDispatcherServlet ''
2025-06-03 21:48:20,516 INFO [main] o.s.t.w.s.TestDispatcherServlet] Initializing Servlet ''
2025-06-03 21:48:20,517 INFO [main] o.s.t.w.s.TestDispatcherServlet] Completed initialization in 1 ms
2025-06-03 21:48:20,519 INFO [main] a.t.b.TourControllerIntegrationTest] Started TourControllerIntegrationTest in 0.144 seconds (process running for 3.452)
2025-06-03 21:48:20,531 INFO [main] o.s.o.j.LocalContainerEntityManagerFactoryBean] Closing JPA EntityManagerFactory for persistence unit 'default'
2025-06-03 21:48:20,531 INFO [main] c.z.h.HikariDataSource] HikariPool-5 - Shutdown initiated...
2025-06-03 21:48:20,532 INFO [main] c.z.h.HikariDataSource] HikariPool-5 - Shutdown completed.
2025-06-03 21:48:20,533 INFO [main] o.s.b.d.r.RestartApplicationListener] Restart disabled due to context in which it is running
2025-06-03 21:48:20,543 INFO [main] a.t.b.TourControllerIntegrationTest] Starting TourControllerIntegrationTest using Java 23.0.2 with PID 13689 (started by karim in /home/karim/dev/CS-Bachelor/Semester-4/TourPlanner/backend)
2025-06-03 21:48:20,543 INFO [main] a.t.b.TourControllerIntegrationTest] No active profile set, falling back to 1 default profile: "default"
2025-06-03 21:48:20,574 INFO [main] o.s.d.r.c.RepositoryConfigurationDelegate] Bootstrapping Spring Data JPA repositories in DEFAULT mode.
2025-06-03 21:48:20,577 INFO [main] o.s.d.r.c.RepositoryConfigurationDelegate] Finished Spring Data repository scanning in 1 ms. Found 2 JPA repository interfaces.
2025-06-03 21:48:20,605 INFO [main] o.h.j.i.u.LogHelper] HHH000204: Processing PersistenceUnitInfo [name: default]
2025-06-03 21:48:20,606 INFO [main] o.h.c.i.RegionFactoryInitiator] HHH000026: Second-level cache disabled
2025-06-03 21:48:20,609 INFO [main] o.s.o.j.p.SpringPersistenceUnitInfo] No LoadTimeWeaver setup: ignoring JPA class transformer
2025-06-03 21:48:20,609 INFO [main] c.z.h.HikariDataSource] HikariPool-6 - Starting...
2025-06-03 21:48:20,610 INFO [main] c.z.h.p.HikariPool] HikariPool-6 - Added connection conn21: url=jdbc:h2:mem:a07c617c-f1eb-48d4-b5da-eaeb5557e5ac user=SA
2025-06-03 21:48:20,610 INFO [main] c.z.h.HikariDataSource] HikariPool-6 - Start completed.
2025-06-03 21:48:20,611 INFO [main] o.h.o.c.pooling] HHH10001005: Database info:
	Database JDBC URL [Connecting through datasource 'HikariDataSource (HikariPool-6)']
	Database driver: undefined/unknown
	Database version: 2.3.232
	Autocommit mode: undefined/unknown
	Isolation level: undefined/unknown
	Minimum pool size: undefined/unknown
	Maximum pool size: undefined/unknown
2025-06-03 21:48:20,628 INFO [main] o.h.e.t.j.p.i.JtaPlatformInitiator] HHH000489: No JTA platform available (set 'hibernate.transaction.jta.platform' to enable JTA platform integration)
2025-06-03 21:48:20,630 INFO [main] o.s.o.j.LocalContainerEntityManagerFactoryBean] Initialized JPA EntityManagerFactory for persistence unit 'default'
2025-06-03 21:48:20,644 WARN [main] o.s.b.a.o.j.JpaBaseConfiguration$JpaWebConfiguration] spring.jpa.open-in-view is enabled by default. Therefore, database queries may be performed during view rendering. Explicitly configure spring.jpa.open-in-view to disable this warning
2025-06-03 21:48:20,662 INFO [main] o.s.b.t.m.w.SpringBootMockServletContext] Initializing Spring TestDispatcherServlet ''
2025-06-03 21:48:20,663 INFO [main] o.s.t.w.s.TestDispatcherServlet] Initializing Servlet ''
2025-06-03 21:48:20,663 INFO [main] o.s.t.w.s.TestDispatcherServlet] Completed initialization in 0 ms
2025-06-03 21:48:20,665 INFO [main] a.t.b.TourControllerIntegrationTest] Started TourControllerIntegrationTest in 0.132 seconds (process running for 3.598)
2025-06-03 21:48:20,671 INFO [main] o.s.o.j.LocalContainerEntityManagerFactoryBean] Closing JPA EntityManagerFactory for persistence unit 'default'
2025-06-03 21:48:20,671 INFO [main] c.z.h.HikariDataSource] HikariPool-6 - Shutdown initiated...
2025-06-03 21:48:20,672 INFO [main] c.z.h.HikariDataSource] HikariPool-6 - Shutdown completed.
2025-06-03 21:48:20,674 INFO [main] o.s.b.d.r.RestartApplicationListener] Restart disabled due to context in which it is running
2025-06-03 21:48:20,682 INFO [main] a.t.b.TourControllerIntegrationTest] Starting TourControllerIntegrationTest using Java 23.0.2 with PID 13689 (started by karim in /home/karim/dev/CS-Bachelor/Semester-4/TourPlanner/backend)
2025-06-03 21:48:20,682 INFO [main] a.t.b.TourControllerIntegrationTest] No active profile set, falling back to 1 default profile: "default"
2025-06-03 21:48:20,707 INFO [main] o.s.d.r.c.RepositoryConfigurationDelegate] Bootstrapping Spring Data JPA repositories in DEFAULT mode.
2025-06-03 21:48:20,709 INFO [main] o.s.d.r.c.RepositoryConfigurationDelegate] Finished Spring Data repository scanning in 1 ms. Found 2 JPA repository interfaces.
2025-06-03 21:48:20,731 INFO [main] o.h.j.i.u.LogHelper] HHH000204: Processing PersistenceUnitInfo [name: default]
2025-06-03 21:48:20,731 INFO [main] o.h.c.i.RegionFactoryInitiator] HHH000026: Second-level cache disabled
2025-06-03 21:48:20,733 INFO [main] o.s.o.j.p.SpringPersistenceUnitInfo] No LoadTimeWeaver setup: ignoring JPA class transformer
2025-06-03 21:48:20,734 INFO [main] c.z.h.HikariDataSource] HikariPool-7 - Starting...
2025-06-03 21:48:20,735 INFO [main] c.z.h.p.HikariPool] HikariPool-7 - Added connection conn22: url=jdbc:h2:mem:9022768d-2225-4ecb-8b2f-23894d6810db user=SA
2025-06-03 21:48:20,735 INFO [main] c.z.h.HikariDataSource] HikariPool-7 - Start completed.
2025-06-03 21:48:20,735 INFO [main] o.h.o.c.pooling] HHH10001005: Database info:
	Database JDBC URL [Connecting through datasource 'HikariDataSource (HikariPool-7)']
	Database driver: undefined/unknown
	Database version: 2.3.232
	Autocommit mode: undefined/unknown
	Isolation level: undefined/unknown
	Minimum pool size: undefined/unknown
	Maximum pool size: undefined/unknown
2025-06-03 21:48:20,752 INFO [main] o.h.e.t.j.p.i.JtaPlatformInitiator] HHH000489: No JTA platform available (set 'hibernate.transaction.jta.platform' to enable JTA platform integration)
2025-06-03 21:48:20,754 INFO [main] o.s.o.j.LocalContainerEntityManagerFactoryBean] Initialized JPA EntityManagerFactory for persistence unit 'default'
2025-06-03 21:48:20,767 WARN [main] o.s.b.a.o.j.JpaBaseConfiguration$JpaWebConfiguration] spring.jpa.open-in-view is enabled by default. Therefore, database queries may be performed during view rendering. Explicitly configure spring.jpa.open-in-view to disable this warning
2025-06-03 21:48:20,785 INFO [main] o.s.b.t.m.w.SpringBootMockServletContext] Initializing Spring TestDispatcherServlet ''
2025-06-03 21:48:20,786 INFO [main] o.s.t.w.s.TestDispatcherServlet] Initializing Servlet ''
2025-06-03 21:48:20,786 INFO [main] o.s.t.w.s.TestDispatcherServlet] Completed initialization in 0 ms
2025-06-03 21:48:20,788 INFO [main] a.t.b.TourControllerIntegrationTest] Started TourControllerIntegrationTest in 0.114 seconds (process running for 3.721)
2025-06-03 21:48:20,793 INFO [main] o.s.o.j.LocalContainerEntityManagerFactoryBean] Closing JPA EntityManagerFactory for persistence unit 'default'
2025-06-03 21:48:20,793 INFO [main] c.z.h.HikariDataSource] HikariPool-7 - Shutdown initiated...
2025-06-03 21:48:20,794 INFO [main] c.z.h.HikariDataSource] HikariPool-7 - Shutdown completed.
2025-06-03 21:48:20,795 INFO [main] o.s.b.d.r.RestartApplicationListener] Restart disabled due to context in which it is running
2025-06-03 21:48:20,803 INFO [main] a.t.b.TourControllerIntegrationTest] Starting TourControllerIntegrationTest using Java 23.0.2 with PID 13689 (started by karim in /home/karim/dev/CS-Bachelor/Semester-4/TourPlanner/backend)
2025-06-03 21:48:20,803 INFO [main] a.t.b.TourControllerIntegrationTest] No active profile set, falling back to 1 default profile: "default"
2025-06-03 21:48:20,826 INFO [main] o.s.d.r.c.RepositoryConfigurationDelegate] Bootstrapping Spring Data JPA repositories in DEFAULT mode.
2025-06-03 21:48:20,828 INFO [main] o.s.d.r.c.RepositoryConfigurationDelegate] Finished Spring Data repository scanning in 1 ms. Found 2 JPA repository interfaces.
2025-06-03 21:48:20,849 INFO [main] o.h.j.i.u.LogHelper] HHH000204: Processing PersistenceUnitInfo [name: default]
2025-06-03 21:48:20,850 INFO [main] o.h.c.i.RegionFactoryInitiator] HHH000026: Second-level cache disabled
2025-06-03 21:48:20,852 INFO [main] o.s.o.j.p.SpringPersistenceUnitInfo] No LoadTimeWeaver setup: ignoring JPA class transformer
2025-06-03 21:48:20,853 INFO [main] c.z.h.HikariDataSource] HikariPool-8 - Starting...
2025-06-03 21:48:20,854 INFO [main] c.z.h.p.HikariPool] HikariPool-8 - Added connection conn23: url=jdbc:h2:mem:5d80a2db-daba-4bf2-a148-46abf1188138 user=SA
2025-06-03 21:48:20,854 INFO [main] c.z.h.HikariDataSource] HikariPool-8 - Start completed.
2025-06-03 21:48:20,854 INFO [main] o.h.o.c.pooling] HHH10001005: Database info:
	Database JDBC URL [Connecting through datasource 'HikariDataSource (HikariPool-8)']
	Database driver: undefined/unknown
	Database version: 2.3.232
	Autocommit mode: undefined/unknown
	Isolation level: undefined/unknown
	Minimum pool size: undefined/unknown
	Maximum pool size: undefined/unknown
2025-06-03 21:48:20,874 INFO [main] o.h.e.t.j.p.i.JtaPlatformInitiator] HHH000489: No JTA platform available (set 'hibernate.transaction.jta.platform' to enable JTA platform integration)
2025-06-03 21:48:20,877 INFO [main] o.s.o.j.LocalContainerEntityManagerFactoryBean] Initialized JPA EntityManagerFactory for persistence unit 'default'
2025-06-03 21:48:20,893 WARN [main] o.s.b.a.o.j.JpaBaseConfiguration$JpaWebConfiguration] spring.jpa.open-in-view is enabled by default. Therefore, database queries may be performed during view rendering. Explicitly configure spring.jpa.open-in-view to disable this warning
2025-06-03 21:48:20,912 INFO [main] o.s.b.t.m.w.SpringBootMockServletContext] Initializing Spring TestDispatcherServlet ''
2025-06-03 21:48:20,912 INFO [main] o.s.t.w.s.TestDispatcherServlet] Initializing Servlet ''
2025-06-03 21:48:20,912 INFO [main] o.s.t.w.s.TestDispatcherServlet] Completed initialization in 0 ms
2025-06-03 21:48:20,914 INFO [main] a.t.b.TourControllerIntegrationTest] Started TourControllerIntegrationTest in 0.119 seconds (process running for 3.847)
2025-06-03 21:48:20,922 INFO [main] o.s.o.j.LocalContainerEntityManagerFactoryBean] Closing JPA EntityManagerFactory for persistence unit 'default'
2025-06-03 21:48:20,922 INFO [main] c.z.h.HikariDataSource] HikariPool-8 - Shutdown initiated...
2025-06-03 21:48:20,922 INFO [main] c.z.h.HikariDataSource] HikariPool-8 - Shutdown completed.
