2025-07-02 15:02:45,945 INFO [restartedMain] a.t.b.BackendApplication] Starting BackendApplication using Java 23.0.2 with PID 61354 (/home/karim/dev/CS-Bachelor/Semester-4/TourPlanner/backend/target/classes started by karim in /home/karim/dev/CS-Bachelor/Semester-4/TourPlanner/backend)
2025-07-02 15:02:45,946 INFO [restartedMain] a.t.b.BackendApplication] No active profile set, falling back to 1 default profile: "default"
2025-07-02 15:02:45,969 INFO [restartedMain] o.s.b.d.e.DevToolsPropertyDefaultsPostProcessor] Devtools property defaults active! Set 'spring.devtools.add-properties' to 'false' to disable
2025-07-02 15:02:45,969 INFO [restartedMain] o.s.b.d.e.DevToolsPropertyDefaultsPostProcessor] For additional web related logging consider setting the 'logging.level.web' property to 'DEBUG'
2025-07-02 15:02:45,978 INFO [restartedMain] o.s.b.d.c.l.DockerComposeLifecycleManager] Using Docker Compose file /home/karim/dev/CS-Bachelor/Semester-4/TourPlanner/compose.yaml
2025-07-02 15:02:46,191 INFO [OutputReader-stderr] o.s.b.d.c.c.DockerCli]  Container tourplanner-postgres-1  Starting
2025-07-02 15:02:46,302 INFO [OutputReader-stderr] o.s.b.d.c.c.DockerCli]  Container tourplanner-postgres-1  Started
2025-07-02 15:02:46,302 INFO [OutputReader-stderr] o.s.b.d.c.c.DockerCli]  Container tourplanner-postgres-1  Waiting
2025-07-02 15:02:46,804 INFO [OutputReader-stderr] o.s.b.d.c.c.DockerCli]  Container tourplanner-postgres-1  Healthy
2025-07-02 15:02:47,232 INFO [restartedMain] o.s.d.r.c.RepositoryConfigurationDelegate] Bootstrapping Spring Data JPA repositories in DEFAULT mode.
2025-07-02 15:02:47,248 INFO [restartedMain] o.s.d.r.c.RepositoryConfigurationDelegate] Finished Spring Data repository scanning in 13 ms. Found 2 JPA repository interfaces.
2025-07-02 15:02:47,481 INFO [restartedMain] o.s.b.w.e.t.TomcatWebServer] Tomcat initialized with port 8080 (http)
2025-07-02 15:02:47,486 INFO [restartedMain] o.a.c.h.Http11NioProtocol] Initializing ProtocolHandler ["http-nio-8080"]
2025-07-02 15:02:47,487 INFO [restartedMain] o.a.c.c.StandardService] Starting service [Tomcat]
2025-07-02 15:02:47,487 INFO [restartedMain] o.a.c.c.StandardEngine] Starting Servlet engine: [Apache Tomcat/10.1.39]
2025-07-02 15:02:47,499 INFO [restartedMain] o.a.c.c.C.[.[.[/]] Initializing Spring embedded WebApplicationContext
2025-07-02 15:02:47,500 INFO [restartedMain] o.s.b.w.s.c.ServletWebServerApplicationContext] Root WebApplicationContext: initialization completed in 417 ms
2025-07-02 15:02:47,556 INFO [restartedMain] o.h.j.i.u.LogHelper] HHH000204: Processing PersistenceUnitInfo [name: default]
2025-07-02 15:02:47,570 INFO [restartedMain] o.h.Version] HHH000412: Hibernate ORM core version 6.6.11.Final
2025-07-02 15:02:47,579 INFO [restartedMain] o.h.c.i.RegionFactoryInitiator] HHH000026: Second-level cache disabled
2025-07-02 15:02:47,675 INFO [restartedMain] o.s.o.j.p.SpringPersistenceUnitInfo] No LoadTimeWeaver setup: ignoring JPA class transformer
2025-07-02 15:02:47,684 INFO [restartedMain] c.z.h.HikariDataSource] HikariPool-1 - Starting...
2025-07-02 15:02:47,740 INFO [restartedMain] c.z.h.p.HikariPool] HikariPool-1 - Added connection org.postgresql.jdbc.PgConnection@3b802b04
2025-07-02 15:02:47,741 INFO [restartedMain] c.z.h.HikariDataSource] HikariPool-1 - Start completed.
2025-07-02 15:02:47,765 INFO [restartedMain] o.h.o.c.pooling] HHH10001005: Database info:
	Database JDBC URL [Connecting through datasource 'HikariDataSource (HikariPool-1)']
	Database driver: undefined/unknown
	Database version: 17.4
	Autocommit mode: undefined/unknown
	Isolation level: undefined/unknown
	Minimum pool size: undefined/unknown
	Maximum pool size: undefined/unknown
2025-07-02 15:02:48,064 INFO [restartedMain] o.h.e.t.j.p.i.JtaPlatformInitiator] HHH000489: No JTA platform available (set 'hibernate.transaction.jta.platform' to enable JTA platform integration)
2025-07-02 15:02:48,129 INFO [restartedMain] o.s.o.j.LocalContainerEntityManagerFactoryBean] Initialized JPA EntityManagerFactory for persistence unit 'default'
2025-07-02 15:02:48,226 WARN [restartedMain] o.s.b.a.o.j.JpaBaseConfiguration$JpaWebConfiguration] spring.jpa.open-in-view is enabled by default. Therefore, database queries may be performed during view rendering. Explicitly configure spring.jpa.open-in-view to disable this warning
2025-07-02 15:02:48,314 INFO [restartedMain] o.s.b.a.h.H2ConsoleAutoConfiguration] H2 console available at '/h2-console'. Database available at 'jdbc:postgresql://127.0.0.1:5432/mydatabase?ApplicationName=backend'
2025-07-02 15:02:48,333 INFO [restartedMain] o.s.b.d.a.OptionalLiveReloadServer] LiveReload server is running on port 35729
2025-07-02 15:02:48,338 INFO [restartedMain] o.a.c.h.Http11NioProtocol] Starting ProtocolHandler ["http-nio-8080"]
2025-07-02 15:02:48,343 INFO [restartedMain] o.s.b.w.e.t.TomcatWebServer] Tomcat started on port 8080 (http) with context path '/'
2025-07-02 15:02:48,347 INFO [restartedMain] a.t.b.BackendApplication] Started BackendApplication in 2.53 seconds (process running for 2.743)
2025-07-02 15:11:31,684 INFO [http-nio-8080-exec-2] o.a.c.c.C.[.[.[/]] Initializing Spring DispatcherServlet 'dispatcherServlet'
2025-07-02 15:11:31,684 INFO [http-nio-8080-exec-2] o.s.w.s.DispatcherServlet] Initializing Servlet 'dispatcherServlet'
2025-07-02 15:11:31,684 INFO [http-nio-8080-exec-2] o.s.w.s.DispatcherServlet] Completed initialization in 0 ms
2025-07-02 20:15:07,625 INFO [File Watcher] o.s.b.d.a.LocalDevToolsAutoConfiguration$RestartingClassPathChangeChangedEventListener] Restarting due to 10 class path changes (0 additions, 0 deletions, 10 modifications)
2025-07-02 20:15:07,627 INFO [Thread-21] o.s.b.w.e.t.GracefulShutdown] Commencing graceful shutdown. Waiting for active requests to complete
2025-07-02 20:15:07,627 INFO [tomcat-shutdown] o.a.c.h.Http11NioProtocol] Pausing ProtocolHandler ["http-nio-8080"]
2025-07-02 20:15:07,628 INFO [tomcat-shutdown] o.s.b.w.e.t.GracefulShutdown] Graceful shutdown complete
2025-07-02 20:15:07,628 INFO [Thread-21] o.a.c.h.Http11NioProtocol] Stopping ProtocolHandler ["http-nio-8080"]
2025-07-02 20:15:07,629 INFO [Thread-21] o.s.o.j.LocalContainerEntityManagerFactoryBean] Closing JPA EntityManagerFactory for persistence unit 'default'
2025-07-02 20:15:07,634 WARN [Thread-21] o.s.b.f.s.DisposableBeanAdapter] Invocation of destroy method failed on bean with name 'inMemoryDatabaseShutdownExecutor': org.postgresql.util.PSQLException: ERROR: syntax error at or near "SHUTDOWN"
  Position: 1
2025-07-02 20:15:07,635 INFO [Thread-21] c.z.h.HikariDataSource] HikariPool-1 - Shutdown initiated...
2025-07-02 20:15:07,636 INFO [Thread-21] c.z.h.HikariDataSource] HikariPool-1 - Shutdown completed.
2025-07-02 20:15:07,732 INFO [restartedMain] a.t.b.BackendApplication] Starting BackendApplication using Java 23.0.2 with PID 61354 (/home/karim/dev/CS-Bachelor/Semester-4/TourPlanner/backend/target/classes started by karim in /home/karim/dev/CS-Bachelor/Semester-4/TourPlanner/backend)
2025-07-02 20:15:07,732 INFO [restartedMain] a.t.b.BackendApplication] No active profile set, falling back to 1 default profile: "default"
2025-07-02 20:15:07,735 INFO [restartedMain] o.s.b.d.c.l.DockerComposeLifecycleManager] Using Docker Compose file /home/karim/dev/CS-Bachelor/Semester-4/TourPlanner/compose.yaml
2025-07-02 20:15:07,871 INFO [restartedMain] o.s.b.d.c.l.DockerComposeLifecycleManager] There are already Docker Compose services running, skipping startup
2025-07-02 20:15:07,915 INFO [restartedMain] o.s.d.r.c.RepositoryConfigurationDelegate] Bootstrapping Spring Data JPA repositories in DEFAULT mode.
2025-07-02 20:15:07,918 INFO [restartedMain] o.s.d.r.c.RepositoryConfigurationDelegate] Finished Spring Data repository scanning in 2 ms. Found 2 JPA repository interfaces.
2025-07-02 20:15:07,973 INFO [restartedMain] o.s.b.w.e.t.TomcatWebServer] Tomcat initialized with port 8080 (http)
2025-07-02 20:15:07,974 INFO [restartedMain] o.a.c.h.Http11NioProtocol] Initializing ProtocolHandler ["http-nio-8080"]
2025-07-02 20:15:07,974 INFO [restartedMain] o.a.c.c.StandardService] Starting service [Tomcat]
2025-07-02 20:15:07,974 INFO [restartedMain] o.a.c.c.StandardEngine] Starting Servlet engine: [Apache Tomcat/10.1.39]
2025-07-02 20:15:07,977 INFO [restartedMain] o.a.c.c.C.[.[.[/]] Initializing Spring embedded WebApplicationContext
2025-07-02 20:15:07,977 INFO [restartedMain] o.s.b.w.s.c.ServletWebServerApplicationContext] Root WebApplicationContext: initialization completed in 105 ms
2025-07-02 20:15:08,000 INFO [restartedMain] o.h.j.i.u.LogHelper] HHH000204: Processing PersistenceUnitInfo [name: default]
2025-07-02 20:15:08,001 INFO [restartedMain] o.h.c.i.RegionFactoryInitiator] HHH000026: Second-level cache disabled
2025-07-02 20:15:08,005 INFO [restartedMain] o.s.o.j.p.SpringPersistenceUnitInfo] No LoadTimeWeaver setup: ignoring JPA class transformer
2025-07-02 20:15:08,006 INFO [restartedMain] c.z.h.HikariDataSource] HikariPool-2 - Starting...
2025-07-02 20:15:08,019 INFO [restartedMain] c.z.h.p.HikariPool] HikariPool-2 - Added connection org.postgresql.jdbc.PgConnection@16f39ec3
2025-07-02 20:15:08,019 INFO [restartedMain] c.z.h.HikariDataSource] HikariPool-2 - Start completed.
2025-07-02 20:15:08,021 INFO [restartedMain] o.h.o.c.pooling] HHH10001005: Database info:
	Database JDBC URL [Connecting through datasource 'HikariDataSource (HikariPool-2)']
	Database driver: undefined/unknown
	Database version: 17.4
	Autocommit mode: undefined/unknown
	Isolation level: undefined/unknown
	Minimum pool size: undefined/unknown
	Maximum pool size: undefined/unknown
2025-07-02 20:15:08,044 INFO [restartedMain] o.h.e.t.j.p.i.JtaPlatformInitiator] HHH000489: No JTA platform available (set 'hibernate.transaction.jta.platform' to enable JTA platform integration)
2025-07-02 20:15:08,097 INFO [restartedMain] o.s.o.j.LocalContainerEntityManagerFactoryBean] Initialized JPA EntityManagerFactory for persistence unit 'default'
2025-07-02 20:15:08,130 WARN [restartedMain] o.s.b.a.o.j.JpaBaseConfiguration$JpaWebConfiguration] spring.jpa.open-in-view is enabled by default. Therefore, database queries may be performed during view rendering. Explicitly configure spring.jpa.open-in-view to disable this warning
2025-07-02 20:15:08,163 INFO [restartedMain] o.s.b.a.h.H2ConsoleAutoConfiguration] H2 console available at '/h2-console'. Database available at 'jdbc:postgresql://127.0.0.1:5432/mydatabase?ApplicationName=backend'
2025-07-02 20:15:08,172 INFO [restartedMain] o.s.b.d.a.OptionalLiveReloadServer] LiveReload server is running on port 35729
2025-07-02 20:15:08,174 INFO [restartedMain] o.a.c.h.Http11NioProtocol] Starting ProtocolHandler ["http-nio-8080"]
2025-07-02 20:15:08,175 INFO [restartedMain] o.s.b.w.e.t.TomcatWebServer] Tomcat started on port 8080 (http) with context path '/'
2025-07-02 20:15:08,177 INFO [restartedMain] a.t.b.BackendApplication] Started BackendApplication in 0.46 seconds (process running for 16466.847)
2025-07-02 20:15:08,178 INFO [restartedMain] o.s.b.d.a.ConditionEvaluationDeltaLoggingListener] Condition evaluation unchanged
2025-07-02 20:26:57,550 INFO [http-nio-8080-exec-2] o.a.c.c.C.[.[.[/]] Initializing Spring DispatcherServlet 'dispatcherServlet'
2025-07-02 20:26:57,550 INFO [http-nio-8080-exec-2] o.s.w.s.DispatcherServlet] Initializing Servlet 'dispatcherServlet'
2025-07-02 20:26:57,551 INFO [http-nio-8080-exec-2] o.s.w.s.DispatcherServlet] Completed initialization in 1 ms
2025-07-02 23:05:30,310 INFO [File Watcher] o.s.b.d.a.LocalDevToolsAutoConfiguration$RestartingClassPathChangeChangedEventListener] Restarting due to 10 class path changes (0 additions, 0 deletions, 10 modifications)
2025-07-02 23:05:30,311 INFO [Thread-23] o.s.b.w.e.t.GracefulShutdown] Commencing graceful shutdown. Waiting for active requests to complete
2025-07-02 23:05:30,311 INFO [tomcat-shutdown] o.a.c.h.Http11NioProtocol] Pausing ProtocolHandler ["http-nio-8080"]
2025-07-02 23:05:30,312 INFO [tomcat-shutdown] o.s.b.w.e.t.GracefulShutdown] Graceful shutdown complete
2025-07-02 23:05:30,312 INFO [Thread-23] o.a.c.h.Http11NioProtocol] Stopping ProtocolHandler ["http-nio-8080"]
2025-07-02 23:05:30,313 INFO [Thread-23] o.s.o.j.LocalContainerEntityManagerFactoryBean] Closing JPA EntityManagerFactory for persistence unit 'default'
2025-07-02 23:05:30,314 WARN [Thread-23] o.s.b.f.s.DisposableBeanAdapter] Invocation of destroy method failed on bean with name 'inMemoryDatabaseShutdownExecutor': org.postgresql.util.PSQLException: ERROR: syntax error at or near "SHUTDOWN"
  Position: 1
2025-07-02 23:05:30,314 INFO [Thread-23] c.z.h.HikariDataSource] HikariPool-2 - Shutdown initiated...
2025-07-02 23:05:30,314 INFO [Thread-23] c.z.h.HikariDataSource] HikariPool-2 - Shutdown completed.
2025-07-02 23:05:30,385 INFO [restartedMain] a.t.b.BackendApplication] Starting BackendApplication using Java 23.0.2 with PID 61354 (/home/karim/dev/CS-Bachelor/Semester-4/TourPlanner/backend/target/classes started by karim in /home/karim/dev/CS-Bachelor/Semester-4/TourPlanner/backend)
2025-07-02 23:05:30,385 INFO [restartedMain] a.t.b.BackendApplication] No active profile set, falling back to 1 default profile: "default"
2025-07-02 23:05:30,387 INFO [restartedMain] o.s.b.d.c.l.DockerComposeLifecycleManager] Using Docker Compose file /home/karim/dev/CS-Bachelor/Semester-4/TourPlanner/compose.yaml
2025-07-02 23:05:30,498 INFO [restartedMain] o.s.b.d.c.l.DockerComposeLifecycleManager] There are already Docker Compose services running, skipping startup
2025-07-02 23:05:30,532 INFO [restartedMain] o.s.d.r.c.RepositoryConfigurationDelegate] Bootstrapping Spring Data JPA repositories in DEFAULT mode.
2025-07-02 23:05:30,535 INFO [restartedMain] o.s.d.r.c.RepositoryConfigurationDelegate] Finished Spring Data repository scanning in 2 ms. Found 2 JPA repository interfaces.
2025-07-02 23:05:30,584 INFO [restartedMain] o.s.b.w.e.t.TomcatWebServer] Tomcat initialized with port 8080 (http)
2025-07-02 23:05:30,585 INFO [restartedMain] o.a.c.h.Http11NioProtocol] Initializing ProtocolHandler ["http-nio-8080"]
2025-07-02 23:05:30,585 INFO [restartedMain] o.a.c.c.StandardService] Starting service [Tomcat]
2025-07-02 23:05:30,585 INFO [restartedMain] o.a.c.c.StandardEngine] Starting Servlet engine: [Apache Tomcat/10.1.39]
2025-07-02 23:05:30,588 INFO [restartedMain] o.a.c.c.C.[.[.[/]] Initializing Spring embedded WebApplicationContext
2025-07-02 23:05:30,588 INFO [restartedMain] o.s.b.w.s.c.ServletWebServerApplicationContext] Root WebApplicationContext: initialization completed in 90 ms
2025-07-02 23:05:30,608 INFO [restartedMain] o.h.j.i.u.LogHelper] HHH000204: Processing PersistenceUnitInfo [name: default]
2025-07-02 23:05:30,608 INFO [restartedMain] o.h.c.i.RegionFactoryInitiator] HHH000026: Second-level cache disabled
2025-07-02 23:05:30,611 INFO [restartedMain] o.s.o.j.p.SpringPersistenceUnitInfo] No LoadTimeWeaver setup: ignoring JPA class transformer
2025-07-02 23:05:30,612 INFO [restartedMain] c.z.h.HikariDataSource] HikariPool-3 - Starting...
2025-07-02 23:05:30,622 INFO [restartedMain] c.z.h.p.HikariPool] HikariPool-3 - Added connection org.postgresql.jdbc.PgConnection@6815c26f
2025-07-02 23:05:30,622 INFO [restartedMain] c.z.h.HikariDataSource] HikariPool-3 - Start completed.
2025-07-02 23:05:30,624 INFO [restartedMain] o.h.o.c.pooling] HHH10001005: Database info:
	Database JDBC URL [Connecting through datasource 'HikariDataSource (HikariPool-3)']
	Database driver: undefined/unknown
	Database version: 17.4
	Autocommit mode: undefined/unknown
	Isolation level: undefined/unknown
	Minimum pool size: undefined/unknown
	Maximum pool size: undefined/unknown
2025-07-02 23:05:30,646 INFO [restartedMain] o.h.e.t.j.p.i.JtaPlatformInitiator] HHH000489: No JTA platform available (set 'hibernate.transaction.jta.platform' to enable JTA platform integration)
2025-07-02 23:05:30,698 INFO [restartedMain] o.s.o.j.LocalContainerEntityManagerFactoryBean] Initialized JPA EntityManagerFactory for persistence unit 'default'
2025-07-02 23:05:30,732 WARN [restartedMain] o.s.b.a.o.j.JpaBaseConfiguration$JpaWebConfiguration] spring.jpa.open-in-view is enabled by default. Therefore, database queries may be performed during view rendering. Explicitly configure spring.jpa.open-in-view to disable this warning
2025-07-02 23:05:30,764 INFO [restartedMain] o.s.b.a.h.H2ConsoleAutoConfiguration] H2 console available at '/h2-console'. Database available at 'jdbc:postgresql://127.0.0.1:5432/mydatabase?ApplicationName=backend'
2025-07-02 23:05:30,771 INFO [restartedMain] o.s.b.d.a.OptionalLiveReloadServer] LiveReload server is running on port 35729
2025-07-02 23:05:30,774 INFO [restartedMain] o.a.c.h.Http11NioProtocol] Starting ProtocolHandler ["http-nio-8080"]
2025-07-02 23:05:30,775 INFO [restartedMain] o.s.b.w.e.t.TomcatWebServer] Tomcat started on port 8080 (http) with context path '/'
2025-07-02 23:05:30,776 INFO [restartedMain] a.t.b.BackendApplication] Started BackendApplication in 0.404 seconds (process running for 26689.446)
2025-07-02 23:05:30,777 INFO [restartedMain] o.s.b.d.a.ConditionEvaluationDeltaLoggingListener] Condition evaluation unchanged
2025-07-02 23:06:16,498 INFO [http-nio-8080-exec-1] o.a.c.c.C.[.[.[/]] Initializing Spring DispatcherServlet 'dispatcherServlet'
2025-07-02 23:06:16,498 INFO [http-nio-8080-exec-1] o.s.w.s.DispatcherServlet] Initializing Servlet 'dispatcherServlet'
2025-07-02 23:06:16,499 INFO [http-nio-8080-exec-1] o.s.w.s.DispatcherServlet] Completed initialization in 1 ms
2025-07-02 23:25:15,031 INFO [File Watcher] o.s.b.d.a.LocalDevToolsAutoConfiguration$RestartingClassPathChangeChangedEventListener] Restarting due to 10 class path changes (0 additions, 0 deletions, 10 modifications)
2025-07-02 23:25:15,032 INFO [Thread-35] o.s.b.w.e.t.GracefulShutdown] Commencing graceful shutdown. Waiting for active requests to complete
2025-07-02 23:25:15,032 INFO [tomcat-shutdown] o.a.c.h.Http11NioProtocol] Pausing ProtocolHandler ["http-nio-8080"]
2025-07-02 23:25:15,033 INFO [tomcat-shutdown] o.s.b.w.e.t.GracefulShutdown] Graceful shutdown complete
2025-07-02 23:25:15,033 INFO [Thread-35] o.a.c.h.Http11NioProtocol] Stopping ProtocolHandler ["http-nio-8080"]
2025-07-02 23:25:15,034 INFO [Thread-35] o.s.o.j.LocalContainerEntityManagerFactoryBean] Closing JPA EntityManagerFactory for persistence unit 'default'
2025-07-02 23:25:15,035 WARN [Thread-35] o.s.b.f.s.DisposableBeanAdapter] Invocation of destroy method failed on bean with name 'inMemoryDatabaseShutdownExecutor': org.postgresql.util.PSQLException: ERROR: syntax error at or near "SHUTDOWN"
  Position: 1
2025-07-02 23:25:15,035 INFO [Thread-35] c.z.h.HikariDataSource] HikariPool-3 - Shutdown initiated...
2025-07-02 23:25:15,035 INFO [Thread-35] c.z.h.HikariDataSource] HikariPool-3 - Shutdown completed.
2025-07-02 23:25:16,569 INFO [restartedMain] a.t.b.BackendApplication] Starting BackendApplication using Java 23.0.2 with PID 61354 (/home/karim/dev/CS-Bachelor/Semester-4/TourPlanner/backend/target/classes started by karim in /home/karim/dev/CS-Bachelor/Semester-4/TourPlanner/backend)
2025-07-02 23:25:16,569 INFO [restartedMain] a.t.b.BackendApplication] No active profile set, falling back to 1 default profile: "default"
2025-07-02 23:25:16,571 INFO [restartedMain] o.s.b.d.c.l.DockerComposeLifecycleManager] Using Docker Compose file /home/karim/dev/CS-Bachelor/Semester-4/TourPlanner/compose.yaml
2025-07-02 23:25:16,680 INFO [restartedMain] o.s.b.d.c.l.DockerComposeLifecycleManager] There are already Docker Compose services running, skipping startup
2025-07-02 23:25:16,714 INFO [restartedMain] o.s.d.r.c.RepositoryConfigurationDelegate] Bootstrapping Spring Data JPA repositories in DEFAULT mode.
2025-07-02 23:25:16,717 INFO [restartedMain] o.s.d.r.c.RepositoryConfigurationDelegate] Finished Spring Data repository scanning in 2 ms. Found 2 JPA repository interfaces.
2025-07-02 23:25:16,764 INFO [restartedMain] o.s.b.w.e.t.TomcatWebServer] Tomcat initialized with port 8080 (http)
2025-07-02 23:25:16,765 INFO [restartedMain] o.a.c.c.StandardService] Starting service [Tomcat]
2025-07-02 23:25:16,765 INFO [restartedMain] o.a.c.c.StandardEngine] Starting Servlet engine: [Apache Tomcat/10.1.39]
2025-07-02 23:25:16,768 INFO [restartedMain] o.a.c.c.C.[.[.[/]] Initializing Spring embedded WebApplicationContext
2025-07-02 23:25:16,768 INFO [restartedMain] o.s.b.w.s.c.ServletWebServerApplicationContext] Root WebApplicationContext: initialization completed in 87 ms
2025-07-02 23:25:16,785 INFO [restartedMain] o.h.j.i.u.LogHelper] HHH000204: Processing PersistenceUnitInfo [name: default]
2025-07-02 23:25:16,785 INFO [restartedMain] o.h.c.i.RegionFactoryInitiator] HHH000026: Second-level cache disabled
2025-07-02 23:25:16,788 INFO [restartedMain] o.s.o.j.p.SpringPersistenceUnitInfo] No LoadTimeWeaver setup: ignoring JPA class transformer
2025-07-02 23:25:16,788 INFO [restartedMain] c.z.h.HikariDataSource] HikariPool-4 - Starting...
2025-07-02 23:25:16,799 INFO [restartedMain] c.z.h.p.HikariPool] HikariPool-4 - Added connection org.postgresql.jdbc.PgConnection@40adbd3e
2025-07-02 23:25:16,799 INFO [restartedMain] c.z.h.HikariDataSource] HikariPool-4 - Start completed.
2025-07-02 23:25:16,801 INFO [restartedMain] o.h.o.c.pooling] HHH10001005: Database info:
	Database JDBC URL [Connecting through datasource 'HikariDataSource (HikariPool-4)']
	Database driver: undefined/unknown
	Database version: 17.4
	Autocommit mode: undefined/unknown
	Isolation level: undefined/unknown
	Minimum pool size: undefined/unknown
	Maximum pool size: undefined/unknown
2025-07-02 23:25:16,819 INFO [restartedMain] o.h.e.t.j.p.i.JtaPlatformInitiator] HHH000489: No JTA platform available (set 'hibernate.transaction.jta.platform' to enable JTA platform integration)
2025-07-02 23:25:16,869 INFO [restartedMain] o.s.o.j.LocalContainerEntityManagerFactoryBean] Initialized JPA EntityManagerFactory for persistence unit 'default'
2025-07-02 23:25:16,899 WARN [restartedMain] o.s.b.a.o.j.JpaBaseConfiguration$JpaWebConfiguration] spring.jpa.open-in-view is enabled by default. Therefore, database queries may be performed during view rendering. Explicitly configure spring.jpa.open-in-view to disable this warning
2025-07-02 23:25:16,927 INFO [restartedMain] o.s.b.a.h.H2ConsoleAutoConfiguration] H2 console available at '/h2-console'. Database available at 'jdbc:postgresql://127.0.0.1:5432/mydatabase?ApplicationName=backend'
2025-07-02 23:25:16,934 INFO [restartedMain] o.s.b.d.a.OptionalLiveReloadServer] LiveReload server is running on port 35729
2025-07-02 23:25:16,937 INFO [restartedMain] o.s.b.w.e.t.TomcatWebServer] Tomcat started on port 8080 (http) with context path '/'
2025-07-02 23:25:16,938 INFO [restartedMain] a.t.b.BackendApplication] Started BackendApplication in 0.38 seconds (process running for 27875.608)
2025-07-02 23:25:16,938 INFO [restartedMain] o.s.b.d.a.ConditionEvaluationDeltaLoggingListener] Condition evaluation unchanged
2025-07-02 23:28:46,413 INFO [File Watcher] o.s.b.d.a.LocalDevToolsAutoConfiguration$RestartingClassPathChangeChangedEventListener] Restarting due to 10 class path changes (0 additions, 0 deletions, 10 modifications)
2025-07-02 23:28:46,413 INFO [Thread-47] o.s.b.w.e.t.GracefulShutdown] Commencing graceful shutdown. Waiting for active requests to complete
2025-07-02 23:28:46,414 INFO [tomcat-shutdown] o.s.b.w.e.t.GracefulShutdown] Graceful shutdown complete
2025-07-02 23:28:46,415 INFO [Thread-47] o.s.o.j.LocalContainerEntityManagerFactoryBean] Closing JPA EntityManagerFactory for persistence unit 'default'
2025-07-02 23:28:46,415 WARN [Thread-47] o.s.b.f.s.DisposableBeanAdapter] Invocation of destroy method failed on bean with name 'inMemoryDatabaseShutdownExecutor': org.postgresql.util.PSQLException: ERROR: syntax error at or near "SHUTDOWN"
  Position: 1
2025-07-02 23:28:46,416 INFO [Thread-47] c.z.h.HikariDataSource] HikariPool-4 - Shutdown initiated...
2025-07-02 23:28:46,416 INFO [Thread-47] c.z.h.HikariDataSource] HikariPool-4 - Shutdown completed.
2025-07-02 23:28:46,482 INFO [restartedMain] a.t.b.BackendApplication] Starting BackendApplication using Java 23.0.2 with PID 61354 (/home/karim/dev/CS-Bachelor/Semester-4/TourPlanner/backend/target/classes started by karim in /home/karim/dev/CS-Bachelor/Semester-4/TourPlanner/backend)
2025-07-02 23:28:46,482 INFO [restartedMain] a.t.b.BackendApplication] No active profile set, falling back to 1 default profile: "default"
2025-07-02 23:28:46,484 INFO [restartedMain] o.s.b.d.c.l.DockerComposeLifecycleManager] Using Docker Compose file /home/karim/dev/CS-Bachelor/Semester-4/TourPlanner/compose.yaml
2025-07-02 23:28:46,595 INFO [restartedMain] o.s.b.d.c.l.DockerComposeLifecycleManager] There are already Docker Compose services running, skipping startup
2025-07-02 23:28:46,628 INFO [restartedMain] o.s.d.r.c.RepositoryConfigurationDelegate] Bootstrapping Spring Data JPA repositories in DEFAULT mode.
2025-07-02 23:28:46,630 INFO [restartedMain] o.s.d.r.c.RepositoryConfigurationDelegate] Finished Spring Data repository scanning in 2 ms. Found 2 JPA repository interfaces.
2025-07-02 23:28:46,669 INFO [restartedMain] o.s.b.w.e.t.TomcatWebServer] Tomcat initialized with port 8080 (http)
2025-07-02 23:28:46,669 INFO [restartedMain] o.a.c.c.StandardService] Starting service [Tomcat]
2025-07-02 23:28:46,669 INFO [restartedMain] o.a.c.c.StandardEngine] Starting Servlet engine: [Apache Tomcat/10.1.39]
2025-07-02 23:28:46,672 INFO [restartedMain] o.a.c.c.C.[.[.[/]] Initializing Spring embedded WebApplicationContext
2025-07-02 23:28:46,672 INFO [restartedMain] o.s.b.w.s.c.ServletWebServerApplicationContext] Root WebApplicationContext: initialization completed in 76 ms
2025-07-02 23:28:46,687 INFO [restartedMain] o.h.j.i.u.LogHelper] HHH000204: Processing PersistenceUnitInfo [name: default]
2025-07-02 23:28:46,688 INFO [restartedMain] o.h.c.i.RegionFactoryInitiator] HHH000026: Second-level cache disabled
2025-07-02 23:28:46,690 INFO [restartedMain] o.s.o.j.p.SpringPersistenceUnitInfo] No LoadTimeWeaver setup: ignoring JPA class transformer
2025-07-02 23:28:46,691 INFO [restartedMain] c.z.h.HikariDataSource] HikariPool-5 - Starting...
2025-07-02 23:28:46,701 INFO [restartedMain] c.z.h.p.HikariPool] HikariPool-5 - Added connection org.postgresql.jdbc.PgConnection@21a44ddd
2025-07-02 23:28:46,701 INFO [restartedMain] c.z.h.HikariDataSource] HikariPool-5 - Start completed.
2025-07-02 23:28:46,703 INFO [restartedMain] o.h.o.c.pooling] HHH10001005: Database info:
	Database JDBC URL [Connecting through datasource 'HikariDataSource (HikariPool-5)']
	Database driver: undefined/unknown
	Database version: 17.4
	Autocommit mode: undefined/unknown
	Isolation level: undefined/unknown
	Minimum pool size: undefined/unknown
	Maximum pool size: undefined/unknown
2025-07-02 23:28:46,722 INFO [restartedMain] o.h.e.t.j.p.i.JtaPlatformInitiator] HHH000489: No JTA platform available (set 'hibernate.transaction.jta.platform' to enable JTA platform integration)
2025-07-02 23:28:46,773 INFO [restartedMain] o.s.o.j.LocalContainerEntityManagerFactoryBean] Initialized JPA EntityManagerFactory for persistence unit 'default'
2025-07-02 23:28:46,803 WARN [restartedMain] o.s.b.a.o.j.JpaBaseConfiguration$JpaWebConfiguration] spring.jpa.open-in-view is enabled by default. Therefore, database queries may be performed during view rendering. Explicitly configure spring.jpa.open-in-view to disable this warning
2025-07-02 23:28:46,828 INFO [restartedMain] o.s.b.a.h.H2ConsoleAutoConfiguration] H2 console available at '/h2-console'. Database available at 'jdbc:postgresql://127.0.0.1:5432/mydatabase?ApplicationName=backend'
2025-07-02 23:28:46,833 INFO [restartedMain] o.s.b.d.a.OptionalLiveReloadServer] LiveReload server is running on port 35729
2025-07-02 23:28:46,836 INFO [restartedMain] o.s.b.w.e.t.TomcatWebServer] Tomcat started on port 8080 (http) with context path '/'
2025-07-02 23:28:46,837 INFO [restartedMain] a.t.b.BackendApplication] Started BackendApplication in 0.365 seconds (process running for 28085.507)
2025-07-02 23:28:46,838 INFO [restartedMain] o.s.b.d.a.ConditionEvaluationDeltaLoggingListener] Condition evaluation unchanged
2025-07-02 23:29:06,642 INFO [File Watcher] o.s.b.d.a.LocalDevToolsAutoConfiguration$RestartingClassPathChangeChangedEventListener] Restarting due to 10 class path changes (0 additions, 0 deletions, 10 modifications)
2025-07-02 23:29:06,643 INFO [Thread-61] o.s.b.w.e.t.GracefulShutdown] Commencing graceful shutdown. Waiting for active requests to complete
2025-07-02 23:29:06,646 INFO [tomcat-shutdown] o.s.b.w.e.t.GracefulShutdown] Graceful shutdown complete
2025-07-02 23:29:06,647 INFO [Thread-61] o.s.o.j.LocalContainerEntityManagerFactoryBean] Closing JPA EntityManagerFactory for persistence unit 'default'
2025-07-02 23:29:06,649 WARN [Thread-61] o.s.b.f.s.DisposableBeanAdapter] Invocation of destroy method failed on bean with name 'inMemoryDatabaseShutdownExecutor': org.postgresql.util.PSQLException: ERROR: syntax error at or near "SHUTDOWN"
  Position: 1
2025-07-02 23:29:06,650 INFO [Thread-61] c.z.h.HikariDataSource] HikariPool-5 - Shutdown initiated...
2025-07-02 23:29:06,653 INFO [Thread-61] c.z.h.HikariDataSource] HikariPool-5 - Shutdown completed.
2025-07-02 23:29:06,769 INFO [restartedMain] a.t.b.BackendApplication] Starting BackendApplication using Java 23.0.2 with PID 61354 (/home/karim/dev/CS-Bachelor/Semester-4/TourPlanner/backend/target/classes started by karim in /home/karim/dev/CS-Bachelor/Semester-4/TourPlanner/backend)
2025-07-02 23:29:06,770 INFO [restartedMain] a.t.b.BackendApplication] No active profile set, falling back to 1 default profile: "default"
2025-07-02 23:29:06,772 INFO [restartedMain] o.s.b.d.c.l.DockerComposeLifecycleManager] Using Docker Compose file /home/karim/dev/CS-Bachelor/Semester-4/TourPlanner/compose.yaml
2025-07-02 23:29:06,949 INFO [restartedMain] o.s.b.d.c.l.DockerComposeLifecycleManager] There are already Docker Compose services running, skipping startup
2025-07-02 23:29:07,001 INFO [restartedMain] o.s.d.r.c.RepositoryConfigurationDelegate] Bootstrapping Spring Data JPA repositories in DEFAULT mode.
2025-07-02 23:29:07,005 INFO [restartedMain] o.s.d.r.c.RepositoryConfigurationDelegate] Finished Spring Data repository scanning in 3 ms. Found 2 JPA repository interfaces.
2025-07-02 23:29:07,068 INFO [restartedMain] o.s.b.w.e.t.TomcatWebServer] Tomcat initialized with port 8080 (http)
2025-07-02 23:29:07,068 INFO [restartedMain] o.a.c.c.StandardService] Starting service [Tomcat]
2025-07-02 23:29:07,068 INFO [restartedMain] o.a.c.c.StandardEngine] Starting Servlet engine: [Apache Tomcat/10.1.39]
2025-07-02 23:29:07,072 INFO [restartedMain] o.a.c.c.C.[.[.[/]] Initializing Spring embedded WebApplicationContext
2025-07-02 23:29:07,072 INFO [restartedMain] o.s.b.w.s.c.ServletWebServerApplicationContext] Root WebApplicationContext: initialization completed in 122 ms
2025-07-02 23:29:07,101 INFO [restartedMain] o.h.j.i.u.LogHelper] HHH000204: Processing PersistenceUnitInfo [name: default]
2025-07-02 23:29:07,101 INFO [restartedMain] o.h.c.i.RegionFactoryInitiator] HHH000026: Second-level cache disabled
2025-07-02 23:29:07,104 INFO [restartedMain] o.s.o.j.p.SpringPersistenceUnitInfo] No LoadTimeWeaver setup: ignoring JPA class transformer
2025-07-02 23:29:07,105 INFO [restartedMain] c.z.h.HikariDataSource] HikariPool-6 - Starting...
2025-07-02 23:29:07,117 INFO [restartedMain] c.z.h.p.HikariPool] HikariPool-6 - Added connection org.postgresql.jdbc.PgConnection@6d6aaf53
2025-07-02 23:29:07,118 INFO [restartedMain] c.z.h.HikariDataSource] HikariPool-6 - Start completed.
2025-07-02 23:29:07,119 INFO [restartedMain] o.h.o.c.pooling] HHH10001005: Database info:
	Database JDBC URL [Connecting through datasource 'HikariDataSource (HikariPool-6)']
	Database driver: undefined/unknown
	Database version: 17.4
	Autocommit mode: undefined/unknown
	Isolation level: undefined/unknown
	Minimum pool size: undefined/unknown
	Maximum pool size: undefined/unknown
2025-07-02 23:29:07,139 INFO [restartedMain] o.h.e.t.j.p.i.JtaPlatformInitiator] HHH000489: No JTA platform available (set 'hibernate.transaction.jta.platform' to enable JTA platform integration)
2025-07-02 23:29:07,194 INFO [restartedMain] o.s.o.j.LocalContainerEntityManagerFactoryBean] Initialized JPA EntityManagerFactory for persistence unit 'default'
2025-07-02 23:29:07,220 WARN [restartedMain] o.s.b.a.o.j.JpaBaseConfiguration$JpaWebConfiguration] spring.jpa.open-in-view is enabled by default. Therefore, database queries may be performed during view rendering. Explicitly configure spring.jpa.open-in-view to disable this warning
2025-07-02 23:29:07,244 INFO [restartedMain] o.s.b.a.h.H2ConsoleAutoConfiguration] H2 console available at '/h2-console'. Database available at 'jdbc:postgresql://127.0.0.1:5432/mydatabase?ApplicationName=backend'
2025-07-02 23:29:07,250 INFO [restartedMain] o.s.b.d.a.OptionalLiveReloadServer] LiveReload server is running on port 35729
2025-07-02 23:29:07,253 INFO [restartedMain] o.s.b.w.e.t.TomcatWebServer] Tomcat started on port 8080 (http) with context path '/'
2025-07-02 23:29:07,254 INFO [restartedMain] a.t.b.BackendApplication] Started BackendApplication in 0.502 seconds (process running for 28105.924)
2025-07-02 23:29:07,255 INFO [restartedMain] o.s.b.d.a.ConditionEvaluationDeltaLoggingListener] Condition evaluation unchanged
2025-07-04 11:07:35,214 INFO [SpringApplicationShutdownHook] o.s.b.w.e.t.GracefulShutdown] Commencing graceful shutdown. Waiting for active requests to complete
2025-07-04 11:07:35,216 INFO [tomcat-shutdown] o.s.b.w.e.t.GracefulShutdown] Graceful shutdown complete
2025-07-04 11:07:35,219 INFO [SpringApplicationShutdownHook] o.s.o.j.LocalContainerEntityManagerFactoryBean] Closing JPA EntityManagerFactory for persistence unit 'default'
2025-07-04 11:07:35,220 WARN [SpringApplicationShutdownHook] c.z.h.p.PoolBase] HikariPool-6 - Failed to validate connection org.postgresql.jdbc.PgConnection@6cb70c58 (This connection has been closed.). Possibly consider using a shorter maxLifetime value.
2025-07-04 11:07:35,220 WARN [SpringApplicationShutdownHook] c.z.h.p.PoolBase] HikariPool-6 - Failed to validate connection org.postgresql.jdbc.PgConnection@7f8c1a40 (This connection has been closed.). Possibly consider using a shorter maxLifetime value.
2025-07-04 11:07:35,220 WARN [SpringApplicationShutdownHook] c.z.h.p.PoolBase] HikariPool-6 - Failed to validate connection org.postgresql.jdbc.PgConnection@483779a9 (This connection has been closed.). Possibly consider using a shorter maxLifetime value.
2025-07-04 11:07:35,220 WARN [SpringApplicationShutdownHook] c.z.h.p.PoolBase] HikariPool-6 - Failed to validate connection org.postgresql.jdbc.PgConnection@1cb6793b (This connection has been closed.). Possibly consider using a shorter maxLifetime value.
2025-07-04 11:07:35,220 WARN [SpringApplicationShutdownHook] c.z.h.p.PoolBase] HikariPool-6 - Failed to validate connection org.postgresql.jdbc.PgConnection@60543ace (This connection has been closed.). Possibly consider using a shorter maxLifetime value.
2025-07-04 11:07:35,221 WARN [SpringApplicationShutdownHook] c.z.h.p.PoolBase] HikariPool-6 - Failed to validate connection org.postgresql.jdbc.PgConnection@7f95629e (This connection has been closed.). Possibly consider using a shorter maxLifetime value.
2025-07-04 11:07:35,221 WARN [SpringApplicationShutdownHook] c.z.h.p.PoolBase] HikariPool-6 - Failed to validate connection org.postgresql.jdbc.PgConnection@c1ca6f4 (This connection has been closed.). Possibly consider using a shorter maxLifetime value.
2025-07-04 11:07:35,221 WARN [SpringApplicationShutdownHook] c.z.h.p.PoolBase] HikariPool-6 - Failed to validate connection org.postgresql.jdbc.PgConnection@234c79ed (This connection has been closed.). Possibly consider using a shorter maxLifetime value.
2025-07-04 11:07:35,221 WARN [SpringApplicationShutdownHook] c.z.h.p.PoolBase] HikariPool-6 - Failed to validate connection org.postgresql.jdbc.PgConnection@628fb500 (This connection has been closed.). Possibly consider using a shorter maxLifetime value.
2025-07-04 11:07:35,221 WARN [SpringApplicationShutdownHook] c.z.h.p.PoolBase] HikariPool-6 - Failed to validate connection org.postgresql.jdbc.PgConnection@36daaa5d (This connection has been closed.). Possibly consider using a shorter maxLifetime value.
2025-07-04 11:08:05,222 WARN [SpringApplicationShutdownHook] o.s.b.f.s.DisposableBeanAdapter] Invocation of destroy method failed on bean with name 'inMemoryDatabaseShutdownExecutor': java.sql.SQLTransientConnectionException: HikariPool-6 - Connection is not available, request timed out after 30000ms (total=0, active=0, idle=0, waiting=0)
2025-07-04 11:08:05,222 INFO [SpringApplicationShutdownHook] c.z.h.HikariDataSource] HikariPool-6 - Shutdown initiated...
2025-07-04 11:08:05,341 INFO [SpringApplicationShutdownHook] c.z.h.HikariDataSource] HikariPool-6 - Shutdown completed.
